m, sec
1, 8.6443741956226136e-07
1, 8.5275344085189883e-07
1, 8.5722901296083015e-07
1, 8.5367703295746443e-07
1, 8.5429603889829638e-07
1, 8.4976774612727855e-07
1, 8.4887192118443987e-07
1, 8.5343275581965671e-07
1, 8.5315150316628325e-07
1, 8.5264566901867407e-07
1, 8.5333481759779682e-07
1, 8.5307232270020625e-07
1, 8.5218357454704923e-07
1, 8.5376854806901077e-07
1, 8.6643034585165641e-07
1, 8.5849524673869471e-07
1, 8.5498760324899729e-07
1, 8.537721290951147e-07
1, 8.5301238314422753e-07
1, 8.5293689738762285e-07
1, 8.5337207732178357e-07
1, 8.5784813258503059e-07
1, 8.6229130493397357e-07
1, 8.5837369079705384e-07
1, 8.5251859943366669e-07
1, 8.5193421007850657e-07
1, 8.5225780978660173e-07
1, 8.5378329848605806e-07
1, 8.5911664003026276e-07
1, 8.5729438089764897e-07
1, 9.4195501058916319e-07
1, 8.8890020466217528e-07
1, 8.8791618984631537e-07
1, 8.8931941208307848e-07
1, 8.9638045661824643e-07
1, 8.9107479697424245e-07
1, 8.9908583657728236e-07
1, 8.9460369925382692e-07
1, 8.8727788615370079e-07
1, 8.8893428125184738e-07
1, 9.0037571649577007e-07
1, 8.9467975342727351e-07
1, 8.9886546136767662e-07
1, 8.9926483104079747e-07
1, 8.8783212099539801e-07
1, 8.8937227484937544e-07
1, 8.9100840588710821e-07
1, 8.854935972661261e-07
1, 8.8800602812817817e-07
1, 8.8688138698563153e-07
1, 8.9608843246571889e-07
1, 8.8884498296598441e-07
1, 8.8647386053082946e-07
1, 8.8624157698838583e-07
1, 8.9128758381900865e-07
1, 9.0292154184728385e-07
1, 8.9623292402693056e-07
1, 8.9918445689935243e-07
1, 8.9511007339743593e-07
1, 8.8694064444139986e-07
1, 8.970882492697837e-07
1, 8.9960787060488581e-07
1, 8.926094087640113e-07
1, 9.0497517505539412e-07
1, 9.0584473914013689e-07
1, 8.91548771357863e-07
1, 8.9451931777364649e-07
1, 8.9489128975498763e-07
1, 8.9318638027938462e-07
1, 9.0263147873286084e-07
1, 9.0340591825911117e-07
1, 9.0168114261488374e-07
1, 8.9961460634446233e-07
1, 9.0135956078657736e-07
1, 9.0114151608602348e-07
1, 8.9846640432381885e-07
1, 8.9835181148849126e-07
1, 8.9379805364295619e-07
1, 8.9460494977087911e-07
1, 8.9819026742202251e-07
1, 8.946613935632801e-07
1, 8.9941358572832346e-07
1, 8.9905045262887383e-07
1, 8.9640577958855323e-07
1, 8.886223909306953e-07
1, 8.9987727176710552e-07
1, 9.0383083826927557e-07
1, 8.9318862552591017e-07
1, 8.9949131673145358e-07
1, 9.0181702266094056e-07
1, 8.8976203827786818e-07
1, 8.9744458978797245e-07
1, 9.0317050842403724e-07
1, 8.9621101155767518e-07
1, 8.9798231212041242e-07
1, 8.9765766084115966e-07
1, 8.943099414299316e-07
1, 8.9304342344364614e-07
1, 9.006195957417884e-07
1, 9.1254870421522145e-07
2, 9.0303935672147705e-07
2, 9.7957662249033426e-07
2, 9.0152133218682609e-07
2, 9.0402928128415654e-07
2, 9.0094628241646386e-07
2, 8.9134226348802453e-07
2, 8.911264990392457e-07
2, 9.0260271222845319e-07
2, 8.9251794100608042e-07
2, 8.9771669331868682e-07
2, 9.004825821074182e-07
2, 9.0095213693127529e-07
2, 8.9283556264458835e-07
2, 9.0261908213394537e-07
2, 8.9642256134561115e-07
2, 8.9660456286431237e-07
2, 8.9428344668140131e-07
2, 8.9583074379010936e-07
2, 8.9569631730924489e-07
2, 8.8919649854970839e-07
2, 8.9053848976036893e-07
2, 8.912146009611654e-07
2, 8.911721983587447e-07
2, 8.9348046871304036e-07
2, 8.8927101572366757e-07
2, 9.0176375457197923e-07
2, 8.9946361233048002e-07
2, 8.9609641371465948e-07
2, 8.9311419207765301e-07
2, 8.9036041019819188e-07
2, 9.0020076963717451e-07
2, 9.0439777467757929e-07
2, 9.0498777335469306e-07
2, 8.914411650003731e-07
2, 8.9196073897990074e-07
2, 8.9050609098908233e-07
2, 8.9034818960902238e-07
2, 8.9597341206366965e-07
2, 8.9640630512001822e-07
2, 9.0072926748879337e-07
2, 8.938100835809193e-07
2, 8.9359363705274496e-07
2, 8.9252658067842352e-07
2, 9.0172288664819852e-07
2, 9.04486331319096e-07
2, 8.9322355214073269e-07
2, 9.0011778331072111e-07
2, 9.0312143360873644e-07
2, 8.9352002931797979e-07
2, 9.0023288420871298e-07
2, 9.075203341502113e-07
2, 8.9276138651032693e-07
2, 9.0274884773894054e-07
2, 8.8791975960121816e-07
2, 8.9363041250015273e-07
2, 8.973926487658713e-07
2, 9.006376983299465e-07
2, 9.0231419264415357e-07
2, 9.1463499064484785e-07
2, 9.1795785409996052e-07
2, 9.0508758430623554e-07
2, 9.2088613462477218e-07
2, 8.800840883455809e-07
2, 8.8079868019227391e-07
2, 8.876502245600936e-07
2, 8.8976847896279084e-07
2, 8.8932194431853212e-07
2, 8.9419346904114396e-07
2, 8.9283448268554547e-07
2, 8.9034972428766227e-07
2, 8.9663923523358389e-07
2, 8.9720047289618709e-07
2, 8.9146208210183533e-07
2, 8.9440951768967082e-07
2, 8.8423715610492508e-07
2, 8.9159270030607488e-07
2, 8.8347129462366977e-07
2, 8.8803406473991527e-07
2, 8.9210784076953172e-07
2, 8.944403249423679e-07
2, 8.934028821818014e-07
2, 8.8687151725022279e-07
2, 8.9472912872641565e-07
2, 8.9204622626413756e-07
2, 8.813787318782032e-07
2, 8.8151884235403034e-07
2, 8.8001349312814589e-07
2, 8.8055279057019361e-07
2, 8.819020004544565e-07
2, 8.790930269839089e-07
2, 8.8132564336525288e-07
2, 8.8354530023808232e-07
2, 8.8111834806896837e-07
2, 8.8330895972753901e-07
2, 8.7904357622773462e-07
2, 8.8309546887674531e-07
2, 8.8156726999111136e-07
2, 8.8055961136414869e-07
2, 8.8351608450397475e-07
2, 8.7945225546554268e-07
4, 9.9597441256009927e-07
4, 1.0089507494947055e-06
4, 1.0162369589891159e-06
4, 1.0429968245588466e-06
4, 1.0345402382515178e-06
4, 1.0122413543879033e-06
4, 1.0150236137967021e-06
4, 1.0096135765339564e-06
4, 1.0070299037891213e-06
4, 1.0106339050375265e-06
4, 1.0131523295023874e-06
4, 1.0164262244702259e-06
4, 1.0125574788941898e-06
4, 1.0175880758110222e-06
4, 1.0252766875895944e-06
4, 1.0078750622588229e-06
4, 1.0096186918172296e-06
4, 1.0245653221957284e-06
4, 9.9253751056528664e-07
4, 1.0081327588628328e-06
4, 1.0245919216687494e-06
4, 1.012293302931367e-06
4, 1.003483307386338e-06
4, 1.0096060741184892e-06
4, 9.9472321427146338e-07
4, 1.0028445790149522e-06
4, 1.0255113085823939e-06
4, 1.0105819564940626e-06
4, 1.0134271907236032e-06
4, 1.0340308697104644e-06
4, 1.0269369948671282e-06
4, 1.0219134456739166e-06
4, 1.0173665272088099e-06
4, 1.0244573328821822e-06
4, 1.0234516681906623e-06
4, 1.0238793058723055e-06
4, 1.0200704659470473e-06
4, 1.0221513631826034e-06
4, 1.275007204121611e-06
4, 1.0100412142155998e-06
4, 1.0110550633603569e-06
4, 1.008915169857716e-06
4, 1.0097873824922852e-06
4, 1.0081988028535386e-06
4, 1.0095800430102764e-06
4, 1.0117880266169322e-06
4, 1.0064996194231281e-06
4, 1.00808297010564e-06
4, 1.0164026941671689e-06
4, 1.0119542164868317e-06
4, 1.0077761667822068e-06
4, 1.021776242409232e-06
4, 1.0097639658621899e-06
4, 1.0120882369085908e-06
4, 1.0099749428789708e-06
4, 1.0014641345689457e-06
4, 1.0106273120057521e-06
4, 1.0167662202984542e-06
4, 1.0051582784759217e-06
4, 1.0096316505348552e-06
4, 1.0159582328872047e-06
4, 1.0047865678913992e-06
4, 1.0194402630477834e-06
4, 1.0098256902803538e-06
4, 1.0151986701576088e-06
4, 1.009284606983006e-06
4, 1.007048318808905e-06
4, 1.0072863499905532e-06
4, 1.0086467879953132e-06
4, 1.0126795636549779e-06
4, 1.0116104694508697e-06
4, 1.0063169469737926e-06
4, 1.0098470607971396e-06
4, 1.0083978442093486e-06
4, 1.0143635149085303e-06
4, 1.0277067881632707e-06
4, 1.0186695603679479e-06
4, 1.0291453194926689e-06
4, 1.0302237348796304e-06
4, 1.0096878049778994e-06
4, 1.0145291364136217e-06
4, 1.0092567571074073e-06
4, 1.0091956010540515e-06
4, 1.0056591215448531e-06
4, 1.0167863404126623e-06
4, 1.0236804918624188e-06
4, 1.0103328990351363e-06
4, 9.8892862137953146e-07
4, 1.0155677662640136e-06
4, 1.0189245288208788e-06
4, 1.014159926634255e-06
4, 1.0064647218239086e-06
4, 1.0125111003258458e-06
4, 1.0143220242775361e-06
4, 1.0199721388352394e-06
4, 1.0185339485247261e-06
4, 1.0184608568103994e-06
4, 1.0275492374384546e-06
4, 1.0021550388297188e-06
4, 1.0144640018066091e-06
8, 1.024090213719769e-06
8, 1.0149970319697646e-06
8, 1.0218365813046512e-06
8, 1.034086075953981e-06
8, 1.0360664719193337e-06
8, 1.0166259940321748e-06
8, 1.0207470452782583e-06
8, 1.0201157826983931e-06
8, 1.0128391005075178e-06
8, 1.0139315916702227e-06
8, 1.0318883638106121e-06
8, 1.0270358026682357e-06
8, 1.0325259912994567e-06
8, 1.0230672819194835e-06
8, 1.0269601057150145e-06
8, 1.0191030802161106e-06
8, 1.0212866986324533e-06
8, 1.016695780712772e-06
8, 1.0143609957081649e-06
8, 1.0280882858316404e-06
8, 1.0043142142021164e-06
8, 1.0123160413803052e-06
8, 1.0161538541767984e-06
8, 1.0185006870448313e-06
8, 1.0157694591380691e-06
8, 1.0234973679119592e-06
8, 1.01798694796291e-06
8, 1.0009310377613056e-06
8, 1.0109612250403715e-06
8, 1.0020610364233543e-06
8, 1.022168920480655e-06
8, 1.0110585172204877e-06
8, 1.0127436268728246e-06
8, 1.02524839983587e-06
8, 1.0255766472846728e-06
8, 1.0217965733053512e-06
8, 1.0173834182007417e-06
8, 1.0333252420127464e-06
8, 1.0223321349323451e-06
8, 1.0208477472310419e-06
8, 1.0233750707322805e-06
8, 1.0236639921363167e-06
8, 1.020744544778302e-06
8, 1.026485238041504e-06
8, 1.0183681605471498e-06
8, 1.0257662306449924e-06
8, 1.0210841581359968e-06
8, 1.0186532175421628e-06
8, 1.0137872446272936e-06
8, 1.0171092724782652e-06
8, 1.0342476991784261e-06
8, 1.006283471576755e-06
8, 1.0170451687521139e-06
8, 1.0187491458132117e-06
8, 1.0113181145795823e-06
8, 1.013358749862063e-06
8, 1.0193183505305262e-06
8, 1.0128541035072553e-06
8, 1.0152359433746758e-06
8, 1.0183758893651965e-06
8, 1.0156505717310581e-06
8, 1.0222984918420245e-06
8, 1.0170408497067349e-06
8, 1.0192522009407745e-06
8, 1.017235434066967e-06
8, 1.0240131528574808e-06
8, 1.0252806790171235e-06
8, 1.0110080525850068e-06
8, 1.006641270388677e-06
8, 1.0006437075845142e-06
8, 1.0112678772622793e-06
8, 1.0164023129451789e-06
8, 1.0151645654668335e-06
8, 1.0280337294689585e-06
8, 1.0196522809337749e-06
8, 1.0232805063702987e-06
8, 1.0155378219148489e-06
8, 1.0276379685213369e-06
8, 1.0195597624353935e-06
8, 1.030325324019776e-06
8, 1.0143512210265176e-06
8, 1.0149754367428696e-06
8, 1.0111048901287671e-06
8, 1.0258012376443798e-06
8, 1.0365517962290248e-06
8, 1.0054021590012644e-06
8, 1.0127484005545591e-06
8, 1.0264886478141717e-06
8, 1.0231618462814655e-06
8, 1.0329069765655186e-06
8, 1.0148683698811065e-06
8, 1.0096302771091113e-06
8, 1.0189062226741e-06
8, 9.9668177906291972e-07
8, 1.0095168453383685e-06
8, 1.0163368453099607e-06
8, 1.0168685425279313e-06
8, 1.0103206424152149e-06
8, 1.0234430388674552e-06
8, 1.0205838308265682e-06
16, 1.1902902477133152e-06
16, 1.1919360842397586e-06
16, 1.1939137243188958e-06
16, 1.185910440817759e-06
16, 1.1873099245694626e-06
16, 1.1894507392724589e-06
16, 1.1692143587614631e-06
16, 1.1841782444625322e-06
16, 1.1834273684775323e-06
16, 1.1693698064532729e-06
16, 1.1699579623398286e-06
16, 1.1518296707019741e-06
16, 1.1823737785663763e-06
16, 1.1863536030970415e-06
16, 1.1791257399532957e-06
16, 1.1789262032962647e-06
16, 1.1741082339009871e-06
16, 1.1663208499718084e-06
16, 1.1697202455479671e-06
16, 1.1718274253702792e-06
16, 1.1716233434591018e-06
16, 1.1527173588367833e-06
16, 1.1773230921587984e-06
16, 1.1660167724694085e-06
16, 1.171069276978645e-06
16, 1.1722955865473676e-06
16, 1.155205430956571e-06
16, 1.173918242277664e-06
16, 1.1862363355400622e-06
16, 1.195511835676801e-06
16, 1.2275336056642266e-06
16, 1.2142541911498462e-06
16, 1.1982839861807443e-06
16, 1.1668053740638241e-06
16, 1.1793107317970577e-06
16, 1.1909933985297769e-06
16, 1.1912952034051039e-06
16, 1.2008797808238038e-06
16, 1.2054777599183917e-06
16, 1.182209694891688e-06
16, 1.2142637361835536e-06
16, 1.1847204932822083e-06
16, 1.1938723625061628e-06
16, 1.2029855970698721e-06
16, 1.203295128877248e-06
16, 1.2040500955909795e-06
16, 1.1846882219777683e-06
16, 1.1397465670789493e-06
16, 1.1286316025891264e-06
16, 1.2010538640576145e-06
16, 1.1994812061229294e-06
16, 1.1807256694128596e-06
16, 1.2072590450184004e-06
16, 1.2087317073618627e-06
16, 1.1857936277861942e-06
16, 1.2219238529966306e-06
16, 1.1916465515506273e-06
16, 1.2082012762029674e-06
16, 1.2001061785680717e-06
16, 1.2047705183731979e-06
16, 1.1925915098876823e-06
16, 1.1997771021678659e-06
16, 1.1972231238629541e-06
16, 1.1918969950540989e-06
16, 1.2174381416794612e-06
16, 1.1757704333423578e-06
16, 1.1969713167832385e-06
16, 1.1915388290273556e-06
16, 1.2059059228589908e-06
16, 1.2038332869681922e-06
16, 1.2100607396742959e-06
16, 1.1922810690294772e-06
16, 1.1919442656972224e-06
16, 1.3445266292931803e-06
16, 1.1843755084924899e-06
16, 1.211198416787162e-06
16, 1.1884639645972561e-06
16, 1.1927033231396858e-06
16, 1.1881235250616841e-06
16, 1.1928874059326186e-06
16, 1.2114811315950735e-06
16, 1.195276391512013e-06
16, 1.2001325410421212e-06
16, 1.1765535806317979e-06
16, 1.185725448973997e-06
16, 1.1720419613659934e-06
16, 1.1934251094981483e-06
16, 1.0876320466115569e-06
16, 1.1834191870200685e-06
16, 1.1850563875636337e-06
16, 1.1834978199168028e-06
16, 1.175462265111226e-06
16, 1.1882871542109577e-06
16, 1.1706097517844349e-06
16, 1.1803765938944093e-06
16, 1.1620583106332317e-06
16, 1.1365067099233323e-06
16, 1.1767349362722427e-06
16, 1.2031024101014367e-06
16, 1.1744609456227545e-06
32, 1.124297155112755e-06
32, 1.1265495928322396e-06
32, 1.1547409543176978e-06
32, 1.1315060461439738e-06
32, 1.1485642412813698e-06
32, 1.1307618966916713e-06
32, 1.1098148619256369e-06
32, 1.1346961666898029e-06
32, 1.1265359637213915e-06
32, 1.1253311503224256e-06
32, 1.1127651101205407e-06
32, 1.1068791514489709e-06
32, 1.1233022300208488e-06
32, 1.1053908525443659e-06
32, 1.102218904146334e-06
32, 1.1247460071633502e-06
32, 1.1226489413075331e-06
32, 1.1350268997797152e-06
32, 1.1281196664019328e-06
32, 1.1226380380188547e-06
32, 1.1244734249463896e-06
32, 1.1400723966156565e-06
32, 1.1137736643232951e-06
32, 1.1263360700956206e-06
32, 1.1194833531612303e-06
32, 1.1171182481254019e-06
32, 1.1248686691609824e-06
32, 1.1111069016340302e-06
32, 1.106324900941151e-06
32, 1.1105444736597015e-06
32, 1.1295879759439609e-06
32, 1.1359191522365664e-06
32, 1.1279361277091793e-06
32, 1.1251594235257406e-06
32, 1.097877578037541e-06
32, 1.0986753353258459e-06
32, 1.1387721794407542e-06
32, 1.1128232609934924e-06
32, 1.109917534560692e-06
32, 1.1143815226671172e-06
32, 1.1350541580014112e-06
32, 1.1175398419543011e-06
32, 1.1213696221025978e-06
32, 1.1460528504557725e-06
32, 1.1273936890974277e-06
32, 1.146846973314518e-06
32, 1.1258917610819748e-06
32, 1.1344781009162346e-06
32, 1.1232368102887781e-06
32, 1.1244770593759491e-06
32, 1.1323901211343161e-06
32, 1.1345089935674901e-06
32, 1.1504087142828034e-06
32, 1.1236729418359151e-06
32, 1.1377509047345418e-06
32, 1.1179114623767573e-06
32, 1.0967863405623088e-06
32, 1.115248334117052e-06
32, 1.1238383083808713e-06
32, 1.1475902141594306e-06
32, 1.1448707522415533e-06
32, 1.143883096008766e-06
32, 1.1192607443507124e-06
32, 1.1765248164898011e-06
32, 1.1104308977359678e-06
32, 1.1616236552959535e-06
32, 1.1326527086699882e-06
32, 1.1185865576674298e-06
32, 1.139098369493717e-06
32, 1.1353758050174247e-06
32, 1.1345217140709482e-06
32, 1.1426101370555598e-06
32, 1.151117428046901e-06
32, 1.1289237839419668e-06
32, 1.1233894563302761e-06
32, 1.1348242803317744e-06
32, 1.1220256366380831e-06
32, 1.1221528416726648e-06
32, 1.1365324622247276e-06
32, 1.136884093284607e-06
32, 1.1315651056243152e-06
32, 1.1108079698027634e-06
32, 1.1178696664368234e-06
32, 1.1138318151962467e-06
32, 1.1141043974132073e-06
32, 1.1328807691248452e-06
32, 1.1025032982593629e-06
32, 1.1252203002208617e-06
32, 1.1133293553096493e-06
32, 1.1400814826895552e-06
32, 1.1303939106987744e-06
32, 1.1208026510913198e-06
32, 1.1084283270486972e-06
32, 1.1127151367140979e-06
32, 1.1243771125630634e-06
32, 1.134176443262798e-06
32, 1.1299005368860757e-06
32, 1.110360934966948e-06
32, 1.1013520926963992e-06
32, 1.1136210182817971e-06
64, 1.2021867620085183e-06
64, 1.1819953981198762e-06
64, 1.204256367729886e-06
64, 1.2010757105159945e-06
64, 1.2050442702588979e-06
64, 1.1957582761669717e-06
64, 1.2168664390813072e-06
64, 1.2006164032813402e-06
64, 1.2032124876511259e-06
64, 1.1812837442227042e-06
64, 1.1982998972283006e-06
64, 1.1952263511877078e-06
64, 1.2000300149936192e-06
64, 1.2141360118839941e-06
64, 1.1842411018719217e-06
64, 1.2100494483061004e-06
64, 1.2093250863036217e-06
64, 1.1900523368842886e-06
64, 1.2074678874852365e-06
64, 1.1945455598319949e-06
64, 1.2023174739488153e-06
64, 1.1832916248611539e-06
64, 1.1962756775973135e-06
64, 1.1858786320128636e-06
64, 1.211886677244718e-06
64, 1.235471105250234e-06
64, 1.1897963593345404e-06
64, 1.2095138924396061e-06
64, 1.1991259240732322e-06
64, 1.1955077449480693e-06
64, 1.1823439632940013e-06
64, 1.2012826710881314e-06
64, 1.2082902834429378e-06
64, 1.2056288431030035e-06
64, 1.1964227285301477e-06
64, 1.2053910199894078e-06
64, 1.2055525944711637e-06
64, 1.2312701687245805e-06
64, 1.2093704723940025e-06
64, 1.2283200728498241e-06
64, 1.2050551629205894e-06
64, 1.1910163374439782e-06
64, 1.2061934460673416e-06
64, 1.2112276712123878e-06
64, 1.1967277230575072e-06
64, 1.2054364060797887e-06
64, 1.2100966498400965e-06
64, 1.1837672710883455e-06
64, 1.1982163868219997e-06
64, 1.2080088896825765e-06
64, 1.1971634295251633e-06
64, 1.1930786813908851e-06
64, 1.230476819864723e-06
64, 1.2343437147651731e-06
64, 1.2138273864694042e-06
64, 1.1896565701761674e-06
64, 1.1995507378791972e-06
64, 1.2029111240109969e-06
64, 1.1638899789451391e-06
64, 1.1246037791114569e-06
64, 1.1160929794432359e-06
64, 1.1275484286553679e-06
64, 1.1145988693478977e-06
64, 1.1615662111176384e-06
64, 1.2129124028873258e-06
64, 1.2283799824891268e-06
64, 1.2286105438282614e-06
64, 1.2057577395996852e-06
64, 1.2234546839609945e-06
64, 1.2161039527629086e-06
64, 1.1966514744256672e-06
64, 1.206451239060705e-06
64, 1.2085825698649906e-06
64, 1.2196912693466128e-06
64, 1.2094394592513815e-06
64, 1.2084228108268499e-06
64, 1.213533284603736e-06
64, 1.2214776658640037e-06
64, 1.2197693334220678e-06
64, 1.2000173068883127e-06
64, 1.1946817181031374e-06
64, 1.2053837582149468e-06
64, 1.225012334582866e-06
64, 1.1942659815152485e-06
64, 1.1841594069092362e-06
64, 1.2602083399514241e-06
64, 1.1989225943883259e-06
64, 1.2082902834429378e-06
64, 1.2161511542969047e-06
64, 1.2021413759181375e-06
64, 1.2017456092100161e-06
64, 1.2157680956940902e-06
64, 1.203375877576497e-06
64, 1.1965425478087532e-06
64, 1.19860489175566e-06
64, 1.2034630188700283e-06
64, 1.178684028965688e-06
64, 1.2036518250060127e-06
64, 1.2014061212539673e-06
64, 1.2267370060173392e-06
128, 1.5125657044032205e-06
128, 1.4853109297585395e-06
128, 1.5262528848091452e-06
128, 1.5261622892279569e-06
128, 1.5053869105498614e-06
128, 1.4998098465719111e-06
128, 1.5074524898009542e-06
128, 1.5289816237145361e-06
128, 1.5649009597440638e-06
128, 1.5268399441752452e-06
128, 1.5140550957579557e-06
128, 1.5366170192970839e-06
128, 1.5329315910543449e-06
128, 1.5311957797187776e-06
128, 1.5102500813480482e-06
128, 1.5550441605107793e-06
128, 1.5262057751069273e-06
128, 1.4977805055532938e-06
128, 1.571992781839482e-06
128, 1.5189617524351127e-06
128, 1.5171969505135652e-06
128, 1.5034626604054225e-06
128, 1.5115220433079315e-06
128, 1.527057373570097e-06
128, 1.5282206208325545e-06
128, 1.5261949036371847e-06
128, 1.5460570788569024e-06
128, 1.5383528306326514e-06
128, 1.5588564225671821e-06
128, 1.5198133508982824e-06
128, 1.520103256758085e-06
128, 1.5073981324522412e-06
128, 1.5213172375460079e-06
128, 1.4964360671284598e-06
128, 1.4976899099721054e-06
128, 1.4964179480122221e-06
128, 1.516247508822712e-06
128, 1.5113770903780303e-06
128, 1.5168708064212873e-06
128, 1.4920258742362145e-06
128, 1.5131853781785483e-06
128, 1.5172005743368127e-06
128, 1.4924752283189084e-06
128, 1.494903189894754e-06
128, 1.5152400859598983e-06
128, 1.5120583691485662e-06
128, 1.5033974315869669e-06
128, 1.4980812828828389e-06
128, 1.5397407549364558e-06
128, 1.4972949132381246e-06
128, 1.5034227983496997e-06
128, 1.5721413585926309e-06
128, 1.51162713418211e-06
128, 1.4722470469511901e-06
128, 1.504988289992633e-06
128, 1.5241112052698544e-06
128, 1.5208497643470764e-06
128, 1.5196249120894109e-06
128, 1.4955554780793098e-06
128, 1.4963092333147961e-06
128, 1.503295964536036e-06
128, 1.5887819549452933e-06
128, 1.5136854657867076e-06
128, 1.4935949897023954e-06
128, 1.4932471026706325e-06
128, 1.5020384978691428e-06
128, 1.4924679806724133e-06
128, 1.4807992698153633e-06
128, 1.5064378192916455e-06
128, 1.5208570119935715e-06
128, 1.5008426361974575e-06
128, 1.543803060796938e-06
128, 1.5436073743415713e-06
128, 1.5180521727999824e-06
128, 1.5082062450364405e-06
128, 1.5389435138219989e-06
128, 1.513859409302589e-06
128, 1.4917613351391447e-06
128, 1.4919062880690459e-06
128, 1.5138267948933612e-06
128, 1.5324097605067004e-06
128, 1.5299962942238448e-06
128, 1.541762848308578e-06
128, 1.5167149820216435e-06
128, 1.4967187253417673e-06
128, 1.5471877117101321e-06
128, 1.5201866046927783e-06
128, 1.5033974315869669e-06
128, 1.4904168967143108e-06
128, 1.4938559049762177e-06
128, 1.4905509781744693e-06
128, 1.5014804290890229e-06
128, 1.5636398692539229e-06
128, 1.4798063422455397e-06
128, 1.5121634600227444e-06
128, 1.5039663718368294e-06
128, 1.5072712986385775e-06
128, 1.4964070765424795e-06
128, 1.5248867034448261e-06
128, 1.5185993701103597e-06
256, 1.7637805652248767e-06
256, 1.6751677490944087e-06
256, 1.7137562697247941e-06
256, 1.801733765029168e-06
256, 1.7294588015061016e-06
256, 1.7115759641625161e-06
256, 1.6997431137765101e-06
256, 1.7355521057927332e-06
256, 1.7009126816609108e-06
256, 1.7034900627394979e-06
256, 1.6866829390673674e-06
256, 1.6906753528949826e-06
256, 1.7597592731778937e-06
256, 1.7469662219979043e-06
256, 1.7339782428371814e-06
256, 1.6910291110822397e-06
256, 1.7012086834094322e-06
256, 1.6531120090521583e-06
256, 1.6707277228665906e-06
256, 1.7051866581273634e-06
256, 1.7072442312573277e-06
256, 1.7528285005295923e-06
256, 1.7462226078491802e-06
256, 1.7131859248922778e-06
256, 1.7218782689220222e-06
256, 1.7323610625525777e-06
256, 1.7113593775172567e-06
256, 1.7167018481003221e-06
256, 1.7242318438005077e-06
256, 1.7137273915054262e-06
256, 1.7273001546083495e-06
256, 1.7051000234692596e-06
256, 1.6927473651346311e-06
256, 1.7120813330014546e-06
256, 1.7508359033932058e-06
256, 1.7136479764021644e-06
256, 1.6900472516237304e-06
256, 1.7367000150126081e-06
256, 1.7194741571596426e-06
256, 1.7041398226752762e-06
256, 1.7087242399999338e-06
256, 1.6934837597285129e-06
256, 1.6891375877136409e-06
256, 1.7440062045126923e-06
256, 1.7024576663970947e-06
256, 1.7074030614638513e-06
256, 1.7046740697335826e-06
256, 1.7073597441347994e-06
256, 1.8110469907753228e-06
256, 1.7198712326759516e-06
256, 1.7114604512850444e-06
256, 1.7462081687394963e-06
256, 1.804679343404696e-06
256, 1.7763353710950806e-06
256, 1.6898739823075227e-06
256, 1.7006672167962836e-06
256, 1.7297187054804129e-06
256, 1.7053888056629388e-06
256, 1.7324837949848914e-06
256, 1.8136388109635936e-06
256, 1.7315380333005919e-06
256, 1.8143246686735818e-06
256, 1.7477242752563123e-06
256, 1.6950359640195388e-06
256, 1.7860095745833346e-06
256, 1.6621725503788438e-06
256, 1.8729474539904631e-06
256, 1.8867656819580137e-06
256, 1.7474860299465267e-06
256, 1.8368785579999287e-06
256, 1.7946080644001332e-06
256, 1.7617735289788062e-06
256, 1.8545809064724648e-06
256, 1.7587918528290681e-06
256, 1.8435783048932868e-06
256, 1.7795047556707102e-06
256, 1.7453779199326685e-06
256, 1.6892170028169026e-06
256, 1.6607430785201316e-06
256, 1.7204632361729939e-06
256, 1.7330685789270919e-06
256, 1.6902493991593058e-06
256, 1.7007249732350194e-06
256, 1.7105652264846388e-06
256, 1.6821057412975518e-06
256, 1.7054393425468326e-06
256, 1.6614939122236976e-06
256, 1.703858260036439e-06
256, 1.717885855094407e-06
256, 1.690935256869294e-06
256, 1.7966584179752557e-06
256, 1.8034447995267172e-06
256, 1.8221939834513406e-06
256, 1.7661197009936783e-06
256, 1.6785537203152974e-06
256, 1.6795572384383326e-06
256, 6.5044146175532378e-06
256, 1.6896429565525794e-06
256, 1.8696842152018881e-06
256, 1.8023185489713683e-06
512, 4.8806317723714392e-06
512, 1.9915688496369583e-06
512, 1.9517225714830253e-06
512, 2.2503619010631855e-06
512, 2.0063697145535394e-06
512, 2.1405518054962159e-06
512, 1.9655777857853817e-06
512, 2.3244092097649207e-06
512, 1.9793900159689095e-06
512, 1.9916261617953962e-06
512, 2.147859105697045e-06
512, 2.0705736600435696e-06
512, 1.9780001961267913e-06
512, 2.1703541278839112e-06
512, 1.9621104001998903e-06
512, 1.9809231162071228e-06
512, 1.9664947803203875e-06
512, 1.9723979326394888e-06
512, 2.0306700697311987e-06
512, 1.9646321351711566e-06
512, 1.9871128293184135e-06
512, 2.2230813136467565e-06
512, 2.2308327830754794e-06
512, 1.9894339717351471e-06
512, 2.1157786250114443e-06
512, 2.1898402617527887e-06
512, 2.181529998779297e-06
512, 2.1749964127173789e-06
512, 2.1891238597723155e-06
512, 2.2474103249036347e-06
512, 2.0068425398606522e-06
512, 1.9716672026194059e-06
512, 2.1602528599592357e-06
512, 1.9695179966779855e-06
512, 1.9855654010405909e-06
512, 1.9823845762472885e-06
512, 2.1829484747006345e-06
512, 2.0505860447883608e-06
512, 2.0135910465167117e-06
512, 1.9913396010032067e-06
512, 1.9872561097145082e-06
512, 1.9852358561295729e-06
512, 2.0141641681010906e-06
512, 2.1392766099709731e-06
512, 2.245762600348546e-06
512, 1.9791177832163297e-06
512, 2.1666001815062304e-06
512, 1.9618095113680912e-06
512, 2.3616621127495398e-06
512, 1.9852358561295729e-06
512, 1.9886459295566264e-06
512, 1.983344554901123e-06
512, 2.0756314580257122e-06
512, 1.9968988803716807e-06
512, 2.1711708261416509e-06
512, 1.9542586344939013e-06
512, 1.9733579112933232e-06
512, 1.9662941877658549e-06
512, 1.9854937608425434e-06
512, 2.2345437453343317e-06
512, 1.9910100560921891e-06
512, 2.1698669745371892e-06
512, 1.9895629240916326e-06
512, 1.9850352635750403e-06
512, 1.9659932989340562e-06
512, 1.9942338650043193e-06
512, 2.1751253650738644e-06
512, 2.0553859380575329e-06
512, 1.9878722154177153e-06
512, 2.1847967918102558e-06
512, 2.1128843610103313e-06
512, 2.1323561668395995e-06
512, 1.9698761976682221e-06
512, 2.1624737060987032e-06
512, 2.128788484976842e-06
512, 1.9947496744302603e-06
512, 1.9644172145770147e-06
512, 1.9802353703058681e-06
512, 2.0094788991487942e-06
512, 1.948484434531285e-06
512, 1.9627838180615353e-06
512, 1.9729137420654298e-06
512, 2.0156542842204753e-06
512, 1.9686439862618079e-06
512, 1.9493011327890247e-06
512, 2.0000940332045923e-06
512, 1.9643169182997482e-06
512, 2.0574205196820771e-06
512, 1.9734152234517611e-06
512, 1.9753351807594299e-06
512, 1.9754498050763057e-06
512, 1.972283308322613e-06
512, 1.9768109688392054e-06
512, 2.0160984534483691e-06
512, 1.9629987386556772e-06
512, 1.9957383091633136e-06
512, 1.9488569635611313e-06
512, 2.1671159909321714e-06
512, 1.8239307862061722e-06
512, 1.8446204754022451e-06
1024, 3.4615002346761301e-06
1024, 3.1955653067791099e-06
1024, 3.5317163124228967e-06
1024, 3.132856253421668e-06
1024, 3.1247283473159326e-06
1024, 3.1992623751813714e-06
1024, 3.4618671193267359e-06
1024, 2.8133843884323584e-06
1024, 2.8152752554777898e-06
1024, 3.1662992004192238e-06
1024, 2.7721239761872725e-06
1024, 2.7863760337685095e-06
1024, 2.800684535142147e-06
1024, 2.9258768666874278e-06
1024, 2.8231209426215202e-06
1024, 2.796761691570282e-06
1024, 2.8639015826311978e-06
1024, 2.8059055859392341e-06
1024, 2.7600167827172712e-06
1024, 2.7867429184191153e-06
1024, 2.7934315078186267e-06
1024, 2.8233749396873242e-06
1024, 2.7799978852272034e-06
1024, 2.7755388256275291e-06
1024, 2.7902142116517732e-06
1024, 2.8012207511699563e-06
1024, 2.7906657619909807e-06
1024, 3.0524238492503311e-06
1024, 3.1715766950087114e-06
1024, 3.1716895825935132e-06
1024, 3.14321368932724e-06
1024, 3.5410295381690515e-06
1024, 3.221981001622749e-06
1024, 3.1825550126306936e-06
1024, 3.4397693746017688e-06
1024, 3.1492249532179399e-06
1024, 3.5670783483620845e-06
1024, 2.7965076945044776e-06
1024, 2.7831869594978564e-06
1024, 3.1259983326449539e-06
1024, 2.7740148432327039e-06
1024, 2.7610045490842876e-06
1024, 2.7544852910619793e-06
1024, 2.7561221610416067e-06
1024, 2.7902988773403745e-06
1024, 2.7399510145187378e-06
1024, 2.7395841298681316e-06
1024, 2.6583615126031819e-06
1024, 2.4082590684746252e-06
1024, 2.3918621467821524e-06
1024, 2.3785131898793308e-06
1024, 2.3736308018366494e-06
1024, 2.4163023088917588e-06
1024, 2.3941763422705908e-06
1024, 2.3881933002760918e-06
1024, 2.4082590684746252e-06
1024, 2.4131132346211057e-06
1024, 2.4126334623856978e-06
1024, 2.3850606697978396e-06
1024, 2.5669790127060632e-06
1024, 2.8199036464546667e-06
1024, 2.7969028010512842e-06
1024, 2.7805623231512127e-06
1024, 2.8070909055796536e-06
1024, 2.7025852239493169e-06
1024, 2.6341753475593799e-06
1024, 3.1788579442284326e-06
1024, 2.8047767100912151e-06
1024, 2.7997249906713311e-06
1024, 2.7913995312921927e-06
1024, 2.8313617363120569e-06
1024, 2.8375423315799599e-06
1024, 2.8092075477946889e-06
1024, 2.7846827199964812e-06
1024, 2.7989065556815178e-06
1024, 2.852725711735812e-06
1024, 2.9124432440960044e-06
1024, 2.7876460190975303e-06
1024, 2.8134972760171602e-06
1024, 3.5128923076571841e-06
1024, 2.784061838280071e-06
1024, 2.798821889992916e-06
1024, 2.8394896424177922e-06
1024, 2.7950683777982537e-06
1024, 2.7928670698946174e-06
1024, 2.7937983924692329e-06
1024, 2.8365545652129431e-06
1024, 2.9331863378033494e-06
1024, 2.8070062398910522e-06
1024, 2.7931775107528223e-06
1024, 2.8764038826480056e-06
1024, 2.7874484658241272e-06
1024, 2.7953505967602585e-06
1024, 2.778107018181772e-06
1024, 2.835933683496533e-06
1024, 3.157465746908477e-06
1024, 3.0447192715876028e-06
1024, 2.8436947049516621e-06
1024, 2.5073743679306726e-06
1024, 2.4303568131995923e-06
2048, 4.1161170777152569e-06
2048, 3.9798700634170978e-06
2048, 3.9625584202654223e-06
2048, 4.5876950025558472e-06
2048, 3.5471885519869189e-06
2048, 3.4730662317836984e-06
2048, 3.4804620286997626e-06
2048, 3.4605755525476794e-06
2048, 3.4403055906295776e-06
2048, 3.435868112479939e-06
2048, 3.4802428939763238e-06
2048, 3.5443398005822124e-06
2048, 4.5987065224086539e-06
2048, 3.5237959202598122e-06
2048, 3.5323969581547906e-06
2048, 3.5522286506260141e-06
2048, 4.1993334889411926e-06
2048, 3.4491805469288545e-06
2048, 3.5105382694917567e-06
2048, 3.5256037817281834e-06
2048, 3.5004580722135655e-06
2048, 3.5139348577050601e-06
2048, 3.4684644025914807e-06
2048, 3.4932814100209405e-06
2048, 3.4776132772950565e-06
2048, 3.4617807935265933e-06
2048, 3.5711838042034822e-06
2048, 4.2583902969079856e-06
2048, 3.9771856630549707e-06
2048, 3.9414119194535648e-06
2048, 3.9174714509178607e-06
2048, 3.929578644387862e-06
2048, 3.9650784695849695e-06
2048, 4.0166846969548395e-06
2048, 3.9311125874519348e-06
2048, 3.9145679158322949e-06
2048, 3.9317152079413922e-06
2048, 3.9220184964292188e-06
2048, 4.5480864012942591e-06
2048, 3.9209776064928839e-06
2048, 3.9364266044953293e-06
2048, 3.9603670730310324e-06
2048, 4.377216100692749e-06
2048, 3.6044374984853406e-06
2048, 3.5119626451941098e-06
2048, 3.5553513204350191e-06
2048, 3.527192508473116e-06
2048, 4.1843775440664853e-06
2048, 4.0848355959443485e-06
2048, 3.0684339649537029e-06
2048, 3.0160059823709376e-06
2048, 2.9730555765769063e-06
2048, 2.9905863544520209e-06
2048, 3.6444295855129465e-06
2048, 2.948731622275184e-06
2048, 2.9588666032342349e-06
2048, 3.0665165361236122e-06
2048, 2.944677629891564e-06
2048, 2.9822044512804816e-06
2048, 2.9709737967042361e-06
2048, 4.3659306624356439e-06
2048, 3.524672459153568e-06
2048, 3.5534886752857881e-06
2048, 3.5939738154411316e-06
2048, 4.2589381337165833e-06
2048, 3.4623286303351906e-06
2048, 3.4983215086600361e-06
2048, 3.4707105335067299e-06
2048, 3.4689574557192187e-06
2048, 3.4686287536340602e-06
2048, 3.4784898161888123e-06
2048, 3.5890432841637554e-06
2048, 3.4937744631486781e-06
2048, 3.4922953037654654e-06
2048, 3.4634790876332452e-06
2048, 3.4815029186360974e-06
2048, 3.7552021882113287e-06
2048, 3.4643008428461413e-06
2048, 3.5510234096471002e-06
2048, 3.523412434493794e-06
2048, 3.4963492961490854e-06
2048, 3.4809002981466405e-06
2048, 3.4718062071239249e-06
2048, 3.4627668997820685e-06
2048, 3.4344437367775859e-06
2048, 3.4634790876332452e-06
2048, 3.502485068405376e-06
2048, 3.4497831674183115e-06
2048, 3.4366350840119754e-06
2048, 3.4509336247163661e-06
2048, 3.4587676910793082e-06
2048, 3.4347176551818848e-06
2048, 3.4716418560813454e-06
2048, 3.7681859205750858e-06
2048, 3.4822698901681339e-06
2048, 3.5310273661332973e-06
2048, 3.4696696435703951e-06
2048, 3.5056077382143805e-06
2048, 3.510921755257775e-06
2048, 3.5306438803672791e-06
4096, 1.5701995127730901e-05
4096, 5.3097804387410479e-06
4096, 5.2445878585179644e-06
4096, 5.2144750952720642e-06
4096, 5.3551048040390015e-06
4096, 5.2960175606939529e-06
4096, 5.173807342847188e-06
4096, 5.9631549649768404e-06
4096, 5.217993424998389e-06
4096, 5.2021609412299258e-06
4096, 5.2778050303459167e-06
4096, 5.2891878618134396e-06
4096, 5.4274375240008039e-06
4096, 5.2130263712671067e-06
4096, 5.2055757906701829e-06
4096, 5.3200249870618182e-06
4096, 5.1429702175988095e-06
4096, 5.160044464800093e-06
4096, 6.5158431728680926e-06
4096, 5.2912574675348069e-06
4096, 5.3805609544118243e-06
4096, 5.3459985388649838e-06
4096, 5.4339567820231123e-06
4096, 5.8941336141692264e-06
4096, 5.3643145494990877e-06
4096, 5.2991219692760042e-06
4096, 5.4567224449581572e-06
4096, 5.3326495819621614e-06
4096, 5.2604203422864275e-06
4096, 5.3791122304068668e-06
4096, 5.2902226646741228e-06
4096, 5.3775600261158415e-06
4096, 5.3622449437777204e-06
4096, 5.3334774242507083e-06
4096, 5.3318217396736145e-06
4096, 5.2882565392388242e-06
4096, 5.4775219824579026e-06
4096, 5.4546528392367891e-06
4096, 5.359968377484216e-06
4096, 5.4465813769234555e-06
4096, 5.3016054961416457e-06
4096, 5.3558291660414798e-06
4096, 5.3673154777950713e-06
4096, 5.8285271128018694e-06
4096, 5.30708995130327e-06
4096, 5.3771461049715681e-06
4096, 5.2055757906701829e-06
4096, 5.1787743965784711e-06
4096, 5.2069210343890718e-06
4096, 5.2794607149230106e-06
4096, 5.4795915881792707e-06
4096, 5.3393758005566069e-06
4096, 5.2591785788536072e-06
4096, 5.2953966789775423e-06
4096, 5.3271651268005371e-06
4096, 5.3558291660414798e-06
4096, 5.3381340371237857e-06
4096, 5.2218221955829195e-06
4096, 5.2592820591396758e-06
4096, 5.2605238225724961e-06
4096, 5.2740797400474548e-06
4096, 5.2192351884312102e-06
4096, 5.2569020125601028e-06
4096, 5.8830612235599092e-06
4096, 5.4082936710781523e-06
4096, 5.4582746492491824e-06
4096, 5.3054342667261762e-06
4096, 5.4073623485035368e-06
4096, 5.2996393707063462e-06
4096, 5.3205423884921602e-06
4096, 5.3127813670370315e-06
4096, 5.3730068935288327e-06
4096, 5.2953966789775423e-06
4096, 5.3607962197727629e-06
4096, 5.2615586254331802e-06
4096, 5.2456226613786485e-06
4096, 5.2826686037911313e-06
4096, 5.2067140738169355e-06
4096, 5.2874286969502764e-06
4096, 5.2561776505576236e-06
4096, 5.2793572346369428e-06
4096, 5.2779085106319853e-06
4096, 5.3155753347608779e-06
4096, 5.2040235863791568e-06
4096, 5.955600904093848e-06
4096, 5.4246435562769575e-06
4096, 5.3101943598853213e-06
4096, 5.2640421522988217e-06
4096, 5.2407590879334348e-06
4096, 5.2764597866270278e-06
4096, 5.2852556109428406e-06
4096, 5.3135057290395098e-06
4096, 5.3774565458297729e-06
4096, 5.3181623419125872e-06
4096, 5.2959140804078843e-06
4096, 5.400429169336955e-06
4096, 5.3900811407301162e-06
4096, 5.340410603417291e-06
4096, 5.3592440154817368e-06
4096, 5.4138816065258452e-06
8192, 7.9821795225143426e-06
8192, 5.8827921748161319e-06
8192, 5.8621168136596676e-06
8192, 5.8028846979141237e-06
8192, 6.0036778450012204e-06
8192, 5.8718025684356691e-06
8192, 7.2933733463287352e-06
8192, 5.9608370065689084e-06
8192, 5.7119876146316527e-06
8192, 5.8602541685104367e-06
8192, 5.9094280004501341e-06
8192, 5.7883560657501219e-06
8192, 5.7499855756759644e-06
8192, 5.7818368077278136e-06
8192, 5.809590220451355e-06
8192, 5.8054924011230472e-06
8192, 5.6905671954154967e-06
8192, 5.8265402913093565e-06
8192, 5.7589262723922733e-06
8192, 5.8457255363464357e-06
8192, 5.7194381952285765e-06
8192, 5.920231342315674e-06
8192, 5.9830024838447569e-06
8192, 6.0155987739562987e-06
8192, 6.0727819800376895e-06
8192, 5.9762969613075256e-06
8192, 6.0345977544784549e-06
8192, 5.936436355113983e-06
8192, 5.9803947806358334e-06
8192, 5.9915706515312191e-06
8192, 5.956180393695831e-06
8192, 6.8031251430511476e-06
8192, 5.8280304074287416e-06
8192, 5.7388097047805786e-06
8192, 6.0949474573135373e-06
8192, 6.0329213738441469e-06
8192, 5.8405101299285887e-06
8192, 5.8503821492195131e-06
8192, 5.8984383940696713e-06
8192, 6.7492946982383728e-06
8192, 5.880929529666901e-06
8192, 5.875527858734131e-06
8192, 5.8876350522041322e-06
8192, 5.875714123249054e-06
8192, 5.8412551879882812e-06
8192, 5.8567151427268985e-06
8192, 5.872175097465515e-06
8192, 5.8244913816452026e-06
8192, 5.6697055697441103e-06
8192, 6.7336484789848326e-06
8192, 6.0545280575752258e-06
8192, 5.8645382523536682e-06
8192, 5.9068202972412106e-06
8192, 6.0109421610832213e-06
8192, 5.8075413107872011e-06
8192, 5.9043988585472109e-06
8192, 5.8664008975028992e-06
8192, 5.7931989431381222e-06
8192, 5.8451667428016661e-06
8192, 5.8023259043693541e-06
8192, 7.1480870246887205e-06
8192, 5.8794394135475159e-06
8192, 5.8649107813835141e-06
8192, 6.0511752963066098e-06
8192, 5.8421865105628967e-06
8192, 5.8207660913467407e-06
8192, 5.7162716984748842e-06
8192, 5.7797878980636597e-06
8192, 5.9233978390693663e-06
8192, 5.8347359299659729e-06
8192, 5.7384371757507328e-06
8192, 5.8190897107124327e-06
8192, 5.748681724071503e-06
8192, 5.7788565754890442e-06
8192, 5.7876110076904293e-06
8192, 5.8444216847419735e-06
8192, 5.8487057685852051e-06
8192, 5.7645142078399662e-06
8192, 5.7132914662361148e-06
8192, 5.723722279071808e-06
8192, 5.8578327298164369e-06
8192, 5.8418139815330509e-06
8192, 5.9915706515312191e-06
8192, 5.7894736528396603e-06
8192, 5.7883560657501219e-06
8192, 5.809590220451355e-06
8192, 5.6454911828041078e-06
8192, 5.8347359299659729e-06
8192, 5.7483091950416563e-06
8192, 5.7756900787353519e-06
8192, 5.6615099310874939e-06
8192, 5.7335942983627316e-06
8192, 5.7028606534004208e-06
8192, 6.8122521042823795e-06
8192, 5.7812780141830448e-06
8192, 5.8142468333244324e-06
8192, 5.7930126786231993e-06
8192, 5.7000666856765744e-06
8192, 5.8321282267570494e-06
8192, 5.6445598602294924e-06
16384, 1.2846042712529501e-05
16384, 7.4282288551330566e-06
16384, 7.4263662099838257e-06
16384, 7.2817007700602216e-06
16384, 7.3853880167007446e-06
16384, 7.3037420709927874e-06
16384, 7.19198336203893e-06
16384, 7.3593109846115112e-06
16384, 7.4418882528940839e-06
16384, 7.1944668889045715e-06
16384, 7.3791791995366412e-06
16384, 7.4850395321846008e-06
16384, 7.2317197918891907e-06
16384, 7.5766195853551226e-06
16384, 7.3829044898351031e-06
16384, 7.3170910278956098e-06
16384, 7.2764232754707336e-06
16384, 7.4173634250958758e-06
16384, 7.3785583178202314e-06
16384, 7.411465048789978e-06
16384, 7.5508529941240949e-06
16384, 7.2699040174484253e-06
16384, 7.3630362749099731e-06
16384, 7.5018033385276794e-06
16384, 7.2683518131573992e-06
16384, 7.3807314038276672e-06
16384, 7.413327693939209e-06
16384, 7.5154627362887067e-06
16384, 7.2456896305084229e-06
16384, 7.4974571665128069e-06
16384, 7.2428956627845764e-06
16384, 7.7970325946807861e-06
16384, 7.4009100596110029e-06
16384, 9.1952582200368251e-06
16384, 7.6784441868464146e-06
16384, 7.5334683060646057e-06
16384, 7.802620530128479e-06
16384, 7.3745225866635638e-06
16384, 7.652677595615387e-06
16384, 7.622254391511281e-06
16384, 7.4493388334910078e-06
16384, 1.1244478325049082e-05
16384, 7.3049838344256086e-06
16384, 7.3856984575589495e-06
16384, 7.5747569402058916e-06
16384, 7.5154627362887067e-06
16384, 7.4567894140879316e-06
16384, 7.1205819646517439e-06
16384, 7.3974952101707458e-06
16384, 7.1894998351732893e-06
16384, 7.3574483394622803e-06
16384, 7.4583416183789568e-06
16384, 7.2714562217394514e-06
16384, 7.5188775857289629e-06
16384, 7.3614840706189471e-06
16384, 7.4685861666997271e-06
16384, 7.3115030924479169e-06
16384, 7.3360279202461243e-06
16384, 7.5241550803184509e-06
16384, 7.1991235017776489e-06
16384, 7.3496873180071516e-06
16384, 7.043592631816864e-06
16384, 7.2692831357320147e-06
16384, 7.3891133069992065e-06
16384, 7.3142970601717634e-06
16384, 7.6591968536376953e-06
16384, 7.4688966075579328e-06
16384, 7.4986989299456281e-06
16384, 7.5604766607284546e-06
16384, 7.4440613389015198e-06
16384, 7.3475142319997149e-06
16384, 7.4173634250958758e-06
16384, 7.4959049622217817e-06
16384, 7.4943527579307556e-06
16384, 7.440025607744853e-06
16384, 9.2731788754463196e-06
16384, 7.7774748206138611e-06
16384, 7.3884924252827959e-06
16384, 7.6089054346084595e-06
16384, 7.4862812956174212e-06
16384, 7.9004094004631042e-06
16384, 7.4170529842376709e-06
16384, 7.5710316499074297e-06
16384, 7.5306743383407593e-06
16384, 7.5812761982282e-06
16384, 7.2907035549481707e-06
16384, 7.5728942950566607e-06
16384, 7.373901704947154e-06
16384, 8.6554015676180516e-06
16384, 7.5961773594220477e-06
16384, 7.3037420709927874e-06
16384, 7.2264422972997027e-06
16384, 7.3850775758425398e-06
16384, 7.2484835982322693e-06
16384, 7.1416919430096941e-06
16384, 7.281079888343811e-06
16384, 7.1730464696884155e-06
16384, 7.5080121556917829e-06
16384, 7.449028392632802e-06
16384, 7.309640447298686e-06
32768, 2.9325485229492188e-05
32768, 1.2787524610757828e-05
32768, 9.8762102425098419e-06
32768, 9.8655000329017639e-06
32768, 9.9097378551959991e-06
32768, 9.7961165010929108e-06
32768, 9.6024014055728912e-06
32768, 9.949319064617157e-06
32768, 9.9022872745990753e-06
32768, 9.8580494523048401e-06
32768, 9.5446594059467316e-06
32768, 9.9660828709602356e-06
32768, 9.4929710030555725e-06
32768, 1.0190531611442566e-05
32768, 9.842216968536377e-06
32768, 1.0161660611629486e-05
32768, 9.9847093224525452e-06
32768, 1.0005198419094086e-05
32768, 9.8580494523048401e-06
32768, 9.8356977105140686e-06
32768, 9.870622307062149e-06
32768, 9.8068267107009888e-06
32768, 9.7802840173244476e-06
32768, 9.5567665994167328e-06
32768, 9.8347663879394531e-06
32768, 9.7341835498809814e-06
32768, 9.7560696303844452e-06
32768, 9.686686098575592e-06
32768, 9.5176510512828827e-06
32768, 9.6336007118225098e-06
32768, 9.895768016576767e-06
32768, 9.5632858574390411e-06
32768, 9.7732990980148315e-06
32768, 9.5842406153678894e-06
32768, 9.6433795988559723e-06
32768, 9.8505988717079163e-06
32768, 9.7500160336494446e-06
32768, 9.7067095339298248e-06
32768, 9.7258016467094421e-06
32768, 9.397510439157486e-06
32768, 9.6946023404598236e-06
32768, 9.7854062914848328e-06
32768, 1.5991274267435074e-05
32768, 1.0536052286624908e-05
32768, 9.6787698566913605e-06
32768, 9.5008872449398041e-06
32768, 9.9912285804748535e-06
32768, 9.8245218396186829e-06
32768, 9.5847062766551971e-06
32768, 1.2436416000127792e-05
32768, 1.0051298886537552e-05
32768, 9.3514099717140198e-06
32768, 9.558163583278656e-06
32768, 9.9889002740383148e-06
32768, 9.784940630197525e-06
32768, 9.6089206635951996e-06
32768, 9.3337148427963257e-06
32768, 9.7434967756271362e-06
32768, 9.9251046776771545e-06
32768, 9.806361049413681e-06
32768, 9.6764415502548218e-06
32768, 9.6368603408336639e-06
32768, 9.8245218396186829e-06
32768, 9.4897113740444183e-06
32768, 9.6899457275867462e-06
32768, 9.5395371317863464e-06
32768, 9.9288299679756165e-06
32768, 9.5935538411140442e-06
32768, 9.5618888735771179e-06
32768, 9.5907598733901978e-06
32768, 9.5623545348644257e-06
32768, 9.8235905170440674e-06
32768, 1.0152347385883331e-05
32768, 9.688548743724823e-06
32768, 9.6750445663928986e-06
32768, 9.8352320492267609e-06
32768, 1.0091811418533325e-05
32768, 9.4068236649036407e-06
32768, 9.5306895673274994e-06
32768, 9.3476846814155579e-06
32768, 9.3504786491394043e-06
32768, 9.2694535851478577e-06
32768, 9.5721334218978882e-06
32768, 9.5251016318798065e-06
32768, 9.3826092779636383e-06
32768, 9.5008872449398041e-06
32768, 9.4547867774963379e-06
32768, 9.4627030193805695e-06
32768, 9.5148570835590363e-06
32768, 9.7057782113552094e-06
32768, 9.8282471299171448e-06
32768, 9.4990245997905731e-06
32768, 9.5050781965255737e-06
32768, 9.5800496637821198e-06
32768, 9.2363916337490082e-06
32768, 9.5223076641559601e-06
32768, 9.3858689069747925e-06
32768, 9.5227733254432678e-06
32768, 1.2816861271858215e-05
32768, 1.0109506547451019e-05
65536, 9.2071481049060822e-05
65536, 1.646578311920166e-05
65536, 1.5144236385822296e-05
65536, 1.5032477676868439e-05
65536, 1.4593824744224548e-05
65536, 1.4658086001873016e-05
65536, 1.506321132183075e-05
65536, 1.4644116163253784e-05
65536, 1.450907438993454e-05
65536, 1.4660879969596863e-05
65536, 1.4936551451683044e-05
65536, 1.4672987163066864e-05
65536, 1.4698132872581482e-05
65536, 1.5127472579479218e-05
65536, 1.4599412679672241e-05
65536, 1.4544464647769928e-05
65536, 1.4802441000938416e-05
65536, 1.4578923583030701e-05
65536, 1.4642253518104553e-05
65536, 1.4662742614746094e-05
65536, 1.4349818229675293e-05
65536, 1.539476215839386e-05
65536, 1.4849938452243805e-05
65536, 1.4746561646461487e-05
65536, 1.4525838196277618e-05
65536, 1.9883736968040466e-05
65536, 1.6016885638237e-05
65536, 1.5460886061191559e-05
65536, 1.5152618288993835e-05
65536, 1.5087425708770752e-05
65536, 1.4970079064369202e-05
65536, 1.484062522649765e-05
65536, 1.5020370483398438e-05
65536, 1.4532357454299927e-05
65536, 2.0561739802360535e-05
65536, 1.6392208635807037e-05
65536, 1.4981254935264587e-05
65536, 1.4610588550567627e-05
65536, 1.484062522649765e-05
65536, 1.4502555131912231e-05
65536, 1.4348886907100677e-05
65536, 1.4449469745159149e-05
65536, 1.4322809875011444e-05
65536, 1.4728866517543793e-05
65536, 1.4666467905044556e-05
65536, 1.4724209904670715e-05
65536, 1.4654360711574554e-05
65536, 1.4703720808029175e-05
65536, 1.4590099453926086e-05
65536, 1.5027821063995361e-05
65536, 1.4578923583030701e-05
65536, 1.4650635421276093e-05
65536, 1.4895573258399963e-05
65536, 1.4338642358779907e-05
65536, 1.4881603419780731e-05
65536, 1.4320015907287598e-05
65536, 1.4611519873142242e-05
65536, 1.4446675777435303e-05
65536, 1.4829449355602264e-05
65536, 1.4699064195156097e-05
65536, 1.4837831258773804e-05
65536, 1.4431774616241455e-05
65536, 1.4835037291049957e-05
65536, 1.4714896678924561e-05
65536, 1.4608725905418396e-05
65536, 1.499522477388382e-05
65536, 1.4569610357284546e-05
65536, 1.4582648873329163e-05
65536, 1.4749355614185333e-05
65536, 1.467578113079071e-05
65536, 1.4693476259708405e-05
65536, 1.4709308743476868e-05
65536, 1.408066600561142e-05
65536, 1.4903955161571503e-05
65536, 1.4522112905979156e-05
65536, 1.485086977481842e-05
65536, 1.4916062355041504e-05
65536, 1.4629215002059937e-05
65536, 1.4750286936759949e-05
65536, 1.4998018741607666e-05
65536, 1.4453195035457611e-05
65536, 1.4632008969783783e-05
65536, 1.4627352356910706e-05
65536, 1.4598481357097626e-05
65536, 1.4935620129108429e-05
65536, 1.484062522649765e-05
65536, 1.4484860002994537e-05
65536, 1.4662742614746094e-05
65536, 1.462642103433609e-05
65536, 1.4370307326316833e-05
65536, 1.4814548194408417e-05
65536, 1.4821998775005341e-05
65536, 1.4719553291797638e-05
65536, 1.5364959836006165e-05
65536, 1.4697201550006866e-05
65536, 1.4736317098140717e-05
65536, 1.4800578355789185e-05
65536, 1.502595841884613e-05
65536, 1.9919127225875854e-05
65536, 1.5382654964923859e-05
131072, 0.00016542710363864899
131072, 2.9541552066802979e-05
131072, 2.5693327188491821e-05
131072, 2.516619861125946e-05
131072, 2.5003217160701752e-05
131072, 2.5348737835884094e-05
131072, 2.506747841835022e-05
131072, 2.5071203708648682e-05
131072, 2.5144778192043304e-05
131072, 2.4611130356788635e-05
131072, 2.5190412998199463e-05
131072, 2.5023706257343292e-05
131072, 2.4702399969100952e-05
131072, 2.5001354515552521e-05
131072, 2.4531036615371704e-05
131072, 2.4458393454551697e-05
131072, 2.4496577680110931e-05
131072, 2.4486333131790161e-05
131072, 2.4529173970222473e-05
131072, 2.463068813085556e-05
131072, 2.4634413421154022e-05
131072, 2.4509616196155548e-05
131072, 2.4839304387569427e-05
131072, 2.4783425033092499e-05
131072, 2.4734064936637878e-05
131072, 2.4345703423023224e-05
131072, 2.4564564228057861e-05
131072, 2.4965032935142517e-05
131072, 2.4826265871524811e-05
131072, 2.44947150349617e-05
131072, 2.4652108550071716e-05
131072, 3.2640062272548676e-05
131072, 2.601277083158493e-05
131072, 2.5426968932151794e-05
131072, 2.5046989321708679e-05
131072, 2.5690533220767975e-05
131072, 2.5193206965923309e-05
131072, 2.5241635739803314e-05
131072, 2.5186687707901001e-05
131072, 2.5189481675624847e-05
131072, 2.4789944291114807e-05
131072, 2.4524517357349396e-05
131072, 2.5095418095588684e-05
131072, 2.5318935513496399e-05
131072, 2.4897977709770203e-05
131072, 2.5165267288684845e-05
131072, 2.4802051484584808e-05
131072, 2.5117769837379456e-05
131072, 2.4843961000442505e-05
131072, 2.5375746190547943e-05
131072, 2.5086104869842529e-05
131072, 2.5001354515552521e-05
131072, 2.4560838937759399e-05
131072, 2.4861656129360199e-05
131072, 2.4858862161636353e-05
131072, 2.5345012545585632e-05
131072, 2.4762004613876343e-05
131072, 2.5010667741298676e-05
131072, 2.4534761905670166e-05
131072, 2.5285407900810242e-05
131072, 3.1420961022377014e-05
131072, 2.6309862732887268e-05
131072, 2.5401823222637177e-05
131072, 2.5453045964241028e-05
131072, 2.508796751499176e-05
131072, 2.5807879865169525e-05
131072, 2.4833716452121735e-05
131072, 2.5247223675251007e-05
131072, 2.4697743356227875e-05
131072, 2.4734996259212494e-05
131072, 2.4444423615932465e-05
131072, 2.4380162358283997e-05
131072, 2.47173011302948e-05
131072, 2.4463050067424774e-05
131072, 2.4451874196529388e-05
131072, 2.477690577507019e-05
131072, 2.4711713194847107e-05
131072, 2.4567358195781708e-05
131072, 2.4411827325820923e-05
131072, 2.4423003196716309e-05
131072, 2.4464912712574005e-05
131072, 2.4666078388690948e-05
131072, 2.4665147066116333e-05
131072, 2.4769455194473267e-05
131072, 2.459995448589325e-05
131072, 2.4720095098018646e-05
131072, 2.4640932679176331e-05
131072, 2.4944543838500977e-05
131072, 2.4512410163879395e-05
131072, 2.4276785552501678e-05
131072, 2.4158507585525513e-05
131072, 2.4635344743728638e-05
131072, 2.4615786969661713e-05
131072, 2.472754567861557e-05
131072, 3.2858923077583313e-05
131072, 2.6694498956203461e-05
131072, 2.5230459868907928e-05
131072, 2.4397857487201691e-05
131072, 2.4488195776939392e-05
131072, 2.4996697902679443e-05
262144, 0.00022949464619159698
262144, 3.966502845287323e-05
262144, 3.8580968976020813e-05
262144, 3.8815662264823914e-05
262144, 3.9052218198776245e-05
262144, 3.9006583392620087e-05
262144, 3.9181672036647797e-05
262144, 3.8843601942062378e-05
262144, 3.8777478039264679e-05
262144, 3.8061290979385376e-05
262144, 3.8106925785541534e-05
262144, 3.8842670619487762e-05
262144, 3.8950704038143158e-05
262144, 3.881845623254776e-05
262144, 3.900378942489624e-05
262144, 4.4966116547584534e-05
262144, 3.8329511880874634e-05
262144, 3.9102509617805481e-05
262144, 3.8502737879753113e-05
262144, 3.8630329072475433e-05
262144, 3.9165839552879333e-05
262144, 3.8922764360904694e-05
262144, 3.6737881600856781e-05
262144, 3.900378942489624e-05
262144, 3.8577243685722351e-05
262144, 3.8755126297473907e-05
262144, 3.8324855268001556e-05
262144, 3.8473866879940033e-05
262144, 3.9134174585342407e-05
262144, 3.947969526052475e-05
262144, 3.8072466850280762e-05
262144, 3.6959536373615265e-05
262144, 3.8417056202888489e-05
262144, 3.8723461329936981e-05
262144, 3.8190744817256927e-05
262144, 3.9258040487766266e-05
262144, 3.792252391576767e-05
262144, 3.8453377783298492e-05
262144, 3.8549304008483887e-05
262144, 3.8836151361465454e-05
262144, 4.2407773435115814e-05
262144, 3.8918107748031616e-05
262144, 3.8669444620609283e-05
262144, 3.8298778235912323e-05
262144, 3.8677826523780823e-05
262144, 3.8535334169864655e-05
262144, 3.826431930065155e-05
262144, 3.8707628846168518e-05
262144, 3.8629397749900818e-05
262144, 3.9021484553813934e-05
262144, 3.7758611142635345e-05
262144, 3.8965605199337006e-05
262144, 3.8718804717063904e-05
262144, 3.85260209441185e-05
262144, 3.846827894449234e-05
262144, 3.9111822843551636e-05
262144, 3.8346275687217712e-05
262144, 3.8092024624347687e-05
262144, 3.8299709558486938e-05
262144, 5.0207599997520447e-05
262144, 4.568789154291153e-05
262144, 3.9488077163696289e-05
262144, 3.8821250200271606e-05
262144, 3.9086677134037018e-05
262144, 4.4159591197967529e-05
262144, 4.8974528908729553e-05
262144, 3.8920901715755463e-05
262144, 3.9131380617618561e-05
262144, 3.885757178068161e-05
262144, 5.2594579756259918e-05
262144, 3.9533711969852448e-05
262144, 3.9378181099891663e-05
262144, 3.8666650652885437e-05
262144, 3.9211474359035492e-05
262144, 4.5916996896266937e-05
262144, 3.9302743971347809e-05
262144, 3.9390288293361664e-05
262144, 3.8755126297473907e-05
262144, 3.8566067814826965e-05
262144, 4.0655955672264099e-05
262144, 3.8119964301586151e-05
262144, 3.8088299334049225e-05
262144, 4.8760324716567993e-05
262144, 3.9921142160892487e-05
262144, 3.9288774132728577e-05
262144, 3.8733705878257751e-05
262144, 3.8679689168930054e-05
262144, 3.9701350033283234e-05
262144, 4.244782030582428e-05
262144, 3.8301572203636169e-05
262144, 3.8470141589641571e-05
262144, 3.8532540202140808e-05
262144, 3.9127655327320099e-05
262144, 4.2371451854705811e-05
262144, 3.8865953683853149e-05
262144, 3.9125792682170868e-05
262144, 3.8892030715942383e-05
262144, 3.8719736039638519e-05
262144, 3.8600526750087738e-05
262144, 3.9130449295043945e-05
524288, 0.00043904874473810196
524288, 7.1579590439796448e-05
524288, 7.0280395448207855e-05
524288, 7.083546370267868e-05
524288, 7.0686452090740204e-05
524288, 7.0577487349510193e-05
524288, 7.0197507739067078e-05
524288, 7.0149078965187073e-05
524288, 7.0148147642612457e-05
524288, 7.0801936089992523e-05
524288, 7.5137242674827576e-05
524288, 7.0462934672832489e-05
524288, 7.0887617766857147e-05
524288, 7.1189366281032562e-05
524288, 7.1153044700622559e-05
524288, 7.1328133344650269e-05
524288, 7.1092508733272552e-05
524288, 7.1440823376178741e-05
524288, 7.0972368121147156e-05
524288, 7.1712769567966461e-05
524288, 6.8850815296173096e-05
524288, 7.0810317993164062e-05
524288, 7.0741400122642517e-05
524288, 7.0977024734020233e-05
524288, 7.426925003528595e-05
524288, 7.1205198764801025e-05
524288, 7.0599839091300964e-05
524288, 7.0755369961261749e-05
524288, 7.0929527282714844e-05
524288, 7.0523470640182495e-05
524288, 7.0183537900447845e-05
524288, 7.0413574576377869e-05
524288, 7.0733949542045593e-05
524288, 7.1149319410324097e-05
524288, 7.1192160248756409e-05
524288, 6.8438239395618439e-05
524288, 7.0322304964065552e-05
524288, 7.0218928158283234e-05
524288, 7.5538642704486847e-05
524288, 7.0598907768726349e-05
524288, 7.0484355092048645e-05
524288, 7.1302987635135651e-05
524288, 7.0781446993350983e-05
524288, 7.0382840931415558e-05
524288, 7.1336515247821808e-05
524288, 7.1055255830287933e-05
524288, 6.9465488195419312e-05
524288, 7.0809386670589447e-05
524288, 7.0685520768165588e-05
524288, 7.1182847023010254e-05
524288, 7.012486457824707e-05
524288, 7.1102753281593323e-05
524288, 7.4924901127815247e-05
524288, 7.1582384407520294e-05
524288, 7.0962123572826385e-05
524288, 7.0585869252681732e-05
524288, 7.1949325501918793e-05
524288, 7.1275979280471802e-05
524288, 7.1144662797451019e-05
524288, 7.0110894739627838e-05
524288, 6.9717876613140106e-05
524288, 7.0733949542045593e-05
524288, 6.8871304392814636e-05
524288, 7.1025453507900238e-05
524288, 7.0136040449142456e-05
524288, 7.0248730480670929e-05
524288, 7.3339790105819702e-05
524288, 7.0489943027496338e-05
524288, 7.0380978286266327e-05
524288, 8.0327503383159637e-05
524288, 7.1732327342033386e-05
524288, 6.9856643676757812e-05
524288, 6.9809146225452423e-05
524288, 7.097143679857254e-05
524288, 7.1617774665355682e-05
524288, 7.093232125043869e-05
524288, 7.0577487349510193e-05
524288, 7.0897862315177917e-05
524288, 7.1414746344089508e-05
524288, 7.04936683177948e-05
524288, 7.4181705713272095e-05
524288, 7.0909969508647919e-05
524288, 7.0073641836643219e-05
524288, 7.0638954639434814e-05
524288, 7.0675276219844818e-05
524288, 6.9752335548400879e-05
524288, 7.0314854383468628e-05
524288, 7.125362753868103e-05
524288, 7.0899724960327148e-05
524288, 7.1668997406959534e-05
524288, 7.0672482252120972e-05
524288, 7.0839188992977142e-05
524288, 7.0867128670215607e-05
524288, 7.0925801992416382e-05
524288, 7.4218027293682098e-05
524288, 7.0875510573387146e-05
524288, 7.0999376475811005e-05
524288, 7.1843154728412628e-05
524288, 7.0901587605476379e-05
524288, 7.0694833993911743e-05
1048576, 0.00085679441690444946
1048576, 0.00013561546802520752
1048576, 0.00013388879597187042
1048576, 0.00013310648500919342
1048576, 0.00013370905071496964
1048576, 0.00013823993504047394
1048576, 0.00013533048331737518
1048576, 0.00013402104377746582
1048576, 0.00013399217277765274
1048576, 0.00013358984142541885
1048576, 0.00013369414955377579
1048576, 0.00013396237045526505
1048576, 0.0001341579481959343
1048576, 0.0014613866806030273
1048576, 0.00030995719134807587
1048576, 0.00013460405170917511
1048576, 0.00013748370110988617
1048576, 0.00013492908328771591
1048576, 0.00013438798487186432
1048576, 0.00013404153287410736
1048576, 0.00013406667858362198
1048576, 0.00013455189764499664
1048576, 0.00013392418622970581
1048576, 0.00013453606516122818
1048576, 0.00013730302453041077
1048576, 0.00013732817023992538
1048576, 0.00013426598161458969
1048576, 0.00013340823352336884
1048576, 0.00013350788503885269
1048576, 0.00013740453869104385
1048576, 0.00013368017971515656
1048576, 0.00013404153287410736
1048576, 0.00013464316725730896
1048576, 0.00013429485261440277
1048576, 0.00013439822942018509
1048576, 0.00013390276581048965
1048576, 0.00015235785394906998
1048576, 0.00013579893857240677
1048576, 0.00013441499322652817
1048576, 0.00013487972319126129
1048576, 0.00013399217277765274
1048576, 0.00013418495655059814
1048576, 0.0001341644674539566
1048576, 0.00013985857367515564
1048576, 0.00013457611203193665
1048576, 0.00013423338532447815
1048576, 0.000134320929646492
1048576, 0.00013538729399442673
1048576, 0.00013476982712745667
1048576, 0.00013432279229164124
1048576, 0.00013654399663209915
1048576, 0.00013421103358268738
1048576, 0.00013747718185186386
1048576, 0.00013400427997112274
1048576, 0.00013391952961683273
1048576, 0.00013427715748548508
1048576, 0.00013335607945919037
1048576, 0.00013372395187616348
1048576, 0.00013819988816976547
1048576, 0.00013457704335451126
1048576, 0.00013443827629089355
1048576, 0.00013382267206907272
1048576, 0.00013463292270898819
1048576, 0.00013383757323026657
1048576, 0.00014364533126354218
1048576, 0.0001390138640999794
1048576, 0.00013453047722578049
1048576, 0.00013359077274799347
1048576, 0.00013410765677690506
1048576, 0.00013389997184276581
1048576, 0.0001340918242931366
1048576, 0.00013387389481067657
1048576, 0.00013375189155340195
1048576, 0.00013821106404066086
1048576, 0.00013473071157932281
1048576, 0.00013369601219892502
1048576, 0.00013423431664705276
1048576, 0.00013433489948511124
1048576, 0.00013415515422821045
1048576, 0.00013374630361795425
1048576, 0.00013748370110988617
1048576, 0.00013424083590507507
1048576, 0.00013467855751514435
1048576, 0.00014341529458761215
1048576, 0.00013520568609237671
1048576, 0.00013405643403530121
1048576, 0.0001344708725810051
1048576, 0.00013843830674886703
1048576, 0.00013475678861141205
1048576, 0.0001340620219707489
1048576, 0.00013429392129182816
1048576, 0.00013437774032354355
1048576, 0.00013420544564723969
1048576, 0.00013427343219518661
1048576, 0.00013393629342317581
1048576, 0.00013756100088357925
1048576, 0.00013446621596813202
1048576, 0.00013398658484220505
1048576, 0.00013349670916795731
1048576, 0.00013428274542093277
2097152, 0.0016924422234296799
2097152, 0.0003165416419506073
2097152, 0.00031289365142583847
2097152, 0.00030700862407684326
2097152, 0.00030688662081956863
2097152, 0.00031248386949300766
2097152, 0.00030678883194923401
2097152, 0.000307486392557621
2097152, 0.00030671712011098862
2097152, 0.00031101703643798828
2097152, 0.00030785612761974335
2097152, 0.00030731596052646637
2097152, 0.00031168665736913681
2097152, 0.00030726101249456406
2097152, 0.00030711386352777481
2097152, 0.00031185615807771683
2097152, 0.00030624121427536011
2097152, 0.00030688289552927017
2097152, 0.00031189993023872375
2097152, 0.00030702445656061172
2097152, 0.00031928066164255142
2097152, 0.00031350366771221161
2097152, 0.00030729454010725021
2097152, 0.0003113066777586937
2097152, 0.00030649732798337936
2097152, 0.00031031109392642975
2097152, 0.00030725263059139252
2097152, 0.00030686892569065094
2097152, 0.00031099002808332443
2097152, 0.00030700396746397018
2097152, 0.00030584726482629776
2097152, 0.00031251925975084305
2097152, 0.00031815096735954285
2097152, 0.00030733831226825714
2097152, 0.00031217373907566071
2097152, 0.00030697323381900787
2097152, 0.00030679348856210709
2097152, 0.00031677540391683578
2097152, 0.00030737556517124176
2097152, 0.00030631851404905319
2097152, 0.00032970588654279709
2097152, 0.0003120889887213707
2097152, 0.00030708499252796173
2097152, 0.00030749756842851639
2097152, 0.00031073391437530518
2097152, 0.00030750036239624023
2097152, 0.00030624028295278549
2097152, 0.00031380541622638702
2097152, 0.00030785147100687027
2097152, 0.00030666589736938477
2097152, 0.00031241122633218765
2097152, 0.00030678696930408478
2097152, 0.00030726194381713867
2097152, 0.00031305104494094849
2097152, 0.00030752178281545639
2097152, 0.00030691735446453094
2097152, 0.00031039025634527206
2097152, 0.0003070347011089325
2097152, 0.00030707567930221558
2097152, 0.00031071249395608902
2097152, 0.00030684936791658401
2097152, 0.00030654296278953552
2097152, 0.00031255651265382767
2097152, 0.00030809361487627029
2097152, 0.0003081299364566803
2097152, 0.0003134487196803093
2097152, 0.00030785799026489258
2097152, 0.00030767079442739487
2097152, 0.00031304266303777695
2097152, 0.00030781328678131104
2097152, 0.0003077266737818718
2097152, 0.00030914414674043655
2097152, 0.00031372345983982086
2097152, 0.00030730478465557098
2097152, 0.00030751433223485947
2097152, 0.00031226128339767456
2097152, 0.00031226873397827148
2097152, 0.00030775461345911026
2097152, 0.00031432788819074631
2097152, 0.00030775461345911026
2097152, 0.00030622165650129318
2097152, 0.00031424593180418015
2097152, 0.00030756369233131409
2097152, 0.00030737649649381638
2097152, 0.00032355915755033493
2097152, 0.00030733272433280945
2097152, 0.00030927266925573349
2097152, 0.00030785426497459412
2097152, 0.00031363312155008316
2097152, 0.0003074323758482933
2097152, 0.00030853971838951111
2097152, 0.00032469537109136581
2097152, 0.00031264591962099075
2097152, 0.00030804239213466644
2097152, 0.00031193997710943222
2097152, 0.00030853413045406342
2097152, 0.00030739232897758484
2097152, 0.0003129737451672554
2097152, 0.00030693225562572479
2097152, 0.00030753947794437408
4194304, 0.0034073097631335258
4194304, 0.00085228122770786285
4194304, 0.00074541568756103516
4194304, 0.00075092259794473648
4194304, 0.00075065158307552338
4194304, 0.00075050350278615952
4194304, 0.00074348133057355881
4194304, 0.00075458362698554993
4194304, 0.00074798054993152618
4194304, 0.00075038056820631027
4194304, 0.00074964854866266251
4194304, 0.00075002759695053101
4194304, 0.00076006539165973663
4194304, 0.00075787864625453949
4194304, 0.00083513744175434113
4194304, 0.00079351663589477539
4194304, 0.00074938684701919556
4194304, 0.0007496001198887825
4194304, 0.00074699800461530685
4194304, 0.00074610952287912369
4194304, 0.00075185298919677734
4194304, 0.00076694134622812271
4194304, 0.00077497027814388275
4194304, 0.00075337756425142288
4194304, 0.00074747856706380844
4194304, 0.00074734073132276535
4194304, 0.00075688865035772324
4194304, 0.00074379798024892807
4194304, 0.00074552744626998901
4194304, 0.00075092446058988571
4194304, 0.00075377617031335831
4194304, 0.00074120890349149704
4194304, 0.00075159128755331039
4194304, 0.00074809044599533081
4194304, 0.00075077824294567108
4194304, 0.00074098352342844009
4194304, 0.00074688531458377838
4194304, 0.00075107160955667496
4194304, 0.00075697898864746094
4194304, 0.00074719544500112534
4194304, 0.00074930675327777863
4194304, 0.00075397267937660217
4194304, 0.0007519163191318512
4194304, 0.00074063427746295929
4194304, 0.00074840150773525238
4194304, 0.00075431447476148605
4194304, 0.00075754430145025253
4194304, 0.00074890162795782089
4194304, 0.00076870899647474289
4194304, 0.0007483363151550293
4194304, 0.00074867624789476395
4194304, 0.00074173230677843094
4194304, 0.00074735842645168304
4194304, 0.00075010117143392563
4194304, 0.00075058452785015106
4194304, 0.00074871722608804703
4194304, 0.00074802432209253311
4194304, 0.00074932165443897247
4194304, 0.0007514655590057373
4194304, 0.00074513629078865051
4194304, 0.00074933283030986786
4194304, 0.00074579194188117981
4194304, 0.00074638519436120987
4194304, 0.00074014533311128616
4194304, 0.00074784271419048309
4194304, 0.00074836611747741699
4194304, 0.00080873630940914154
4194304, 0.00077139027416706085
4194304, 0.00080688577145338058
4194304, 0.00077071413397789001
4194304, 0.00075119081884622574
4194304, 0.00074617285281419754
4194304, 0.00074750836938619614
4194304, 0.00074994657188653946
4194304, 0.00077552907168865204
4194304, 0.00074995774775743484
4194304, 0.00074462313205003738
4194304, 0.00076760072261095047
4194304, 0.0007469644770026207
4194304, 0.00074890628457069397
4194304, 0.0007437514141201973
4194304, 0.00074748042970895767
4194304, 0.00074177142232656479
4194304, 0.00074644852429628372
4194304, 0.00075007416307926178
4194304, 0.00074345897883176804
4194304, 0.00075070746243000031
4194304, 0.00074706878513097763
4194304, 0.00074819661676883698
4194304, 0.00074177142232656479
4194304, 0.00074549578130245209
4194304, 0.00074815843254327774
4194304, 0.00075250677764415741
4194304, 0.00075177289545536041
4194304, 0.00076571200042963028
4194304, 0.00076499953866004944
4194304, 0.00075861066579818726
4194304, 0.00074973702430725098
4194304, 0.00074206572026014328
4194304, 0.00074774213135242462
8388608, 0.0057031111791729927
8388608, 0.0021453490480780602
8388608, 0.0018404610455036163
8388608, 0.001939745619893074
8388608, 0.0019642813131213188
8388608, 0.0018639843910932541
8388608, 0.001904916949570179
8388608, 0.0018468014895915985
8388608, 0.0017939917743206024
8388608, 0.0019627800211310387
8388608, 0.0019208621233701706
8388608, 0.0017840713262557983
8388608, 0.0017115427181124687
8388608, 0.0017397524788975716
8388608, 0.0017978297546505928
8388608, 0.001728912815451622
8388608, 0.0019025327637791634
8388608, 0.0019048880785703659
8388608, 0.0018355147913098335
8388608, 0.0017989510670304298
8388608, 0.0018045660108327866
8388608, 0.0017755543813109398
8388608, 0.0017755758017301559
8388608, 0.0017477860674262047
8388608, 0.0018087821081280708
8388608, 0.0017954409122467041
8388608, 0.0017139427363872528
8388608, 0.0018116254359483719
8388608, 0.0018414855003356934
8388608, 0.0021315030753612518
8388608, 0.0020777061581611633
8388608, 0.0018511479720473289
8388608, 0.0017447052523493767
8388608, 0.0017775362357497215
8388608, 0.001941523514688015
8388608, 0.0019859150052070618
8388608, 0.0018057599663734436
8388608, 0.0018651867285370827
8388608, 0.0017881589010357857
8388608, 0.0017394162714481354
8388608, 0.0018964381888508797
8388608, 0.0017928387969732285
8388608, 0.0017914054915308952
8388608, 0.0017861947417259216
8388608, 0.0018811589106917381
8388608, 0.001874411478638649
8388608, 0.0017827283591032028
8388608, 0.0018028607591986656
8388608, 0.0017628790810704231
8388608, 0.0017402572557330132
8388608, 0.0018227482214570045
8388608, 0.0020652441307902336
8388608, 0.0019153198227286339
8388608, 0.0017997939139604568
8388608, 0.0017402749508619308
8388608, 0.0018482692539691925
8388608, 0.0018712664023041725
8388608, 0.0017835553735494614
8388608, 0.0017816433683037758
8388608, 0.0017428947612643242
8388608, 0.0018623964861035347
8388608, 0.0017978344112634659
8388608, 0.0018471656367182732
8388608, 0.0019859718158841133
8388608, 0.0019400333985686302
8388608, 0.0017956476658582687
8388608, 0.0017474554479122162
8388608, 0.001723702996969223
8388608, 0.0018167514353990555
8388608, 0.0019281273707747459
8388608, 0.0018310341984033585
8388608, 0.0018404209986329079
8388608, 0.0019586216658353806
8388608, 0.0017553577199578285
8388608, 0.0017296150326728821
8388608, 0.0016748839989304543
8388608, 0.0016982210800051689
8388608, 0.0018876530230045319
8388608, 0.0020906459540128708
8388608, 0.001966266892850399
8388608, 0.002083122730255127
8388608, 0.0021015750244259834
8388608, 0.0021917810663580894
8388608, 0.002102334052324295
8388608, 0.0020873807370662689
8388608, 0.0020767003297805786
8388608, 0.0019744718447327614
8388608, 0.0019880374893546104
8388608, 0.0019512847065925598
8388608, 0.002224762924015522
8388608, 0.0021556466817855835
8388608, 0.0020848289132118225
8388608, 0.0020528817549347878
8388608, 0.0020260019227862358
8388608, 0.0019483193755149841
8388608, 0.0020005209371447563
8388608, 0.0019907001405954361
8388608, 0.0020466828718781471
8388608, 0.0020366348326206207
8388608, 0.0020025810226798058
16777216, 0.011926258914172649
16777216, 0.0071355821564793587
16777216, 0.006916840560734272
16777216, 0.0070022754371166229
16777216, 0.0070981886237859726
16777216, 0.006701967678964138
16777216, 0.0070022912696003914
16777216, 0.0069817593321204185
16777216, 0.0071597173810005188
16777216, 0.0066984808072447777
16777216, 0.006666429340839386
16777216, 0.0069216843694448471
16777216, 0.006449834443628788
16777216, 0.0070801880210638046
16777216, 0.0071930810809135437
16777216, 0.007056068629026413
16777216, 0.007058032788336277
16777216, 0.0069542266428470612
16777216, 0.0069998418912291527
16777216, 0.006594696082174778
16777216, 0.0067030154168605804
16777216, 0.0066803805530071259
16777216, 0.0066666305065155029
16777216, 0.0069555090740323067
16777216, 0.0069143977016210556
16777216, 0.006861402653157711
16777216, 0.0069345198571681976
16777216, 0.0066407909616827965
16777216, 0.0067633911967277527
16777216, 0.0067950049415230751
16777216, 0.0071022883057594299
16777216, 0.0067245550453662872
16777216, 0.007018696516752243
16777216, 0.0065631074830889702
16777216, 0.0066624758765101433
16777216, 0.0064887255430221558
16777216, 0.0070806695148348808
16777216, 0.0071855364367365837
16777216, 0.0072530908510088921
16777216, 0.0072264894843101501
16777216, 0.0072885211557149887
16777216, 0.0070910537615418434
16777216, 0.006770942360162735
16777216, 0.007165723480284214
16777216, 0.006870608776807785
16777216, 0.0069045126438140869
16777216, 0.0069566629827022552
16777216, 0.0071187922731041908
16777216, 0.0069716991856694221
16777216, 0.0070651192218065262
16777216, 0.0070024104788899422
16777216, 0.0070575065910816193
16777216, 0.0070285135880112648
16777216, 0.0071454010903835297
16777216, 0.0070800604298710823
16777216, 0.0068830763921141624
16777216, 0.0071043334901332855
16777216, 0.0069495439529418945
16777216, 0.0068980418145656586
16777216, 0.0069918101653456688
16777216, 0.0067281397059559822
16777216, 0.00689722690731287
16777216, 0.006585538387298584
16777216, 0.0068393973633646965
16777216, 0.0069674532860517502
16777216, 0.0067469216883182526
16777216, 0.0068045388907194138
16777216, 0.0070460066199302673
16777216, 0.0069780023768544197
16777216, 0.0066872183233499527
16777216, 0.006394166499376297
16777216, 0.0066927345469594002
16777216, 0.0065773995593190193
16777216, 0.0066108927130699158
16777216, 0.0066147511824965477
16777216, 0.0065176775678992271
16777216, 0.0067553380504250526
16777216, 0.0063677309080958366
16777216, 0.0066869454458355904
16777216, 0.006962386891245842
16777216, 0.0067872842773795128
16777216, 0.006875975988805294
16777216, 0.0067288819700479507
16777216, 0.0065147886052727699
16777216, 0.006299908272922039
16777216, 0.0061916988343000412
16777216, 0.00606570765376091
16777216, 0.0060777571052312851
16777216, 0.0063493801280856133
16777216, 0.0062430091202259064
16777216, 0.0064973728731274605
16777216, 0.0061090542003512383
16777216, 0.0057296780869364738
16777216, 0.0061414865776896477
16777216, 0.0060552498325705528
16777216, 0.0059671420603990555
16777216, 0.0057969074696302414
16777216, 0.0056879222393035889
16777216, 0.0065354462713003159
16777216, 0.0060495566576719284
