m, sec
1, 8.7798302027153941e-07
1, 7.6852495006444111e-07
1, 7.5671745437433307e-07
1, 7.466568741644446e-07
1, 8.8920339820564619e-07
1, 9.1964376849837725e-07
1, 9.2750653656820686e-07
1, 9.2695906588692823e-07
1, 9.3557833993164611e-07
1, 9.3980287074235113e-07
1, 9.3138328153419373e-07
1, 9.1557214181814406e-07
1, 9.1342329878901504e-07
1, 9.0542521908997051e-07
1, 9.096360794756279e-07
1, 9.1662672558492612e-07
1, 9.1173277025951222e-07
1, 9.1500670916466131e-07
1, 9.1511709571535882e-07
1, 9.0818312076519825e-07
1, 9.1297765998496331e-07
1, 9.1306147304830194e-07
1, 9.1422419811925596e-07
1, 8.9230843204622386e-07
1, 8.8565218556501696e-07
1, 8.9181430728555788e-07
1, 8.8451066244226586e-07
1, 9.7340082501269384e-07
1, 8.8950681911585386e-07
1, 8.9397514391005101e-07
1, 8.8511909582983852e-07
1, 8.9213580385133806e-07
1, 8.782967011057434e-07
1, 8.7265982496796276e-07
1, 8.8867789683530708e-07
1, 8.7605026090485984e-07
1, 8.7780041636107819e-07
1, 8.8729783758485153e-07
1, 9.8997136962952553e-07
1, 8.864871330640878e-07
1, 8.8366980340803922e-07
1, 9.9174926382762874e-07
1, 8.6980384296666479e-07
1, 8.8446211964396736e-07
1, 8.7760823462683094e-07
1, 8.8376325113684803e-07
1, 8.7535221660216123e-07
1, 8.7015833613011739e-07
1, 8.6871495524347388e-07
1, 8.7057231411607509e-07
1, 9.8190635884734704e-07
1, 8.6237852849836351e-07
1, 8.6295169162089604e-07
1, 8.6455746919927121e-07
1, 8.7199841513072476e-07
1, 8.7206304412564915e-07
1, 9.7390100341272616e-07
1, 8.6521677589419412e-07
1, 8.5267843824960974e-07
1, 8.6367053998000828e-07
1, 8.5529648096088723e-07
1, 8.5422066682506008e-07
1, 9.6523958125918128e-07
1, 8.6205831087047759e-07
1, 8.6055953776259068e-07
1, 8.6679921996120921e-07
1, 8.6053202638744259e-07
1, 8.7073186872359723e-07
1, 8.6265656959658015e-07
1, 8.6332309518539527e-07
1, 8.6169014728197725e-07
1, 9.2800509498023968e-07
1, 8.5412693488783038e-07
1, 8.6213564398181843e-07
1, 9.3957814714390497e-07
1, 8.5446068083655358e-07
1, 8.3607594860626312e-07
1, 8.4069990593177322e-07
1, 8.3699360075583086e-07
1, 8.6045079962073464e-07
1, 8.5890882683286313e-07
1, 8.5067115943495666e-07
1, 8.5405485963227711e-07
1, 8.6953228182044574e-07
1, 8.5974269433993441e-07
1, 8.9431480139392989e-07
1, 8.9139902194086376e-07
1, 8.5281895089292809e-07
1, 8.5509455087780132e-07
1, 8.5084316237131642e-07
1, 8.5736546142372887e-07
1, 8.606771432071803e-07
1, 8.6371945224925409e-07
1, 8.6816660351609028e-07
1, 8.6371786068209676e-07
1, 8.514637598793057e-07
1, 8.9613083636212483e-07
1, 8.5582732544954023e-07
1, 8.9667881861856112e-07
1, 8.5661031964926117e-07
2, 8.6897960842692493e-07
2, 8.5112527081032949e-07
2, 8.3740996148552082e-07
2, 8.5421190743479822e-07
2, 8.5770773485662153e-07
2, 8.5383835528585868e-07
2, 8.7584689746079081e-07
2, 8.8299497584580723e-07
2, 8.6203308450328095e-07
2, 8.8694893326161288e-07
2, 8.5255451134366525e-07
2, 8.5429119916452584e-07
2, 9.545548809058498e-07
2, 8.6718210185996493e-07
2, 8.5535183262453959e-07
2, 8.833630713595826e-07
2, 8.8136128201366814e-07
2, 8.7533198435713248e-07
2, 8.7225847776102738e-07
2, 8.8332351075464317e-07
2, 8.4269260956377451e-07
2, 8.4943342970972351e-07
2, 9.4421091951318434e-07
2, 8.4764081137843131e-07
2, 8.5435730402594043e-07
2, 8.6170528851379013e-07
2, 8.6191394796886566e-07
2, 8.5978603077473206e-07
2, 8.5930863203782664e-07
2, 8.6741241733584781e-07
2, 8.6214380872515164e-07
2, 8.6335216921424226e-07
2, 9.485862883155143e-07
2, 8.464657590998212e-07
2, 8.6119651412469137e-07
2, 8.5998298120018471e-07
2, 8.6050204362016572e-07
2, 8.7135222160419679e-07
2, 8.4405517683619942e-07
2, 8.5695108144720556e-07
2, 8.7185940447470604e-07
2, 8.4548578152832619e-07
2, 8.4994055574028313e-07
2, 8.487310584521999e-07
2, 8.731796828246095e-07
2, 8.581565999388149e-07
2, 8.6470376637638942e-07
2, 8.5326484019413644e-07
2, 9.3471614696792545e-07
2, 8.4045800378419364e-07
2, 8.5284308776791449e-07
2, 8.5950785606126431e-07
2, 9.3311746654475574e-07
2, 8.483353955628561e-07
2, 8.6122112582287926e-07
2, 8.697060798230897e-07
2, 8.6610111969798521e-07
2, 8.606511348080337e-07
2, 8.6301613143205573e-07
2, 8.5958686359124391e-07
2, 8.7582632139902634e-07
2, 8.4911239767423814e-07
2, 8.5790906195819545e-07
2, 8.6226891345427751e-07
2, 8.7980233271528684e-07
2, 8.5422168390613382e-07
2, 8.5735481560939619e-07
2, 8.4394405473468145e-07
2, 8.5070778138032946e-07
2, 8.6903303797957301e-07
2, 8.5696949759088426e-07
2, 8.4866103163426125e-07
2, 9.4918151626799363e-07
2, 8.5963068719240526e-07
2, 9.5421207916965773e-07
2, 8.4895944136979562e-07
2, 8.5236330175312479e-07
2, 8.6016822259601459e-07
2, 8.6255368160190184e-07
2, 8.7215036817683946e-07
2, 8.6313407432752878e-07
2, 8.6681599574442645e-07
2, 8.7853502919843435e-07
2, 8.603757452520976e-07
2, 8.5945323286967409e-07
2, 8.735948986566245e-07
2, 8.803437332354706e-07
2, 8.8260931678759754e-07
2, 8.7028300531178958e-07
2, 8.572001541064649e-07
2, 8.63467440632083e-07
2, 9.6815111053619282e-07
2, 8.7829948444718591e-07
2, 8.6354468612362421e-07
2, 8.604425321929077e-07
2, 8.7065252182430559e-07
2, 8.5706652338489508e-07
2, 8.6078647072809218e-07
2, 8.5692146783345062e-07
2, 8.6735427006738081e-07
4, 1.0618732428937755e-06
4, 8.5105570927798843e-07
4, 8.7694086140799429e-07
4, 8.5621759846550077e-07
4, 8.5961585165335992e-07
4, 8.5704786577722928e-07
4, 8.5178105644613462e-07
4, 8.5356185706299362e-07
4, 8.7220842866951132e-07
4, 8.6000563623878116e-07
4, 8.6526812599733407e-07
4, 8.6886985378650669e-07
4, 8.5465470891608199e-07
4, 8.5785721726401826e-07
4, 8.3457165209347548e-07
4, 8.5253243472249349e-07
4, 8.6131412570007729e-07
4, 8.6346163529114717e-07
4, 8.7595213398775684e-07
4, 8.5799703500682033e-07
4, 8.475122957181308e-07
4, 8.6359895222879333e-07
4, 8.5411874090200751e-07
4, 1.0206438323654972e-06
4, 8.417419151670255e-07
4, 8.1913270411816731e-07
4, 8.6362771148808518e-07
4, 8.6006804269471476e-07
4, 8.5231043142843457e-07
4, 8.6640235480845488e-07
4, 8.4754094130446091e-07
4, 8.5475042154977244e-07
4, 8.680947178611676e-07
4, 8.7153002843451733e-07
4, 8.5407327171735647e-07
4, 8.581029782070573e-07
4, 8.5698739176164336e-07
4, 8.6378912709359644e-07
4, 8.6728116047479838e-07
4, 8.753102227734454e-07
4, 8.5972577340725387e-07
4, 8.4685822149692517e-07
4, 8.6503964334446246e-07
4, 8.7030997653736758e-07
4, 8.5686905820858895e-07
4, 8.5936872663478135e-07
4, 8.6649988620953149e-07
4, 8.5690713865073418e-07
4, 8.3744030295311133e-07
4, 8.5358220452312501e-07
4, 8.3796422163325325e-07
4, 8.3228034620594666e-07
4, 1.0373813802544398e-06
4, 8.6935603304338826e-07
4, 8.5413465511663542e-07
4, 8.5708287704941056e-07
4, 8.7180045641022962e-07
4, 8.6801548780691318e-07
4, 8.6307344212718872e-07
4, 8.2428890965759836e-07
4, 8.6793944059558424e-07
4, 8.6836059891841477e-07
4, 8.5220835310889295e-07
4, 1.026973938579657e-06
4, 8.277989033667375e-07
4, 8.6345208676237043e-07
4, 8.5503062540018473e-07
4, 8.7052106722711023e-07
4, 8.6364919567783285e-07
4, 8.6094309715332455e-07
4, 8.6967534039260033e-07
4, 8.505284940819593e-07
4, 8.4215147884776999e-07
4, 8.6821907608118828e-07
4, 8.6010066683470196e-07
4, 8.6568666984204716e-07
4, 8.7643774487983028e-07
4, 8.6498576236065096e-07
4, 8.3178234496105579e-07
4, 8.6295704101448199e-07
4, 8.5234771615984852e-07
4, 8.8007550699783883e-07
4, 8.7193993313414671e-07
4, 8.7902573719720732e-07
4, 8.6507658705699142e-07
4, 8.5950411113207994e-07
4, 8.6013272260988091e-07
4, 8.3252212859532862e-07
4, 8.5934383225618495e-07
4, 8.5711720628382218e-07
4, 8.7199631492311402e-07
4, 8.495028229491929e-07
4, 8.7055914766925546e-07
4, 8.7531738417002796e-07
4, 8.4164802130072109e-07
4, 8.6290554716286457e-07
4, 8.4967935705860067e-07
4, 8.3693570867644615e-07
4, 8.5908636299809824e-07
4, 8.8251765690544763e-07
8, 8.6675898379048172e-07
8, 8.7690578529478022e-07
8, 8.7011147227728401e-07
8, 8.6615136230111209e-07
8, 8.904394003307351e-07
8, 8.588578585650765e-07
8, 8.7767957637215177e-07
8, 1.4123994441535202e-06
8, 8.5032888053247401e-07
8, 7.9967898073678253e-07
8, 8.3818758933579653e-07
8, 8.5960005241572808e-07
8, 8.1243266710456417e-07
8, 8.2287475492187847e-07
8, 8.3357052982566356e-07
8, 8.4240911521648585e-07
8, 8.532349161179961e-07
8, 8.1951499225338526e-07
8, 8.8326637522895541e-07
8, 8.7806397141088125e-07
8, 8.5067122170830289e-07
8, 8.5438741927965113e-07
8, 8.6940860447139889e-07
8, 8.2830652278139437e-07
8, 8.2826583282756084e-07
8, 8.2669324567325526e-07
8, 8.6293094567563556e-07
8, 7.9907385974736919e-07
8, 8.3316613078728407e-07
8, 8.0097014798692071e-07
8, 7.9767107927191104e-07
8, 8.1744412365325168e-07
8, 8.1808970727832082e-07
8, 8.2533001856074153e-07
8, 8.1953726943481371e-07
8, 8.1895783539949637e-07
8, 8.1296345504982341e-07
8, 8.4501077176187867e-07
8, 8.0046663822300239e-07
8, 8.2091913663791048e-07
8, 8.0724003796813721e-07
8, 8.1605202713215212e-07
8, 8.2704581616708704e-07
8, 8.2342327368500937e-07
8, 8.256989559633778e-07
8, 8.2102211177247256e-07
8, 8.0894356039287933e-07
8, 8.0137363775258882e-07
8, 7.8966265986656489e-07
8, 7.8596760288575577e-07
8, 7.9303196989852747e-07
8, 8.1417847071038473e-07
8, 7.9268008135922922e-07
8, 8.012356556186392e-07
8, 7.9296672958148693e-07
8, 7.96955254329889e-07
8, 7.8795845548728924e-07
8, 7.8960264786761479e-07
8, 7.9530833413142943e-07
8, 8.120355422478756e-07
8, 7.9770745018036564e-07
8, 8.3000936325160296e-07
8, 8.1654462562353401e-07
8, 7.8773454708211567e-07
8, 8.2762729606600488e-07
8, 8.2572373364476243e-07
8, 8.0353316044208039e-07
8, 8.0339699685355353e-07
8, 8.071118305158347e-07
8, 8.235567094554021e-07
8, 8.0743303110112436e-07
8, 8.1355334572132139e-07
8, 8.1176776143437856e-07
8, 7.92928085491254e-07
8, 8.0976690683302014e-07
8, 8.2152130249101184e-07
8, 8.0606889471589925e-07
8, 8.0611708616960155e-07
8, 8.0158868074882657e-07
8, 8.1829474827473352e-07
8, 8.0730232314886566e-07
8, 7.7588013142587385e-07
8, 8.1189528693214754e-07
8, 7.8728332049910084e-07
8, 8.0019658422772701e-07
8, 7.8750836549516364e-07
8, 8.0221335110153433e-07
8, 8.0706682151662223e-07
8, 8.1010902069067118e-07
8, 8.1192870270429016e-07
8, 8.2111463027085391e-07
8, 1.0885321893196209e-06
8, 8.0922157052437906e-07
8, 8.0946707415644766e-07
8, 8.0132862875337624e-07
8, 7.9663746351726701e-07
8, 7.6529119606567411e-07
8, 8.0132976534426546e-07
8, 7.854843244396654e-07
8, 8.2640977990548727e-07
16, 7.5540078550271722e-07
16, 7.3632571742614922e-07
16, 7.637917791825495e-07
16, 7.6810795252005488e-07
16, 7.6836748653181941e-07
16, 7.6272137183105149e-07
16, 7.5892017578834317e-07
16, 7.520218435702177e-07
16, 7.6168323578399348e-07
16, 7.6494081943078182e-07
16, 7.6173641525750745e-07
16, 7.5226410561622558e-07
16, 7.7156098209514221e-07
16, 7.8249322736827618e-07
16, 7.7282501727328062e-07
16, 8.4970753663571772e-07
16, 7.416423012012968e-07
16, 7.5483399231065009e-07
16, 7.6974833474152262e-07
16, 7.5807066778836448e-07
16, 7.7101827875005141e-07
16, 7.5611257230205727e-07
16, 7.5716479863696933e-07
16, 7.6555670136763102e-07
16, 7.7226322386077468e-07
16, 7.6627985130233723e-07
16, 7.6210503536878769e-07
16, 7.4930650874310557e-07
16, 7.5697162533574364e-07
16, 7.8536400988719821e-07
16, 7.5234637471627696e-07
16, 7.637176915399618e-07
16, 7.4516532769023993e-07
16, 8.0147784488732902e-07
16, 1.4474929986260703e-06
16, 7.7270638614005722e-07
16, 7.7066147629955214e-07
16, 7.5347541584626473e-07
16, 7.6272864423768587e-07
16, 7.6256728771548549e-07
16, 7.6479718939975279e-07
16, 7.9008380179291185e-07
16, 7.6218684994342448e-07
16, 7.7131826552371974e-07
16, 7.732181817569519e-07
16, 7.7054648136964594e-07
16, 7.6005830742662391e-07
16, 7.5642392221109176e-07
16, 7.6051056021419954e-07
16, 7.7262366251459114e-07
16, 7.6521444373040041e-07
16, 7.6895291526588708e-07
16, 7.5949196875997149e-07
16, 7.8191052578669629e-07
16, 7.4902788466392579e-07
16, 7.5833701968134879e-07
16, 7.6719981074158654e-07
16, 7.5413084149418832e-07
16, 7.4872607978859898e-07
16, 7.6723980897807564e-07
16, 7.7526127349579838e-07
16, 7.5663209485100092e-07
16, 7.6064237258444769e-07
16, 7.5616893345347372e-07
16, 7.5811157507568298e-07
16, 7.6840203046333272e-07
16, 7.610618995421686e-07
16, 7.5095370884579299e-07
16, 7.6358724274595754e-07
16, 7.577165924903531e-07
16, 7.6240593119328521e-07
16, 7.5948787803123959e-07
16, 7.8769436168810286e-07
16, 7.6426721276627217e-07
16, 7.6884655631885926e-07
16, 7.6028829728643621e-07
16, 7.7385088113414305e-07
16, 7.7534899690082566e-07
16, 7.6787841718565728e-07
16, 7.7525218298750541e-07
16, 7.7410677894259039e-07
16, 7.701387720727059e-07
16, 7.5790022075787122e-07
16, 7.715614366205568e-07
16, 7.9098012591059931e-07
16, 7.6667619746391111e-07
16, 7.6809704391010331e-07
16, 7.6275955196588199e-07
16, 7.7505355538130393e-07
16, 7.5312270412449725e-07
16, 7.7792388337481136e-07
16, 7.4717478454840251e-07
16, 7.4846109147185866e-07
16, 7.884861449604211e-07
16, 7.6266228352714714e-07
16, 7.6033829508204758e-07
16, 7.5418220286604369e-07
16, 7.5957241975836427e-07
16, 7.5197002767294774e-07
16, 7.9409817025509041e-07
32, 8.0180422561924627e-07
32, 7.2739200621116449e-07
32, 7.5776129961013793e-07
32, 7.6070246173114307e-07
32, 7.9277902841567994e-07
32, 7.3605194324400371e-07
32, 7.8928088996468522e-07
32, 7.294463675196578e-07
32, 7.6460856490018892e-07
32, 7.9993794604045584e-07
32, 7.1683307973349971e-07
32, 7.9767733085446241e-07
32, 7.7715552434688664e-07
32, 7.6225890618998833e-07
32, 8.0554496224333605e-07
32, 7.2067376317047496e-07
32, 7.8735827672772287e-07
32, 7.9409560052359974e-07
32, 7.5545343683987126e-07
32, 7.85342985536994e-07
32, 7.5527534979145704e-07
32, 7.6268867748539618e-07
32, 7.615501924258907e-07
32, 7.787455872791569e-07
32, 7.7562270368017806e-07
32, 7.6528275158347156e-07
32, 7.6353004792841473e-07
32, 7.6953866859761677e-07
32, 7.6737073136538998e-07
32, 7.7910357859076518e-07
32, 7.6252512815521984e-07
32, 7.6917522564166928e-07
32, 7.4151630808667443e-07
32, 7.8212288094729908e-07
32, 7.6658024293620413e-07
32, 7.590106347712075e-07
32, 7.7756894070927687e-07
32, 7.7305952223335829e-07
32, 7.483526700880469e-07
32, 7.7009473632021647e-07
32, 7.7186016047873146e-07
32, 7.8480508996219165e-07
32, 7.3020687190497789e-07
32, 7.603726372486208e-07
32, 7.5010809956527334e-07
32, 7.6711904711839635e-07
32, 7.8675859585040951e-07
32, 7.6479664662989179e-07
32, 7.2821520450638558e-07
32, 7.4395501032108219e-07
32, 7.7174749316238773e-07
32, 7.830814617436107e-07
32, 7.6754972702119406e-07
32, 7.8754363263525614e-07
32, 7.3650079529459878e-07
32, 7.8925726617254865e-07
32, 7.3603195388142651e-07
32, 7.6390984581737984e-07
32, 7.7921897172927852e-07
32, 8.142603243269571e-07
32, 7.4885694718942414e-07
32, 7.9354135001577977e-07
32, 7.7375551549399777e-07
32, 7.3978995404592377e-07
32, 7.5065871564353383e-07
32, 7.6399979794897687e-07
32, 8.0029321152989452e-07
32, 7.4251123317858067e-07
32, 7.8490685398985697e-07
32, 7.9528224177476832e-07
32, 7.717965579614407e-07
32, 7.2695133162707812e-07
32, 7.8301967644109958e-07
32, 7.7867562451013707e-07
32, 6.953645043256806e-07
32, 7.9674328245767733e-07
32, 7.3482259744551123e-07
32, 7.9572745939580403e-07
32, 7.3097646236419677e-07
32, 7.7331302369513166e-07
32, 7.8858307948926601e-07
32, 7.5076138827858902e-07
32, 7.879079841985935e-07
32, 7.5300473992417496e-07
32, 7.6246788588965816e-07
32, 7.7279875191246588e-07
32, 7.7443424521422964e-07
32, 7.3967637812219017e-07
32, 7.5551613074977225e-07
32, 7.6193544195919502e-07
32, 7.6539360168503555e-07
32, 7.8159316283900565e-07
32, 7.6391711467649879e-07
32, 7.4028514507340222e-07
32, 7.653581659968306e-07
32, 7.583409911248742e-07
32, 8.0202592582237426e-07
32, 7.7376369296050658e-07
32, 7.5775221353623925e-07
32, 7.5282665287576073e-07
64, 9.0556869148975688e-07
64, 8.0004240046700074e-07
64, 7.8874489484939424e-07
64, 7.9475764410305213e-07
64, 8.0323031945535313e-07
64, 9.6590314459847188e-07
64, 7.852356423411453e-07
64, 7.8333668831960965e-07
64, 9.121188120535243e-07
64, 8.6036959180125481e-07
64, 8.5395381406501493e-07
64, 7.8450764945143613e-07
64, 8.8103660191708841e-07
64, 9.1465135589677691e-07
64, 8.4403967648221736e-07
64, 8.6591758748941256e-07
64, 7.6859347072028745e-07
64, 9.1815879296141063e-07
64, 8.5152111962060016e-07
64, 7.577825039915639e-07
64, 7.981997251975374e-07
64, 7.8016692376740956e-07
64, 8.7957880069405475e-07
64, 8.6562711651097498e-07
64, 8.5460192743565376e-07
64, 7.6835201671946113e-07
64, 9.1857997588014513e-07
64, 8.2009034431003916e-07
64, 9.5002345929601269e-07
64, 7.4282506404564394e-07
64, 8.8111829687977395e-07
64, 8.3296547042928477e-07
64, 7.8041927042992724e-07
64, 7.8540992492820785e-07
64, 9.4520708738479463e-07
64, 8.0229536599350723e-07
64, 7.5739218361428837e-07
64, 8.9130838189208711e-07
64, 8.0026025370082893e-07
64, 8.7114606510128887e-07
64, 7.2730665202261641e-07
64, 3.278043055743502e-06
64, 7.8294636794233412e-07
64, 8.4233134404028134e-07
64, 9.7633105272438095e-07
64, 8.5411901943400122e-07
64, 7.9768050832358016e-07
64, 8.2684016367148237e-07
64, 8.7717152246025343e-07
64, 8.3744598527168441e-07
64, 8.9502459497247288e-07
64, 8.5649725056995889e-07
64, 8.5744309669349625e-07
64, 7.8760298081541151e-07
64, 8.5130145094315676e-07
64, 8.0443758945948431e-07
64, 8.7433579953325657e-07
64, 8.8133070378275641e-07
64, 8.5223640440500265e-07
64, 8.4638522963310075e-07
64, 7.7562105295486158e-07
64, 7.8876668017277705e-07
64, 8.8199697158954764e-07
64, 8.2884804430993212e-07
64, 7.9603934729540792e-07
64, 8.0009504833184253e-07
64, 9.315222734131543e-07
64, 8.7598785322312028e-07
64, 8.6953576661457559e-07
64, 7.2318377957241813e-07
64, 7.890680438129061e-07
64, 8.5775353755170144e-07
64, 8.318144791772259e-07
64, 8.7618392113356564e-07
64, 8.5089479157334414e-07
64, 8.7580812430521199e-07
64, 8.6671456723650061e-07
64, 7.3707736955981039e-07
64, 8.4527236269696178e-07
64, 8.4165418357179875e-07
64, 8.9381914041195701e-07
64, 8.5278829926403407e-07
64, 8.4385450123346335e-07
64, 8.7576455365844636e-07
64, 8.684737320996632e-07
64, 8.421951857691387e-07
64, 8.6554179066105891e-07
64, 7.8258872555013287e-07
64, 7.7550668000710175e-07
64, 8.5563309940910708e-07
64, 8.1836204198833564e-07
64, 1.0255822225620871e-06
64, 7.7532695108919347e-07
64, 8.8764118578931272e-07
64, 8.2549855083982386e-07
64, 7.2713781576639959e-07
64, 8.5307695479885644e-07
64, 8.9055134190453419e-07
64, 8.0227358067012441e-07
64, 7.3354451628456343e-07
128, 1.0009615859632826e-06
128, 1.0546956370776729e-06
128, 9.673288824029469e-07
128, 9.954098887480651e-07
128, 1.0392037926944778e-06
128, 1.0944344828100983e-06
128, 9.0151662840453567e-07
128, 1.0768480685898302e-06
128, 1.2056097562211033e-06
128, 9.3691775770966646e-07
128, 9.1637430371941291e-07
128, 1.1054327863663551e-06
128, 9.1581985876254069e-07
128, 1.0921406026944112e-06
128, 1.0530504213232938e-06
128, 7.9133790638660174e-07
128, 1.0583665700274218e-06
128, 9.3063042437520009e-07
128, 9.6915528931970273e-07
128, 9.5697561938475082e-07
128, 9.5156525127618692e-07
128, 1.0083650568579885e-06
128, 9.444335671250458e-07
128, 9.5477595867349938e-07
128, 1.060490130450475e-06
128, 1.1388951702340567e-06
128, 1.0346486468723312e-06
128, 8.9508796596341557e-07
128, 9.2436483398021893e-07
128, 1.2591118826476516e-06
128, 8.8781132888237329e-07
128, 1.0254731264095827e-06
128, 1.1249035886753395e-06
128, 1.0512312620530333e-06
128, 9.0929335309373727e-07
128, 9.2507872715998256e-07
128, 1.0479589496605127e-06
128, 9.9141281170603832e-07
128, 1.2408151990708675e-06
128, 9.2294791909043428e-07
128, 1.1048348555305125e-06
128, 9.7437721861939484e-07
128, 1.1341697047192763e-06
128, 8.3857806624141652e-07
128, 1.0876543095139679e-06
128, 8.9647589026721995e-07
128, 1.0772720559097913e-06
128, 9.2708270141586715e-07
128, 1.1036716082680551e-06
128, 1.0388667771324573e-06
128, 1.0778663629223865e-06
128, 1.0495570557126739e-06
128, 8.4235046624209628e-07
128, 1.058156388279065e-06
128, 1.0476654199774626e-06
128, 1.0730539256496652e-06
128, 1.095032413645941e-06
128, 1.0620882365026362e-06
128, 1.0536229853964038e-06
128, 1.0525938195941049e-06
128, 8.9822982071902499e-07
128, 9.3130807932248838e-07
128, 1.0819069258433835e-06
128, 8.1916886892764017e-07
128, 1.0883247168147611e-06
128, 1.0882848547590382e-06
128, 8.3341411811368474e-07
128, 1.113887166002845e-06
128, 1.0592290399603343e-06
128, 1.1297124021248131e-06
128, 1.0622911706044979e-06
128, 1.0043317415834864e-06
128, 1.1741006130838208e-06
128, 9.6226277750289855e-07
128, 9.4137868412737721e-07
128, 9.8788683168619058e-07
128, 1.0594500931784337e-06
128, 1.0602255913534052e-06
128, 1.0688213000965489e-06
128, 1.071332609607088e-06
128, 1.1189895091353687e-06
128, 9.7501501151096025e-07
128, 1.0585078991340756e-06
128, 9.4628534080453415e-07
128, 8.2353919976416267e-07
128, 1.1013233708036549e-06
128, 1.061341728913645e-06
128, 1.0758478933735116e-06
128, 1.0904337819448242e-06
128, 1.0757283072063432e-06
128, 1.0791310772357747e-06
128, 8.2289053540285455e-07
128, 1.0531156501417494e-06
128, 1.2322883429694268e-06
128, 1.0312639959591373e-06
128, 8.4481104222716987e-07
128, 1.2209783906138825e-06
128, 1.080040656870905e-06
128, 1.0478357396700968e-06
128, 9.2251668412397811e-07
256, 1.3954966336257697e-06
256, 1.1864616427310678e-06
256, 1.1550349205039268e-06
256, 1.1592727991961694e-06
256, 1.1298097958860471e-06
256, 1.5078040287476177e-06
256, 8.6807927419972972e-07
256, 1.1808881463930588e-06
256, 1.139512877593669e-06
256, 1.1319540036741152e-06
256, 1.1845628998076269e-06
256, 1.1410434232201687e-06
256, 1.2045466276102287e-06
256, 1.1241929822189863e-06
256, 1.1367838858634003e-06
256, 1.0921092805012253e-06
256, 1.145721694757772e-06
256, 1.4295079564863397e-06
256, 8.654874540114588e-07
256, 1.2573360126147898e-06
256, 1.1226985343666963e-06
256, 8.9811984189721044e-07
256, 1.1742244972739109e-06
256, 1.1183090450227723e-06
256, 1.1672215290771898e-06
256, 9.1319427240726559e-07
256, 1.2053768764170565e-06
256, 1.077410266842953e-06
256, 1.1791843314503514e-06
256, 1.1641171204951383e-06
256, 1.1362063214760418e-06
256, 1.154204671697099e-06
256, 1.1788883297018303e-06
256, 1.3911215833915297e-06
256, 1.167885728122652e-06
256, 1.1332751822101978e-06
256, 1.0907808824103007e-06
256, 1.1230739512184794e-06
256, 8.5843394893084381e-07
256, 1.2481382997461067e-06
256, 1.4630427887273389e-06
256, 1.142444016859513e-06
256, 1.1451008130413618e-06
256, 1.1060718995656155e-06
256, 1.2010956803957622e-06
256, 1.2164877713188644e-06
256, 1.1419458675754162e-06
256, 1.1176159677579421e-06
256, 8.8679236035014304e-07
256, 1.1070104416950729e-06
256, 1.3895982573198718e-06
256, 8.9765057083248171e-07
256, 1.1540747197099434e-06
256, 1.1394551211549329e-06
256, 1.1344086523203887e-06
256, 8.4880306277164195e-07
256, 1.3009349043055098e-06
256, 1.1457433534222979e-06
256, 1.1908727907395179e-06
256, 1.2001932360405146e-06
256, 1.1783901804177335e-06
256, 1.387324097544648e-06
256, 1.1860573476599169e-06
256, 8.7466350821561588e-07
256, 1.1235648809477339e-06
256, 1.1465591631194418e-06
256, 1.1938833451086237e-06
256, 8.1229377393574674e-07
256, 1.1365745187729827e-06
256, 1.1341198701267095e-06
256, 1.4198770703271379e-06
256, 8.9806208545847461e-07
256, 1.4436871621959893e-06
256, 9.1769927462866143e-07
256, 1.1310804375382356e-06
256, 1.158334257066712e-06
256, 1.1023249506026276e-06
256, 1.1540169632712076e-06
256, 1.0990400531495264e-06
256, 8.8707392298898032e-07
256, 1.4549352286397948e-06
256, 1.2425431447435719e-06
256, 8.3551908186239787e-07
256, 1.1479236589845762e-06
256, 1.1621028646942257e-06
256, 1.1698277883751448e-06
256, 1.1751486002936844e-06
256, 1.1703548158786094e-06
256, 1.1731704422669818e-06
256, 1.1516128515088282e-06
256, 1.1377513062122257e-06
256, 1.1774155405140662e-06
256, 1.1185978272164515e-06
256, 1.1895299535389094e-06
256, 1.1542696476906768e-06
256, 1.0800020870312241e-06
256, 1.1568903460983158e-06
256, 1.0905715153198834e-06
256, 1.1519593901412432e-06
256, 1.4238261668257011e-06
512, 1.9287260679098278e-06
512, 1.9007863906713632e-06
512, 1.8933501381140489e-06
512, 1.8114080795874962e-06
512, 1.853718780554258e-06
512, 1.838903587598067e-06
512, 1.8031408007328327e-06
512, 1.9526109099388122e-06
512, 1.9114607801804175e-06
512, 1.8490764957207901e-06
512, 1.8412820421732389e-06
512, 1.857544367129986e-06
512, 1.8344905513983506e-06
512, 1.8668862489553597e-06
512, 1.8732049144231357e-06
512, 1.7924807392633878e-06
512, 1.9511351218590368e-06
512, 1.8422706769062923e-06
512, 1.7664753473722017e-06
512, 1.916031424815838e-06
512, 1.8380439052214988e-06
512, 2.0648854283186106e-06
512, 1.8429440947679373e-06
512, 1.8988091212052565e-06
512, 1.8735631154133723e-06
512, 1.8830626056744502e-06
512, 1.914713245171767e-06
512, 1.788540528370784e-06
512, 1.8644648102613596e-06
512, 1.9697329172721278e-06
512, 1.8054905992287855e-06
512, 1.818643739590278e-06
512, 1.8776752627812899e-06
512, 1.8482741255026596e-06
512, 1.9198999955103946e-06
512, 1.8896678319344154e-06
512, 1.8296190179311311e-06
512, 1.9207883339661819e-06
512, 1.8956856085703924e-06
512, 1.8425285816192628e-06
512, 1.8918027098362263e-06
512, 1.8572578063377968e-06
512, 1.847944580591642e-06
512, 1.8441333220555232e-06
512, 1.8434025920354404e-06
512, 1.8947686140353864e-06
512, 1.840551312153156e-06
512, 1.8929489530049837e-06
512, 1.7966501987897433e-06
512, 1.8690354548967801e-06
512, 1.8809563838518582e-06
512, 1.7625208084399885e-06
512, 1.921948905174549e-06
512, 1.9170487156281103e-06
512, 1.834261302764599e-06
512, 1.8872320652008057e-06
512, 1.8424999255400438e-06
512, 2.2939191414759707e-06
512, 1.9224074024420516e-06
512, 1.8229134953938998e-06
512, 1.8455517979768606e-06
512, 1.9628124741407542e-06
512, 1.8788931461480949e-06
512, 1.850022146335015e-06
512, 2.3876245205218975e-06
512, 1.8334016203880309e-06
512, 1.8207642894524794e-06
512, 1.9175501970144421e-06
512, 1.7858325288845942e-06
512, 1.8988664333636944e-06
512, 1.9061020933664761e-06
512, 1.8319831444666936e-06
512, 1.8920892706284155e-06
512, 1.8368116938150847e-06
512, 1.8277277167026812e-06
512, 1.8849252508236812e-06
512, 1.834132350408114e-06
512, 1.9201005880649273e-06
512, 1.8625305249140813e-06
512, 1.9019326338401208e-06
512, 1.7890276817175058e-06
512, 1.8174688403423017e-06
512, 1.8974193013631381e-06
512, 1.7754876842865578e-06
512, 1.8576016792884239e-06
512, 1.8762424588203429e-06
512, 1.8699811055110051e-06
512, 1.8758699297904969e-06
512, 1.8687775501838096e-06
512, 1.8322553772192736e-06
512, 1.8845957059126633e-06
512, 1.8999123802551856e-06
512, 1.8208789137693552e-06
512, 1.8186723956694969e-06
512, 1.9871414853976324e-06
512, 1.8022381342374362e-06
512, 1.9104864734869738e-06
512, 1.8505236277213463e-06
512, 1.8743654856315025e-06
512, 1.8305216844265277e-06
1024, 2.8033938371773921e-06
1024, 8.887921770413717e-07
1024, 2.7166961720495513e-06
1024, 8.9155792286901758e-07
1024, 2.9147292176882425e-06
1024, 8.8644975965673278e-07
1024, 3.0440137241825913e-06
1024, 8.9017504995519469e-07
1024, 2.6366870963212215e-06
1024, 8.6121938445351342e-07
1024, 2.8656795620918274e-06
1024, 1.0592524300922046e-06
1024, 2.7666771502205818e-06
1024, 8.865908691377351e-07
1024, 2.6147022391810562e-06
1024, 9.0549953959204932e-07
1024, 2.8900350585128321e-06
1024, 8.9333590232964721e-07
1024, 2.7854729330900945e-06
1024, 8.8664731293013599e-07
1024, 2.9804580139391348e-06
1024, 1.8229651631730976e-06
1024, 1.8307261846282266e-06
1024, 1.8997287208383733e-06
1024, 1.7683557940251899e-06
1024, 1.8451757954828667e-06
1024, 1.8026736198049602e-06
1024, 1.7950537078308337e-06
1024, 1.7703031048630222e-06
1024, 2.7979752331069023e-06
1024, 8.7513277928034461e-07
1024, 2.7006943569038855e-06
1024, 8.8100293369004223e-07
1024, 2.8099130951997005e-06
1024, 8.741167910171278e-07
1024, 2.9435719956051218e-06
1024, 1.0133071830778411e-06
1024, 2.6468187570571899e-06
1024, 8.7259280862230248e-07
1024, 2.8541650284420359e-06
1024, 8.8501044295050879e-07
1024, 2.7684833515774119e-06
1024, 8.6251759167873498e-07
1024, 2.7115880088372664e-06
1024, 8.6686376369360718e-07
1024, 2.8420296130758342e-06
1024, 8.7253636482990149e-07
1024, 2.7661691560889734e-06
1024, 8.79845835945823e-07
1024, 2.7016821232709018e-06
1024, 8.8069249283183704e-07
1024, 2.7935443954034285e-06
1024, 8.7394745963992493e-07
1024, 3.0499121004884895e-06
1024, 1.7838496150392475e-06
1024, 1.7667753678379636e-06
1024, 1.8548559058796277e-06
1024, 1.8217233997402769e-06
1024, 1.9225320129683525e-06
1024, 1.7228620973500339e-06
1024, 2.6695373834985676e-06
1024, 9.0089937051137292e-07
1024, 2.7928106261022165e-06
1024, 9.3326988545331091e-07
1024, 2.789847327001167e-06
1024, 1.0241443912188213e-06
1024, 3.0257259354446875e-06
1024, 9.1122858452074451e-07
1024, 2.7882386789177405e-06
1024, 8.8018449870022863e-07
1024, 2.9062908707243023e-06
1024, 8.754432201385498e-07
1024, 2.6430088010701267e-06
1024, 8.7693898063717468e-07
1024, 2.73707238110629e-06
1024, 8.9694830504330725e-07
1024, 2.8668648817322473e-06
1024, 8.8695775378834119e-07
1024, 2.7897626613125657e-06
1024, 9.1955404389988293e-07
1024, 2.9833648692477834e-06
1024, 9.2226334593512793e-07
1024, 3.0290843410925432e-06
1024, 8.8317601969747828e-07
1024, 2.6752099846348618e-06
1024, 1.8037178299643777e-06
1024, 1.908505730556719e-06
1024, 1.8908952673276265e-06
1024, 1.7378479242324829e-06
1024, 1.8409989548451973e-06
1024, 1.7976783441774773e-06
1024, 1.79423527284102e-06
1024, 1.8385436498757564e-06
1024, 2.8669495474208486e-06
1024, 1.0165809230370955e-06
1024, 2.7732528520352915e-06
1024, 8.9251746733983361e-07
1024, 2.7169501691153557e-06
1024, 8.8585709983652283e-07
1024, 2.8285113247958096e-06
2048, 1.1392266434781692e-06
2048, 1.0894830612575306e-06
2048, 2.8419582282795625e-06
2048, 2.8847990667118745e-06
2048, 1.077649786191828e-06
2048, 1.1007684995146359e-06
2048, 2.9340495958047755e-06
2048, 2.9158614137593439e-06
2048, 1.0867438772145441e-06
2048, 1.069432234062868e-06
2048, 4.8498896991505346e-06
2048, 1.1211480287944569e-06
2048, 1.1115061009631438e-06
2048, 1.1160531464745016e-06
2048, 4.6629677800571219e-06
2048, 1.048011814846712e-06
2048, 1.0869082282571231e-06
2048, 2.8195517028079314e-06
2048, 3.1749882242258856e-06
2048, 1.1249828864546384e-06
2048, 1.1292560135616975e-06
2048, 3.0362211606081793e-06
2048, 2.8392190442365758e-06
2048, 1.0650495395940892e-06
2048, 1.0635155965300168e-06
2048, 4.6293306000092453e-06
2048, 1.0462039533783407e-06
2048, 1.0727740385953119e-06
2048, 1.0701992055949042e-06
2048, 4.81778646216673e-06
2048, 1.0617625187425052e-06
2048, 1.0468065738677979e-06
2048, 1.0871821466614217e-06
2048, 4.9981343395569748e-06
2048, 1.0698157198288862e-06
2048, 1.067186103147619e-06
2048, 2.8342337292783399e-06
2048, 2.724063747069415e-06
2048, 1.07107574448866e-06
2048, 1.0782524066812852e-06
2048, 4.8858825774753793e-06
2048, 1.0503675131236805e-06
2048, 1.1389527250738705e-06
2048, 1.0859769056825076e-06
2048, 4.7028502997230084e-06
2048, 1.0737053611699274e-06
2048, 1.2915252762682298e-06
2048, 1.0504222968045404e-06
2048, 4.5246937695671527e-06
2048, 1.0613790329764872e-06
2048, 1.0824707501074847e-06
2048, 2.957661362255321e-06
2048, 3.1481442206046162e-06
2048, 1.0768828146597918e-06
2048, 1.0551336933584775e-06
2048, 3.071775769486147e-06
2048, 2.792872050229241e-06
2048, 1.0792385129367603e-06
2048, 1.0632416781257181e-06
2048, 4.8093497753143311e-06
2048, 1.0584754978909212e-06
2048, 1.0608859798487494e-06
2048, 1.0391368585474351e-06
2048, 4.7413084436865414e-06
2048, 1.0678982909987955e-06
2048, 1.0699252871906056e-06
2048, 3.0069666750290813e-06
2048, 2.6986989028313579e-06
2048, 1.0485048679744495e-06
2048, 1.0450534960802863e-06
2048, 2.9252294231863583e-06
2048, 2.9161353321636423e-06
2048, 1.0745271163828233e-06
2048, 1.0542571544647217e-06
2048, 4.8061175381436071e-06
2048, 1.1132591787506551e-06
2048, 1.1142452850061305e-06
2048, 1.1049320592599757e-06
2048, 4.9354618086534384e-06
2048, 1.0420403936330011e-06
2048, 1.0565032853799708e-06
2048, 2.824591801447027e-06
2048, 2.7287203599424924e-06
2048, 1.0743079816593843e-06
2048, 1.0825803174692042e-06
2048, 2.9464854913599353e-06
2048, 2.8961940723306994e-06
2048, 1.0619816534659441e-06
2048, 1.0462587370592006e-06
2048, 4.8825955566237958e-06
2048, 1.0670217521050397e-06
2048, 1.0839499094906976e-06
2048, 1.043903038782232e-06
2048, 4.520420642460094e-06
2048, 1.0691583156585693e-06
2048, 1.0469709249103771e-06
2048, 1.0229208890129537e-06
2048, 4.9571561462738937e-06
2048, 1.1341865448390736e-06
2048, 1.151826890075908e-06
4096, 1.0265554818842145e-05
4096, 6.6799629065725539e-06
4096, 5.4926301042238874e-06
4096, 2.1649110648367141e-06
4096, 2.1201041009691026e-06
4096, 2.1379027101728652e-06
4096, 2.1212423841158548e-06
4096, 4.8408077822791202e-06
4096, 5.9829196996159026e-06
4096, 5.1841553714540269e-06
4096, 2.1678085128466287e-06
4096, 2.1535282333691916e-06
4096, 2.1324182550112405e-06
4096, 2.1297277675734626e-06
4096, 4.0056183934211731e-06
4096, 6.1231354872385664e-06
4096, 6.0479053192668489e-06
4096, 2.1073760257826912e-06
4096, 2.1356261438793608e-06
4096, 2.1450428499115837e-06
4096, 2.17670781744851e-06
4096, 3.8942736056115891e-06
4096, 6.6895865731769136e-06
4096, 5.4596198929680722e-06
4096, 2.1612892548243203e-06
4096, 2.1826061937544082e-06
4096, 2.102512452337477e-06
4096, 2.1628414591153464e-06
4096, 4.0280736154980132e-06
4096, 5.5189140968852571e-06
4096, 5.4696574807167053e-06
4096, 2.1487681402100457e-06
4096, 2.1917124589284262e-06
4096, 2.1152405275238884e-06
4096, 2.1279686027102998e-06
4096, 3.9152801036834717e-06
4096, 2.1154474880960252e-06
4096, 9.9284160468313422e-06
4096, 2.0974419183201262e-06
4096, 2.1471124556329514e-06
4096, 2.1092386709319221e-06
4096, 2.1179310149616667e-06
4096, 2.1258989969889322e-06
4096, 4.067810045348273e-06
4096, 8.7027955386373724e-06
4096, 2.1236224306954277e-06
4096, 2.1363505058818391e-06
4096, 2.1459741724861992e-06
4096, 2.1788809034559463e-06
4096, 2.1285894844267104e-06
4096, 4.0415260526869033e-06
4096, 6.2822881672117446e-06
4096, 5.5503721038500471e-06
4096, 2.6433004273308648e-06
4096, 2.1935751040776572e-06
4096, 2.1546665165159438e-06
4096, 2.157667444811927e-06
4096, 3.992683357662625e-06
4096, 5.640296472443475e-06
4096, 5.67972246143553e-06
4096, 2.1634623408317566e-06
4096, 2.184779279761844e-06
4096, 2.1747416920132109e-06
4096, 2.1514586276478239e-06
4096, 4.0804346402486163e-06
4096, 5.954255660374959e-06
4096, 5.2958106001218157e-06
4096, 2.209097146987915e-06
4096, 2.1674980719884238e-06
4096, 2.165221505694919e-06
4096, 2.106755144066281e-06
4096, 4.253971079985301e-06
4096, 5.7430523965093826e-06
4096, 5.4545493589507205e-06
4096, 2.1642901831203035e-06
4096, 2.1572535236676535e-06
4096, 2.1782600217395357e-06
4096, 2.1561152405209013e-06
4096, 3.9823353290557861e-06
4096, 6.1708398991160921e-06
4096, 5.6952445043457883e-06
4096, 2.1583918068144057e-06
4096, 2.1516655882199607e-06
4096, 2.1667737099859451e-06
4096, 2.1399723158942329e-06
4096, 4.0210369560453628e-06
4096, 6.3114696078830293e-06
4096, 5.5113600360022647e-06
4096, 2.1749486525853476e-06
4096, 2.1608753336800469e-06
4096, 2.1465950542026094e-06
4096, 2.1762938963042366e-06
4096, 4.4801789853307937e-06
4096, 5.8937196930249529e-06
4096, 5.4034300976329378e-06
4096, 2.2185138530201384e-06
4096, 2.1932646632194519e-06
4096, 2.1779495808813308e-06
4096, 2.1101699935065376e-06
4096, 3.9507738418049284e-06
8192, 3.4421682357788086e-06
8192, 8.5553154349327094e-06
8192, 2.3281201720237734e-06
8192, 8.7333843111991879e-06
8192, 2.3683533072471619e-06
8192, 2.364441752433777e-06
8192, 2.3661181330680846e-06
8192, 2.3713335394859312e-06
8192, 2.3674219846725464e-06
8192, 2.3135915398597716e-06
8192, 2.3530796170234679e-06
8192, 2.352893352508545e-06
8192, 5.7369470596313477e-06
8192, 2.3690983653068544e-06
8192, 9.1020017862319953e-06
8192, 2.3549422621726989e-06
8192, 8.3554536104202274e-06
8192, 2.3027881979942321e-06
8192, 2.2875145077705382e-06
8192, 2.2992491722106935e-06
8192, 2.2960826754570008e-06
8192, 2.2873282432556152e-06
8192, 2.2893771529197691e-06
8192, 2.3053959012031556e-06
8192, 2.3415312170982359e-06
8192, 5.9556216001510622e-06
8192, 2.3826956748962403e-06
8192, 8.3630904555320733e-06
8192, 8.998997509479523e-06
8192, 2.4065375328063965e-06
8192, 2.2910535335540771e-06
8192, 2.2638589143753053e-06
8192, 2.2325664758682249e-06
8192, 2.2996217012405394e-06
8192, 2.2796913981437685e-06
8192, 2.1807849407196044e-06
8192, 2.4566426873207094e-06
8192, 2.3009255528450011e-06
8192, 5.7257711887359619e-06
8192, 2.3156404495239259e-06
8192, 9.4810500741004951e-06
8192, 9.199418127536773e-06
8192, 2.3221597075462342e-06
8192, 2.3214146494865417e-06
8192, 2.3024156689643858e-06
8192, 2.3143365979194641e-06
8192, 2.3337081074714662e-06
8192, 2.3465603590011596e-06
8192, 2.3366883397102356e-06
8192, 3.1504780054092409e-06
8192, 2.3398548364639283e-06
8192, 5.9731304645538333e-06
8192, 2.3223459720611571e-06
8192, 8.6059793829917911e-06
8192, 8.0557540059089654e-06
8192, 2.3832544684410095e-06
8192, 2.351030707359314e-06
8192, 2.3366883397102356e-06
8192, 2.3193657398223878e-06
8192, 2.3271888494491579e-06
8192, 2.3176893591880797e-06
8192, 2.3158267140388488e-06
8192, 2.3335218429565429e-06
8192, 5.9843063354492191e-06
8192, 2.3517757654190062e-06
8192, 1.0356679558753967e-05
8192, 2.3243948817253114e-06
8192, 8.2861632108688361e-06
8192, 2.3109838366508485e-06
8192, 2.3201107978820799e-06
8192, 2.351030707359314e-06
8192, 2.3629516363143919e-06
8192, 2.3057684302330019e-06
8192, 2.3456290364265441e-06
8192, 2.3677945137023927e-06
8192, 2.3059546947479248e-06
8192, 5.5709853768348696e-06
8192, 2.3715198040008546e-06
8192, 8.7713822722435004e-06
8192, 2.3124739527702332e-06
8192, 9.5358118414878845e-06
8192, 2.3301690816879272e-06
8192, 2.3232772946357726e-06
8192, 2.3281201720237734e-06
8192, 2.319924533367157e-06
8192, 2.3188069462776186e-06
8192, 2.3376196622848511e-06
8192, 2.2964552044868471e-06
8192, 2.3059546947479248e-06
8192, 5.8392062783241274e-06
8192, 2.2249296307563782e-06
8192, 9.0673565864562988e-06
8192, 8.0283731222152707e-06
8192, 2.5069341063499452e-06
8192, 2.3087486624717712e-06
8192, 2.3208558559417725e-06
8192, 2.3894011974334716e-06
8192, 2.3562461137771606e-06
8192, 2.3530796170234679e-06
8192, 2.3597851395606996e-06
16384, 7.2289258241653442e-06
16384, 3.4179538488388062e-06
16384, 3.3111621936162314e-06
16384, 8.833284179369608e-06
16384, 3.5970782240231833e-06
16384, 3.5418197512626648e-06
16384, 3.3089891076087952e-06
16384, 1.3529323041439056e-05
16384, 3.3844262361526489e-06
16384, 1.3707516094048819e-05
16384, 3.303090731302897e-06
16384, 3.3651789029439292e-06
16384, 3.4691765904426575e-06
16384, 3.4350280960400901e-06
16384, 3.6483009656270346e-06
16384, 3.3996378382047019e-06
16384, 3.252178430557251e-06
16384, 3.5107756654421487e-06
16384, 3.3788383007049561e-06
16384, 3.5604462027549744e-06
16384, 3.491528332233429e-06
16384, 3.5163636008898416e-06
16384, 3.468245267868042e-06
16384, 3.6141524712244668e-06
16384, 4.8829242587089539e-06
16384, 1.2445263564586639e-05
16384, 3.4412369132041931e-06
16384, 3.5247455040613809e-06
16384, 1.4440156519412994e-05
16384, 3.5408884286880493e-06
16384, 1.4311323563257853e-05
16384, 3.4794211387634277e-06
16384, 3.4961849451065063e-06
16384, 3.4201269348462424e-06
16384, 3.4912178913752237e-06
16384, 3.4297506014506021e-06
16384, 3.4089510639508567e-06
16384, 3.3822531501452127e-06
16384, 3.4378220637639365e-06
16384, 3.3434480428695679e-06
16384, 3.415470321973165e-06
16384, 3.466382622718811e-06
16384, 3.2819807529449463e-06
16384, 3.3800800641377768e-06
16384, 3.5117069880167642e-06
16384, 3.4986684719721475e-06
16384, 8.9543561140696202e-06
16384, 3.31830233335495e-06
16384, 3.4570693969726562e-06
16384, 1.4745940764745077e-05
16384, 3.4018109242121377e-06
16384, 3.4365803003311157e-06
16384, 1.438396672407786e-05
16384, 3.3918768167495728e-06
16384, 3.3965334296226501e-06
16384, 3.3167501290639243e-06
16384, 3.2664587100346885e-06
16384, 3.3124039570490518e-06
16384, 3.3099204301834106e-06
16384, 3.3508986234664917e-06
16384, 3.3077473441759744e-06
16384, 3.4052257736523948e-06
16384, 3.5384049018224082e-06
16384, 3.4735227624575296e-06
16384, 3.5768995682398477e-06
16384, 3.3937394618988037e-06
16384, 3.4126763542493186e-06
16384, 1.0146449009577433e-05
16384, 3.2627334197362265e-06
16384, 3.4586216012636819e-06
16384, 3.4558276335398355e-06
16384, 1.3570922116438547e-05
16384, 3.2416234413782754e-06
16384, 1.2907510002454122e-05
16384, 3.4812837839126587e-06
16384, 3.4794211387634277e-06
16384, 3.3741816878318787e-06
16384, 3.4462039669354758e-06
16384, 3.3766652146975198e-06
16384, 3.4185747305552163e-06
16384, 3.4694870313008628e-06
16384, 3.1972303986549377e-06
16384, 3.2760823766390481e-06
16384, 3.2720466454823813e-06
16384, 3.3608327309290567e-06
16384, 3.3589700857798257e-06
16384, 3.5073608160018921e-06
16384, 3.3661102255185447e-06
16384, 4.5957664648691816e-06
16384, 9.3250224987665807e-06
16384, 3.4486874938011169e-06
16384, 3.4064675370852151e-06
16384, 1.6696751117706299e-05
16384, 3.4511710206667581e-06
16384, 1.4071973661581675e-05
16384, 3.3508986234664917e-06
16384, 3.5595148801803589e-06
16384, 3.5862127939860025e-06
16384, 3.5082921385765076e-06
16384, 3.4018109242121377e-06
32768, 1.5720725059509277e-05
32768, 4.7706998884677887e-06
32768, 4.7748908400535583e-06
32768, 4.6179629862308502e-06
32768, 4.5667402446269989e-06
32768, 4.6007335186004639e-06
32768, 4.6552158892154694e-06
32768, 4.6170316636562347e-06
32768, 4.6496279537677765e-06
32768, 4.6011991798877716e-06
32768, 4.7544017434120178e-06
32768, 4.6882778406143188e-06
32768, 4.5378692448139191e-06
32768, 4.530884325504303e-06
32768, 4.6412460505962372e-06
32768, 1.4143530279397964e-05
32768, 4.377216100692749e-06
32768, 4.6202912926673889e-06
32768, 4.639849066734314e-06
32768, 4.3967738747596741e-06
32768, 2.1222513169050217e-05
32768, 4.5243650674819946e-06
32768, 4.6510249376296997e-06
32768, 4.5276246964931488e-06
32768, 1.8478836864233017e-05
32768, 4.4796615839004517e-06
32768, 4.5676715672016144e-06
32768, 4.6417117118835449e-06
32768, 4.6207569539546967e-06
32768, 4.4954940676689148e-06
32768, 4.4950284063816071e-06
32768, 4.639849066734314e-06
32768, 4.507601261138916e-06
32768, 4.6323984861373901e-06
32768, 4.5336782932281494e-06
32768, 4.5225024223327637e-06
32768, 4.4330954551696777e-06
32768, 4.5336782932281494e-06
32768, 4.5206397771835327e-06
32768, 4.5173801481723785e-06
32768, 4.5532360672950745e-06
32768, 4.5406632125377655e-06
32768, 4.7851353883743286e-06
32768, 4.5928172767162323e-06
32768, 4.8303045332431793e-06
32768, 4.6212226152420044e-06
32768, 4.5904889702796936e-06
32768, 1.7459969967603683e-05
32768, 4.6854838728904724e-06
32768, 4.5089982450008392e-06
32768, 4.6445056796073914e-06
32768, 4.5425258576869965e-06
32768, 2.0009931176900864e-05
32768, 4.5420601963996887e-06
32768, 4.5942142605781555e-06
32768, 4.6426430344581604e-06
32768, 1.9329134374856949e-05
32768, 4.7138892114162445e-06
32768, 4.3716281652450562e-06
32768, 4.616566002368927e-06
32768, 4.5327469706535339e-06
32768, 4.5127235352993011e-06
32768, 4.5248307287693024e-06
32768, 4.6049244701862335e-06
32768, 4.6975910663604736e-06
32768, 4.6584755182266235e-06
32768, 4.6202912926673889e-06
32768, 4.4764019548892975e-06
32768, 4.43262979388237e-06
32768, 4.4549815356731415e-06
32768, 4.5602209866046906e-06
32768, 4.5457854866981506e-06
32768, 4.5751221477985382e-06
32768, 4.5662745833396912e-06
32768, 4.5881606638431549e-06
32768, 4.5392662286758423e-06
32768, 4.5686028897762299e-06
32768, 4.5001506805419922e-06
32768, 4.5211054384708405e-06
32768, 1.4565419405698776e-05
32768, 4.4740736484527588e-06
32768, 4.5849010348320007e-06
32768, 4.586298018693924e-06
32768, 4.4633634388446808e-06
32768, 2.1726824343204498e-05
32768, 4.5401975512504578e-06
32768, 4.5066699385643005e-06
32768, 4.5085325837135315e-06
32768, 2.1444633603096008e-05
32768, 4.3027102947235107e-06
32768, 4.550442099571228e-06
32768, 4.4889748096466064e-06
32768, 4.3921172618865967e-06
32768, 4.4577755033969879e-06
32768, 4.4698826968669891e-06
32768, 4.5676715672016144e-06
32768, 4.445202648639679e-06
32768, 4.5211054384708405e-06
32768, 4.3935142457485199e-06
32768, 4.4661574065685272e-06
65536, 4.7214329242706299e-05
65536, 9.4957649707794189e-06
65536, 9.0030953288078308e-06
65536, 8.3781778812408447e-06
65536, 9.4734132289886475e-06
65536, 9.5050781965255737e-06
65536, 8.8969245553016663e-06
65536, 8.7646767497062683e-06
65536, 8.0689787864685059e-06
65536, 7.975846529006958e-06
65536, 8.3390623331069946e-06
65536, 8.5895881056785583e-06
65536, 8.5653737187385559e-06
65536, 8.8503584265708923e-06
65536, 8.1676989793777466e-06
65536, 8.0773606896400452e-06
65536, 8.1863254308700562e-06
65536, 7.7122822403907776e-06
65536, 7.8985467553138733e-06
65536, 9.4501301646232605e-06
65536, 9.3951821327209473e-06
65536, 8.3856284618377686e-06
65536, 8.5532665252685547e-06
65536, 1.5104189515113831e-05
65536, 7.8789889812469482e-06
65536, 1.0528601706027985e-05
65536, 8.843839168548584e-06
65536, 8.6007639765739441e-06
65536, 9.470619261264801e-06
65536, 9.558163583278656e-06
65536, 9.2089176177978516e-06
65536, 9.4762071967124939e-06
65536, 9.5181167125701904e-06
65536, 4.6376138925552368e-05
65536, 8.561648428440094e-06
65536, 8.5886567831039429e-06
65536, 9.3718990683555603e-06
65536, 8.8149681687355042e-06
65536, 8.7497755885124207e-06
65536, 8.559785783290863e-06
65536, 4.3125823140144348e-05
65536, 9.4156712293624878e-06
65536, 8.452683687210083e-06
65536, 8.5104256868362427e-06
65536, 9.0375542640686035e-06
65536, 8.2617625594139099e-06
65536, 9.6336007118225098e-06
65536, 9.5320865511894226e-06
65536, 8.4247440099716187e-06
65536, 8.1378966569900513e-06
65536, 8.4536150097846985e-06
65536, 8.0261379480361938e-06
65536, 8.19377601146698e-06
65536, 8.9425593614578247e-06
65536, 8.779577910900116e-06
65536, 9.1399997472763062e-06
65536, 7.6871365308761597e-06
65536, 8.3111226558685303e-06
65536, 9.2126429080963135e-06
65536, 8.474104106426239e-06
65536, 9.2610716819763184e-06
65536, 8.5281208157539368e-06
65536, 9.04034823179245e-06
65536, 8.3949416875839233e-06
65536, 9.0301036834716797e-06
65536, 8.8773667812347412e-06
65536, 9.2061236500740051e-06
65536, 9.2620030045509338e-06
65536, 8.8820233941078186e-06
65536, 8.9835375547409058e-06
65536, 9.2647969722747803e-06
65536, 9.2023983597755432e-06
65536, 9.1120600700378418e-06
65536, 9.1148540377616882e-06
65536, 8.388422429561615e-06
65536, 9.3560665845870972e-06
65536, 8.4834173321723938e-06
65536, 9.451061487197876e-06
65536, 8.4582716226577759e-06
65536, 8.6203217506408691e-06
65536, 9.5143914222717285e-06
65536, 8.3111226558685303e-06
65536, 8.1546604633331299e-06
65536, 8.9760869741439819e-06
65536, 8.1481412053108215e-06
65536, 8.2524493336677551e-06
65536, 8.1714242696762085e-06
65536, 1.976359635591507e-05
65536, 1.3319775462150574e-05
65536, 9.2498958110809326e-06
65536, 9.4585120677947998e-06
65536, 8.8093802332878113e-06
65536, 8.6138024926185608e-06
65536, 9.3840062618255615e-06
65536, 9.1325491666793823e-06
65536, 8.3707273006439209e-06
65536, 8.3046033978462219e-06
65536, 4.4257380068302155e-05
65536, 8.4014609456062317e-06
65536, 8.606351912021637e-06
131072, 8.6533837020397186e-05
131072, 1.468416303396225e-05
131072, 1.3316050171852112e-05
131072, 1.3282522559165955e-05
131072, 4.4440850615501404e-05
131072, 1.2837350368499756e-05
131072, 1.3201497495174408e-05
131072, 1.4006160199642181e-05
131072, 1.354515552520752e-05
131072, 1.3386830687522888e-05
131072, 1.3464130461215973e-05
131072, 1.3099983334541321e-05
131072, 1.0584481060504913e-05
131072, 2.1722167730331421e-05
131072, 1.3189390301704407e-05
131072, 1.2160278856754303e-05
131072, 1.2333504855632782e-05
131072, 1.3231299817562103e-05
131072, 1.3002194464206696e-05
131072, 1.3113953173160553e-05
131072, 1.3745389878749847e-05
131072, 1.2978911399841309e-05
131072, 1.2722797691822052e-05
131072, 1.2324191629886627e-05
131072, 1.2877397239208221e-05
131072, 1.3389624655246735e-05
131072, 1.3543292880058289e-05
131072, 1.3484619557857513e-05
131072, 1.3450160622596741e-05
131072, 1.2565404176712036e-05
131072, 1.3194046914577484e-05
131072, 1.3664364814758301e-05
131072, 1.3121403753757477e-05
131072, 1.2619420886039734e-05
131072, 1.269020140171051e-05
131072, 1.2353993952274323e-05
131072, 1.329369843006134e-05
131072, 1.2986361980438232e-05
131072, 1.3475306332111359e-05
131072, 1.2787990272045135e-05
131072, 1.28159299492836e-05
131072, 1.3368204236030579e-05
131072, 1.2462027370929718e-05
131072, 1.3669021427631378e-05
131072, 1.2439675629138947e-05
131072, 1.2184493243694305e-05
131072, 1.2389384210109711e-05
131072, 1.2813135981559753e-05
131072, 1.3589859008789062e-05
131072, 1.3746321201324463e-05
131072, 1.3426877558231354e-05
131072, 2.8623268008232117e-05
131072, 1.6349367797374725e-05
131072, 1.3070181012153625e-05
131072, 1.3073906302452087e-05
131072, 1.3260170817375183e-05
131072, 1.3306736946105957e-05
131072, 1.2191943824291229e-05
131072, 1.2151896953582764e-05
131072, 1.2678094208240509e-05
131072, 1.544412225484848e-05
131072, 5.0846487283706665e-05
131072, 1.2934207916259766e-05
131072, 1.2895092368125916e-05
131072, 1.2742355465888977e-05
131072, 1.2862496078014374e-05
131072, 1.2774951756000519e-05
131072, 1.2931413948535919e-05
131072, 4.2810104787349701e-05
131072, 1.3525597751140594e-05
131072, 1.2831762433052063e-05
131072, 1.2600794434547424e-05
131072, 1.2694858014583588e-05
131072, 1.2667849659919739e-05
131072, 1.3504177331924438e-05
131072, 1.2746080756187439e-05
131072, 1.240801066160202e-05
131072, 1.2649223208427429e-05
131072, 1.2706033885478973e-05
131072, 1.2692995369434357e-05
131072, 1.2493692338466644e-05
131072, 1.269020140171051e-05
131072, 1.2794509530067444e-05
131072, 1.261197030544281e-05
131072, 1.2726522982120514e-05
131072, 1.2662261724472046e-05
131072, 1.2720935046672821e-05
131072, 1.2610107660293579e-05
131072, 1.2775883078575134e-05
131072, 1.2939795851707458e-05
131072, 1.2750737369060516e-05
131072, 1.2739561498165131e-05
131072, 1.2628734111785889e-05
131072, 1.2665987014770508e-05
131072, 1.5553086996078491e-05
131072, 1.2793578207492828e-05
131072, 1.2619420886039734e-05
131072, 1.2558884918689728e-05
131072, 1.2545846402645111e-05
131072, 1.7785467207431793e-05
262144, 0.00014222040772438049
262144, 6.7567452788352966e-05
262144, 2.8232112526893616e-05
262144, 3.1798146665096283e-05
262144, 3.0461698770523071e-05
262144, 3.2600946724414825e-05
262144, 3.1425617635250092e-05
262144, 3.141351044178009e-05
262144, 3.1244941055774689e-05
262144, 3.1096860766410828e-05
262144, 3.1999312341213226e-05
262144, 3.2805837690830231e-05
262144, 3.069266676902771e-05
262144, 3.2153911888599396e-05
262144, 3.2693147659301758e-05
262144, 4.2620114982128143e-05
262144, 2.5237910449504852e-05
262144, 3.7088990211486816e-05
262144, 2.9972754418849945e-05
262144, 3.1149014830589294e-05
262144, 3.0472874641418457e-05
262144, 3.2060779631137848e-05
262144, 3.1000003218650818e-05
262144, 3.2017938792705536e-05
262144, 3.6076642572879791e-05
262144, 5.3757801651954651e-05
262144, 3.1429342925548553e-05
262144, 3.0499882996082306e-05
262144, 3.0710361897945404e-05
262144, 2.9974617063999176e-05
262144, 3.1005591154098511e-05
262144, 3.18111851811409e-05
262144, 3.6361627280712128e-05
262144, 3.108195960521698e-05
262144, 3.2491050660610199e-05
262144, 2.9779039323329926e-05
262144, 3.0797906219959259e-05
262144, 3.2123178243637085e-05
262144, 3.1161122024059296e-05
262144, 3.05958092212677e-05
262144, 3.1624920666217804e-05
262144, 3.0758790671825409e-05
262144, 3.222934901714325e-05
262144, 3.1474977731704712e-05
262144, 2.9585324227809906e-05
262144, 3.1684525310993195e-05
262144, 3.0844472348690033e-05
262144, 3.2514333724975586e-05
262144, 3.2318755984306335e-05
262144, 2.9190443456172943e-05
262144, 2.8645619750022888e-05
262144, 3.2460317015647888e-05
262144, 3.0464492738246918e-05
262144, 2.9487535357475281e-05
262144, 2.8856098651885986e-05
262144, 3.140326589345932e-05
262144, 3.2505020499229431e-05
262144, 3.1759962439537048e-05
262144, 3.1639821827411652e-05
262144, 3.2095238566398621e-05
262144, 3.1897798180580139e-05
262144, 3.1076371669769287e-05
262144, 3.2804906368255615e-05
262144, 3.1641684472560883e-05
262144, 3.1067989766597748e-05
262144, 3.2425858080387115e-05
262144, 3.266800194978714e-05
262144, 3.147125244140625e-05
262144, 3.0446797609329224e-05
262144, 3.214273601770401e-05
262144, 3.2090581953525543e-05
262144, 3.2630749046802521e-05
262144, 3.1219795346260071e-05
262144, 3.0848197638988495e-05
262144, 3.2437965273857117e-05
262144, 2.9616057872772217e-05
262144, 3.0844472348690033e-05
262144, 3.2300129532814026e-05
262144, 3.0370429158210754e-05
262144, 2.4417415261268616e-05
262144, 3.0132941901683807e-05
262144, 3.1451694667339325e-05
262144, 3.1200237572193146e-05
262144, 3.255065530538559e-05
262144, 3.0997209250926971e-05
262144, 3.2410025596618652e-05
262144, 3.5622157156467438e-05
262144, 3.0656345188617706e-05
262144, 3.1079165637493134e-05
262144, 6.1804428696632385e-05
262144, 3.0977651476860046e-05
262144, 3.0658207833766937e-05
262144, 3.1707808375358582e-05
262144, 2.8839334845542908e-05
262144, 3.0543655157089233e-05
262144, 3.0979514122009277e-05
262144, 3.7639401853084564e-05
262144, 3.216136246919632e-05
262144, 2.8705224394798279e-05
262144, 2.9596500098705292e-05
524288, 0.00029905699193477631
524288, 6.3086859881877899e-05
524288, 6.1086378991603851e-05
524288, 6.3089653849601746e-05
524288, 6.4045190811157227e-05
524288, 6.4105726778507233e-05
524288, 6.1577185988426208e-05
524288, 6.2491744756698608e-05
524288, 6.231013685464859e-05
524288, 6.1878934502601624e-05
524288, 6.3685700297355652e-05
524288, 6.3859857618808746e-05
524288, 6.2226317822933197e-05
524288, 6.3329935073852539e-05
524288, 6.1975792050361633e-05
524288, 6.7002139985561371e-05
524288, 6.4043328166007996e-05
524288, 6.3031911849975586e-05
524288, 6.412900984287262e-05
524288, 6.0854479670524597e-05
524288, 6.4454041421413422e-05
524288, 6.1435624957084656e-05
524288, 6.3805840909481049e-05
524288, 6.3805840909481049e-05
524288, 6.3983723521232605e-05
524288, 6.0738064348697662e-05
524288, 6.2814913690090179e-05
524288, 6.2428414821624756e-05
524288, 6.0857273638248444e-05
524288, 6.3492916524410248e-05
524288, 6.365310400724411e-05
524288, 5.8570876717567444e-05
524288, 6.2098726630210876e-05
524288, 6.2473118305206299e-05
524288, 6.2575563788414001e-05
524288, 6.3772313296794891e-05
524288, 6.310734897851944e-05
524288, 6.1116181313991547e-05
524288, 6.2824226915836334e-05
524288, 6.1308033764362335e-05
524288, 6.2966719269752502e-05
524288, 6.4030289649963379e-05
524288, 6.3024461269378662e-05
524288, 5.3704716265201569e-05
524288, 5.2506104111671448e-05
524288, 7.1191228926181793e-05
524288, 6.1384402215480804e-05
524288, 6.7649409174919128e-05
524288, 6.3037499785423279e-05
524288, 6.2936916947364807e-05
524288, 6.3481740653514862e-05
524288, 6.3905492424964905e-05
524288, 6.3045881688594818e-05
524288, 9.562075138092041e-05
524288, 6.3385814428329468e-05
524288, 6.0925260186195374e-05
524288, 6.1927363276481628e-05
524288, 6.4039602875709534e-05
524288, 6.3043087720870972e-05
524288, 6.3041225075721741e-05
524288, 9.3312934041023254e-05
524288, 6.0804188251495361e-05
524288, 6.7726708948612213e-05
524288, 6.3188374042510986e-05
524288, 6.1647966504096985e-05
524288, 6.3254497945308685e-05
524288, 6.1709433794021606e-05
524288, 6.220303475856781e-05
524288, 6.2573701143264771e-05
524288, 4.9379654228687286e-05
524288, 7.1202404797077179e-05
524288, 5.9017911553382874e-05
524288, 6.3391402363777161e-05
524288, 6.0598365962505341e-05
524288, 6.0686841607093811e-05
524288, 6.3366256654262543e-05
524288, 6.1048194766044617e-05
524288, 6.6131353378295898e-05
524288, 6.1714090406894684e-05
524288, 6.3221901655197144e-05
524288, 6.1172060668468475e-05
524288, 6.337091326713562e-05
524288, 6.2683597207069397e-05
524288, 6.0924328863620758e-05
524288, 6.4117833971977234e-05
524288, 6.090942770242691e-05
524288, 6.2778592109680176e-05
524288, 6.058812141418457e-05
524288, 6.1304308474063873e-05
524288, 6.3916668295860291e-05
524288, 6.3320621848106384e-05
524288, 6.2200240790843964e-05
524288, 6.2575563788414001e-05
524288, 6.6291540861129761e-05
524288, 6.377045065164566e-05
524288, 6.2346458435058594e-05
524288, 6.6010281443595886e-05
524288, 6.3942745327949524e-05
524288, 6.313621997833252e-05
524288, 6.1655417084693909e-05
1048576, 0.00055504217743873596
1048576, 0.00014335662126541138
1048576, 0.00012134015560150146
1048576, 0.00012208055704832077
1048576, 0.00012191198766231537
1048576, 0.00012301653623580933
1048576, 0.00012133363634347916
1048576, 9.100697934627533e-05
1048576, 0.0001072147861123085
1048576, 0.00014235172420740128
1048576, 0.00012008007615804672
1048576, 0.00012177415192127228
1048576, 0.00012014061212539673
1048576, 0.00012192316353321075
1048576, 0.00012285634875297546
1048576, 0.00012217741459608078
1048576, 0.00012112781405448914
1048576, 0.00015404541045427322
1048576, 0.00012237858027219772
1048576, 0.00012466311454772949
1048576, 0.00012365728616714478
1048576, 0.00012106820940971375
1048576, 0.00012455135583877563
1048576, 0.00012287404388189316
1048576, 0.00014270655810832977
1048576, 0.00011352077126502991
1048576, 0.00012315902858972549
1048576, 0.00012410432100296021
1048576, 0.00012290012091398239
1048576, 0.00012555439025163651
1048576, 0.00012745894491672516
1048576, 0.00012341327965259552
1048576, 0.00012491270899772644
1048576, 0.00012282934039831161
1048576, 0.00012404657900333405
1048576, 0.000124320387840271
1048576, 0.00012035947293043137
1048576, 0.00012438371777534485
1048576, 0.00012706778943538666
1048576, 0.00012251082807779312
1048576, 0.00012189242988824844
1048576, 0.00012078694999217987
1048576, 0.00012284796684980392
1048576, 0.00012395530939102173
1048576, 0.00012207496911287308
1048576, 0.00012361258268356323
1048576, 0.00012155342847108841
1048576, 0.00012360606342554092
1048576, 0.00012335367500782013
1048576, 0.00012370012700557709
1048576, 0.00012085214257240295
1048576, 0.00012378674000501633
1048576, 0.00012479908764362335
1048576, 0.00012300256639719009
1048576, 0.00012411829084157944
1048576, 0.00012735184282064438
1048576, 0.00012215506285429001
1048576, 0.00012532901018857956
1048576, 0.00012078694999217987
1048576, 0.00012353714555501938
1048576, 9.9088996648788452e-05
1048576, 0.00013779755681753159
1048576, 0.00012438278645277023
1048576, 0.00012706872075796127
1048576, 0.00012284610420465469
1048576, 0.00012267380952835083
1048576, 0.00012432504445314407
1048576, 0.0001229727640748024
1048576, 0.00012149102985858917
1048576, 0.00012415088713169098
1048576, 0.00012027658522129059
1048576, 9.1858208179473877e-05
1048576, 0.00011915434151887894
1048576, 0.00012739375233650208
1048576, 0.00012577790766954422
1048576, 0.00012572482228279114
1048576, 0.00012291409075260162
1048576, 0.00012703333050012589
1048576, 0.00012474227696657181
1048576, 0.0001224856823682785
1048576, 0.00012571085244417191
1048576, 0.00016141775995492935
1048576, 0.00012084469199180603
1048576, 0.00012380536645650864
1048576, 0.00012386869639158249
1048576, 0.00012593157589435577
1048576, 0.00012222956866025925
1048576, 0.00012123771011829376
1048576, 0.00016087386757135391
1048576, 0.00011810753494501114
1048576, 0.00012493878602981567
1048576, 0.00012618955224752426
1048576, 0.00012112408876419067
1048576, 0.0001242244616150856
1048576, 0.00012811645865440369
1048576, 0.00012258999049663544
1048576, 0.000124332495033741
1048576, 0.00012152828276157379
1048576, 0.00012321863323450089
1048576, 0.00012322515249252319
2097152, 0.0011352906003594398
2097152, 0.00028436444699764252
2097152, 0.00024212803691625595
2097152, 0.00024464447051286697
2097152, 0.00024285167455673218
2097152, 0.00027471408247947693
2097152, 0.00024208985269069672
2097152, 0.00027034338563680649
2097152, 0.00024114362895488739
2097152, 0.00027417764067649841
2097152, 0.00024172011762857437
2097152, 0.00024626683443784714
2097152, 0.0002461019903421402
2097152, 0.00024913065135478973
2097152, 0.00024628080427646637
2097152, 0.00024374015629291534
2097152, 0.00024279579520225525
2097152, 0.00024757720530033112
2097152, 0.00024457182735204697
2097152, 0.00024476367980241776
2097152, 0.00024758651852607727
2097152, 0.00025167409330606461
2097152, 0.00024776998907327652
2097152, 0.00025007408112287521
2097152, 0.00024280231446027756
2097152, 0.00025340728461742401
2097152, 0.00023866444826126099
2097152, 0.00024513900279998779
2097152, 0.00024720281362533569
2097152, 0.00024533271789550781
2097152, 0.00024668872356414795
2097152, 0.00024408288300037384
2097152, 0.00024740863591432571
2097152, 0.00025281030684709549
2097152, 0.00024543050676584244
2097152, 0.00018073990941047668
2097152, 0.0002381056547164917
2097152, 0.0002456149086356163
2097152, 0.00024036411195993423
2097152, 0.00024319067597389221
2097152, 0.00024618953466415405
2097152, 0.00024476088583469391
2097152, 0.00025029946118593216
2097152, 0.00023926608264446259
2097152, 0.00024068355560302734
2097152, 0.00028558727353811264
2097152, 0.00024670921266078949
2097152, 0.00024054106324911118
2097152, 0.00024623051285743713
2097152, 0.00024289824068546295
2097152, 0.00024817418307065964
2097152, 0.00024381279945373535
2097152, 0.00028340518474578857
2097152, 0.00022452883422374725
2097152, 0.00023926049470901489
2097152, 0.00024034269154071808
2097152, 0.00024359580129384995
2097152, 0.00024775322526693344
2097152, 0.00024277716875076294
2097152, 0.00024584122002124786
2097152, 0.0002447003498673439
2097152, 0.00024572573602199554
2097152, 0.00024363584816455841
2097152, 0.00023860298097133636
2097152, 0.00024938955903053284
2097152, 0.00025167781859636307
2097152, 0.00023374147713184357
2097152, 0.00027089007198810577
2097152, 0.00024279486387968063
2097152, 0.00023479852825403214
2097152, 0.00027146376669406891
2097152, 0.00024226121604442596
2097152, 0.00023439526557922363
2097152, 0.00025000609457492828
2097152, 0.00024539418518543243
2097152, 0.00024515856057405472
2097152, 0.00024524610489606857
2097152, 0.00024681258946657181
2097152, 0.00024459324777126312
2097152, 0.00024011079221963882
2097152, 0.00024092197418212891
2097152, 0.00024391897022724152
2097152, 0.00025365501642227173
2097152, 0.00024594459682703018
2097152, 0.0002436051145195961
2097152, 0.00024360697716474533
2097152, 0.00025203917175531387
2097152, 0.00024195574223995209
2097152, 0.00024268403649330139
2097152, 0.00024656299501657486
2097152, 0.00024688709527254105
2097152, 0.00024398043751716614
2097152, 0.00024320930242538452
2097152, 0.00024475529789924622
2097152, 0.00024896487593650818
2097152, 0.00024920050054788589
2097152, 0.00023898854851722717
2097152, 0.0002445317804813385
2097152, 0.00025030318647623062
2097152, 0.00018712878227233887
4194304, 0.0023840535432100296
4194304, 0.000538594089448452
4194304, 0.00070179440081119537
4194304, 0.0005073845386505127
4194304, 0.00089232716709375381
4194304, 0.00052016880363225937
4194304, 0.00070111732929944992
4194304, 0.00052539445459842682
4194304, 0.00070933066308498383
4194304, 0.00053651724010705948
4194304, 0.00069994665682315826
4194304, 0.00051597319543361664
4194304, 0.0006969943642616272
4194304, 0.00052643474191427231
4194304, 0.00069340132176876068
4194304, 0.00052325055003166199
4194304, 0.00073383376002311707
4194304, 0.00052151456475257874
4194304, 0.00069542042911052704
4194304, 0.00051625445485115051
4194304, 0.00069635733962059021
4194304, 0.00051613058894872665
4194304, 0.00069541390985250473
4194304, 0.00052349641919136047
4194304, 0.00069169793277978897
4194304, 0.0020792912691831589
4194304, 0.0017684642225503922
4194304, 0.00050081778317689896
4194304, 0.00070205051451921463
4194304, 0.00053380895406007767
4194304, 0.00069619249552488327
4194304, 0.00051921047270298004
4194304, 0.00069808680564165115
4194304, 0.0005150381475687027
4194304, 0.00069683417677879333
4194304, 0.00053750071674585342
4194304, 0.00069131795316934586
4194304, 0.00051599275320768356
4194304, 0.00069668050855398178
4194304, 0.0005181729793548584
4194304, 0.00069706607609987259
4194304, 0.00051395222544670105
4194304, 0.0006973855197429657
4194304, 0.00055960193276405334
4194304, 0.0005446169525384903
4194304, 0.00069337058812379837
4194304, 0.00053250044584274292
4194304, 0.00069606024771928787
4194304, 0.00052866339683532715
4194304, 0.00070310570299625397
4194304, 0.00053884927183389664
4194304, 0.00069305021315813065
4194304, 0.00053709093481302261
4194304, 0.00069554056972265244
4194304, 0.00050764903426170349
4194304, 0.00069656409323215485
4194304, 0.0005178479477763176
4194304, 0.00069840345531702042
4194304, 0.00051166955381631851
4194304, 0.00069813895970582962
4194304, 0.00052104052156209946
4194304, 0.00069815851747989655
4194304, 0.00051155127584934235
4194304, 0.00072318967431783676
4194304, 0.00050268508493900299
4194304, 0.00069874152541160583
4194304, 0.00050959549844264984
4194304, 0.0006991242989897728
4194304, 0.0005369456484913826
4194304, 0.00069151166826486588
4194304, 0.00053071603178977966
4194304, 0.0006936853751540184
4194304, 0.00052772276103496552
4194304, 0.00060363300144672394
4194304, 0.00053719710558652878
4194304, 0.00069351773709058762
4194304, 0.0005108565092086792
4194304, 0.00069222413003444672
4194304, 0.00051550567150115967
4194304, 0.00069702602922916412
4194304, 0.00055305473506450653
4194304, 0.00069608725607395172
4194304, 0.00055699888616800308
4194304, 0.00053298193961381912
4194304, 0.00069427490234375
4194304, 0.00052362680435180664
4194304, 0.00069589260965585709
4194304, 0.00051509588956832886
4194304, 0.00069328397512435913
4194304, 0.00053419917821884155
4194304, 0.0006888117641210556
4194304, 0.00053241942077875137
4194304, 0.00069941394031047821
4194304, 0.00050191301852464676
4194304, 0.00070260558277368546
4194304, 0.00050774961709976196
4194304, 0.00069945864379405975
4194304, 0.00051041319966316223
4194304, 0.00069340411573648453
4194304, 0.00052903685718774796
8388608, 0.0047428999096155167
8388608, 0.0019762925803661346
8388608, 0.0014318572357296944
8388608, 0.0014404915273189545
8388608, 0.0014509605243802071
8388608, 0.0014743702486157417
8388608, 0.0014542238786816597
8388608, 0.0018193181604146957
8388608, 0.00093518476933240891
8388608, 0.0019744699820876122
8388608, 0.00094999745488166809
8388608, 0.0019880244508385658
8388608, 0.00098208989948034286
8388608, 0.0020748106762766838
8388608, 0.00093773286789655685
8388608, 0.0020289728417992592
8388608, 0.00094996858388185501
8388608, 0.0019882926717400551
8388608, 0.00092975981533527374
8388608, 0.002042706124484539
8388608, 0.00092509016394615173
8388608, 0.0019262963905930519
8388608, 0.0010024271905422211
8388608, 0.0018756454810500145
8388608, 0.0010270243510603905
8388608, 0.0024893553927540779
8388608, 0.00090326741337776184
8388608, 0.0021385345607995987
8388608, 0.00089549552649259567
8388608, 0.0019546840339899063
8388608, 0.0010161371901631355
8388608, 0.0018819374963641167
8388608, 0.00098770018666982651
8388608, 0.0019315378740429878
8388608, 0.00099760014563798904
8388608, 0.0020245742052793503
8388608, 0.00089386571198701859
8388608, 0.0020855693146586418
8388608, 0.00089293718338012695
8388608, 0.002026665024459362
8388608, 0.00096057448536157608
8388608, 0.003681953065097332
8388608, 0.00092584080994129181
8388608, 0.0030099600553512573
8388608, 0.00094247516244649887
8388608, 0.0019823117181658745
8388608, 0.0010790945962071419
8388608, 0.0018909741193056107
8388608, 0.00099393632262945175
8388608, 0.0018659103661775589
8388608, 0.00098726432770490646
8388608, 0.0019853273406624794
8388608, 0.00094893854111433029
8388608, 0.0018782922998070717
8388608, 0.0010063378140330315
8388608, 0.0018215132877230644
8388608, 0.00097918044775724411
8388608, 0.0019896030426025391
8388608, 0.00096571352332830429
8388608, 0.0019096564501523972
8388608, 0.00091538671404123306
8388608, 0.0018749553710222244
8388608, 0.0010438011959195137
8388608, 0.0018736496567726135
8388608, 0.0010451106354594231
8388608, 0.0018776180222630501
8388608, 0.00091262254863977432
8388608, 0.0019341530278325081
8388608, 0.00095404777675867081
8388608, 0.0019569555297493935
8388608, 0.00095131527632474899
8388608, 0.0019284151494503021
8388608, 0.00095018837600946426
8388608, 0.0018960423767566681
8388608, 0.00096356309950351715
8388608, 0.0019366014748811722
8388608, 0.00097784772515296936
8388608, 0.0020002666860818863
8388608, 0.00091651733964681625
8388608, 0.0018581487238407135
8388608, 0.0010442575439810753
8388608, 0.0017859665676951408
8388608, 0.0010452764108777046
8388608, 0.0018963208422064781
8388608, 0.0009619416669011116
8388608, 0.0019289497286081314
8388608, 0.0010041045024991035
8388608, 0.001768866553902626
8388608, 0.0010321196168661118
8388608, 0.0017847996205091476
8388608, 0.0010396754369139671
8388608, 0.0018899710848927498
8388608, 0.0009271642193198204
8388608, 0.0018800916150212288
8388608, 0.00097640510648488998
8388608, 0.0018321089446544647
8388608, 0.0010106945410370827
8388608, 0.0018380424007773399
8388608, 0.00099387206137180328
8388608, 0.0018919752910733223
16777216, 0.009843805804848671
16777216, 0.0064280005171895027
16777216, 0.0092620197683572769
16777216, 0.0044130505993962288
16777216, 0.010013824328780174
16777216, 0.0041975406929850578
16777216, 0.010004164651036263
16777216, 0.0045425724238157272
16777216, 0.0098532801494002342
16777216, 0.0043802764266729355
16777216, 0.00997181236743927
16777216, 0.0043932721018791199
16777216, 0.0095038982108235359
16777216, 0.0044842567294836044
16777216, 0.0097609832882881165
16777216, 0.0041449489071965218
16777216, 0.0098546026274561882
16777216, 0.0044951839372515678
16777216, 0.010236005298793316
16777216, 0.0045262165367603302
16777216, 0.010088277980685234
16777216, 0.00468430295586586
16777216, 0.0098157776519656181
16777216, 0.0043543251231312752
16777216, 0.009924938902258873
16777216, 0.0040174629539251328
16777216, 0.010517832823097706
16777216, 0.0045899320393800735
16777216, 0.0096862772479653358
16777216, 0.0044511938467621803
16777216, 0.0097500700503587723
16777216, 0.0041793817654252052
16777216, 0.010210549458861351
16777216, 0.0041837636381387711
16777216, 0.010052979923784733
16777216, 0.0045076552778482437
16777216, 0.0099103124812245369
16777216, 0.0044160392135381699
16777216, 0.010017124004662037
16777216, 0.0042755138128995895
16777216, 0.0099665997549891472
16777216, 0.0042961863800883293
16777216, 0.010051893070340157
16777216, 0.0044857552275061607
16777216, 0.0098423194140195847
16777216, 0.0043887775391340256
16777216, 0.0099049806594848633
16777216, 0.004018501378595829
16777216, 0.010365926660597324
16777216, 0.0042783645913004875
16777216, 0.012065318413078785
16777216, 0.0050898632034659386
16777216, 0.0095096854493021965
16777216, 0.004498031921684742
16777216, 0.0099810678511857986
16777216, 0.0044085076078772545
16777216, 0.0099171772599220276
16777216, 0.0045033246278762817
16777216, 0.010048495605587959
16777216, 0.0044389143586158752
16777216, 0.009990667924284935
16777216, 0.0043777702376246452
16777216, 0.0098281316459178925
16777216, 0.0042139049619436264
16777216, 0.009961436502635479
16777216, 0.004459732212126255
16777216, 0.011161119677126408
16777216, 0.0037719570100307465
16777216, 0.015044296160340309
16777216, 0.0042982622981071472
16777216, 0.010045680217444897
16777216, 0.0043200934305787086
16777216, 0.0098952986299991608
16777216, 0.0044037885963916779
16777216, 0.0099523924291133881
16777216, 0.004444977268576622
16777216, 0.0099960519000887871
16777216, 0.0045698210597038269
16777216, 0.0098012201488018036
16777216, 0.0043051503598690033
16777216, 0.0095765208825469017
16777216, 0.0040017152205109596
16777216, 0.009728776291012764
16777216, 0.0047271382063627243
16777216, 0.0097883502021431923
16777216, 0.0045227594673633575
16777216, 0.0098851537331938744
16777216, 0.0041734101250767708
16777216, 0.010317117907106876
16777216, 0.0044761179015040398
16777216, 0.010056363418698311
16777216, 0.0046685570850968361
16777216, 0.0099114766344428062
16777216, 0.0043866224586963654
16777216, 0.0097144600003957748
16777216, 0.0047294534742832184
16777216, 0.0097693884745240211
16777216, 0.0044283801689743996
16777216, 0.010013672523200512
16777216, 0.0044212415814399719
