m, sec
1, 7.7716716257081402e-06
1, 2.5240998629786066e-06
1, 2.5183172447625621e-06
1, 2.5225630059423125e-06
1, 2.536888474558681e-06
1, 2.5362566508180638e-06
1, 2.5353972898156336e-06
1, 2.6310509591253352e-06
1, 2.6556433432652029e-06
1, 2.5831526034213521e-06
1, 2.5789513492803228e-06
1, 2.5786198485781252e-06
1, 2.5531076523046904e-06
1, 2.5695098318529506e-06
1, 2.5773750156943584e-06
1, 2.5490029721851007e-06
1, 2.528593652847321e-06
1, 2.55886361177085e-06
1, 2.5857749945214699e-06
1, 2.565628056397913e-06
1, 2.5611362844089871e-06
1, 2.5805342765016535e-06
1, 2.5568949284597617e-06
1, 2.5536228937510331e-06
1, 2.5313682659777009e-06
1, 2.5411889174386223e-06
1, 2.5611415138439329e-06
1, 2.5389715233383595e-06
1, 2.5390454459486491e-06
1, 2.5633653310545087e-06
1, 2.5605796337957119e-06
1, 2.6105235796094926e-06
1, 2.7749927191466714e-06
1, 2.7370313698311468e-06
1, 2.7183053032872938e-06
1, 2.6220966886148423e-06
1, 2.6028230092854999e-06
1, 2.6019338632405537e-06
1, 2.5859384427843593e-06
1, 2.6121991019343694e-06
1, 2.6362819572171553e-06
1, 2.5995556640157169e-06
1, 2.6205889345208531e-06
1, 2.6099588574770622e-06
1, 2.6178174476831037e-06
1, 2.6035132378566224e-06
1, 2.5951711238640165e-06
1, 2.5799749827500633e-06
1, 2.5813393821165243e-06
1, 2.602268291289487e-06
1, 2.5993990083340887e-06
1, 2.6005499103347312e-06
1, 2.6265357399416812e-06
1, 2.6020650538476651e-06
1, 2.6048141734826852e-06
1, 2.6077204035328075e-06
1, 2.5880678175366528e-06
1, 2.6170830247025233e-06
1, 2.659768685336996e-06
1, 2.6444013370702619e-06
1, 2.6280803274470256e-06
1, 2.657153768918349e-06
1, 2.5791466004655162e-06
1, 2.6275289915312219e-06
1, 2.6019548378220199e-06
1, 2.6184916468992847e-06
1, 2.6203164639076871e-06
1, 2.6599493850510372e-06
1, 2.6863479705477349e-06
1, 2.6421740525169503e-06
1, 2.6550664854331981e-06
1, 2.6622347333847488e-06
1, 2.6273963514611642e-06
1, 2.6289912154361747e-06
1, 2.659186370703309e-06
1, 2.682836916556986e-06
1, 2.539168820824184e-06
1, 2.5937994487619787e-06
1, 2.5864938997222664e-06
1, 2.5614712808747626e-06
1, 2.6122555457267703e-06
1, 2.5865367015104616e-06
1, 2.5630158399592646e-06
1, 2.5494980064127135e-06
1, 2.5634296758410119e-06
1, 2.5658826218805592e-06
1, 2.5712238928397081e-06
1, 2.5961921141954421e-06
1, 2.6328658004181622e-06
1, 2.6467087683982817e-06
1, 2.6112909423460615e-06
1, 2.5961506766076674e-06
1, 2.5829802310140451e-06
1, 2.5932327087497598e-06
1, 2.6000227321347083e-06
1, 2.608447977090443e-06
1, 2.6013304035003477e-06
1, 2.6563454517483211e-06
1, 2.6436672835606289e-06
1, 2.5900832247121452e-06
2, 2.6102349739595635e-06
2, 2.6271948212889007e-06
2, 2.6314625352266396e-06
2, 2.6362045217040547e-06
2, 2.6354238249959471e-06
2, 2.6267848347322513e-06
2, 2.7555996778901117e-06
2, 2.6062759009482913e-06
2, 2.6004844784809387e-06
2, 2.6081852685361145e-06
2, 2.6133048996388421e-06
2, 2.6042443843087228e-06
2, 2.6028282169638008e-06
2, 2.6096503182377145e-06
2, 3.1309111937903252e-06
2, 2.7250401336935044e-06
2, 2.5922107417335371e-06
2, 2.5963440860303611e-06
2, 2.5931749746389856e-06
2, 2.5984051026037855e-06
2, 2.6195690599672307e-06
2, 2.6033026031833762e-06
2, 2.6205064075765065e-06
2, 2.594270621507969e-06
2, 2.6078810611257182e-06
2, 2.5933072980417141e-06
2, 2.6088378479977659e-06
2, 2.5861967340234507e-06
2, 2.5712260007312612e-06
2, 2.6013166721834071e-06
2, 2.6290050031646274e-06
2, 2.6538147885769579e-06
2, 2.6093852735526104e-06
2, 2.6389751850485546e-06
2, 2.6271282048679395e-06
2, 2.6217972996724536e-06
2, 3.2509273832659916e-06
2, 2.5885184186058581e-06
2, 2.586602628103727e-06
2, 2.6071919335764577e-06
2, 2.6211924089285378e-06
2, 2.6042469989464056e-06
2, 2.6229372817021445e-06
2, 2.6073630786647802e-06
2, 2.6062814144234052e-06
2, 2.6574405521236252e-06
2, 2.614509281331459e-06
2, 2.625015577620255e-06
2, 2.6194250843748292e-06
2, 2.6262498002864256e-06
2, 2.6346873497686482e-06
2, 2.6051553581813723e-06
2, 2.6736655725842028e-06
2, 2.623306741374711e-06
2, 2.6276751188632371e-06
2, 2.6214539863767149e-06
2, 2.5827042601586553e-06
2, 2.6026202395881209e-06
2, 2.6084258720428799e-06
2, 2.5821733181892026e-06
2, 2.5895762100683903e-06
2, 2.582496453302824e-06
2, 2.5737995431304596e-06
2, 2.5883043025156182e-06
2, 2.6061902431442057e-06
2, 2.5949649214926456e-06
2, 2.5895318749076824e-06
2, 2.554191465708116e-06
2, 2.5600003948799533e-06
2, 2.5989843585304199e-06
2, 2.5782152114570742e-06
2, 2.5536704138898983e-06
2, 2.5526985075912501e-06
2, 2.5962450139981639e-06
2, 2.5923225459144505e-06
2, 2.5973688534821611e-06
2, 2.5965464930909777e-06
2, 2.5906492914773721e-06
2, 2.5864437604445236e-06
2, 2.5911530639509037e-06
2, 2.5792244616026262e-06
2, 2.5763718918907159e-06
2, 2.5721659061382704e-06
2, 2.5751467636164854e-06
2, 2.6249732318577842e-06
2, 2.6290736089838253e-06
2, 2.62632505637973e-06
2, 2.6002598470000183e-06
2, 2.5915285486581305e-06
2, 2.5792848824690784e-06
2, 2.5892398880864558e-06
2, 2.5810859131129152e-06
2, 2.5752608982353337e-06
2, 2.6209563526177429e-06
2, 2.6089423198251778e-06
2, 2.6279759727166053e-06
2, 2.6027755263304981e-06
2, 2.5773358974363659e-06
2, 2.5664569584378244e-06
2, 2.608577066308884e-06
4, 2.6132461298782281e-06
4, 2.606440984357426e-06
4, 2.6001662368755788e-06
4, 2.5856802093375957e-06
4, 2.5969948749191287e-06
4, 2.571488594770228e-06
4, 2.6044248807099979e-06
4, 2.59143865422773e-06
4, 2.5888034876312773e-06
4, 2.5895733946003816e-06
4, 2.5737243145795208e-06
4, 2.6148760864750072e-06
4, 2.605874438316674e-06
4, 2.5919748495877278e-06
4, 2.5899489700655993e-06
4, 2.5751517059586795e-06
4, 2.5941731709926451e-06
4, 2.5775729400413485e-06
4, 2.5665299528381058e-06
4, 2.8256256436597409e-06
4, 2.5633174412695464e-06
4, 2.5761736258837119e-06
4, 2.5910498926989635e-06
4, 2.5799426802724006e-06
4, 2.5928863930670201e-06
4, 2.5842013241068196e-06
4, 2.5792133545505974e-06
4, 2.6054104252873099e-06
4, 2.5699217266671519e-06
4, 2.5914758252861823e-06
4, 2.5872441219436691e-06
4, 2.5859768957674437e-06
4, 2.5812493509663109e-06
4, 2.5940449478919292e-06
4, 2.5888165600218645e-06
4, 2.5684495481411123e-06
4, 2.5554331983240126e-06
4, 2.6096728203294626e-06
4, 2.620263161799504e-06
4, 2.6331464005785375e-06
4, 2.6241497540305155e-06
4, 2.6077093472632677e-06
4, 2.6178471566730694e-06
4, 2.6226173288348131e-06
4, 2.6329714578905922e-06
4, 2.6053818933739413e-06
4, 2.6366038773794046e-06
4, 2.6093727237107655e-06
4, 2.6280154304365878e-06
4, 2.6248441821530989e-06
4, 2.6319022500135225e-06
4, 2.6333494204880044e-06
4, 2.6183245831119057e-06
4, 2.6389364465520043e-06
4, 2.6525161595669305e-06
4, 2.5830485666029535e-06
4, 2.7459287345518518e-06
4, 2.5785510958761547e-06
4, 2.5871618227194505e-06
4, 2.6141668808674122e-06
4, 2.6053052777978041e-06
4, 2.6067709769650313e-06
4, 2.6154704823913585e-06
4, 2.6244589444861429e-06
4, 2.6260846951833418e-06
4, 2.6197882361658236e-06
4, 2.615394889871876e-06
4, 2.6177641754110815e-06
4, 2.5984981998366548e-06
4, 2.597066261539031e-06
4, 2.5869919953147789e-06
4, 2.5790081748548595e-06
4, 2.5715056457144718e-06
4, 2.5821899947237799e-06
4, 2.6054014451233413e-06
4, 2.6221546798809885e-06
4, 2.6392109667543352e-06
4, 2.6136206822867915e-06
4, 2.6319901192128609e-06
4, 2.6125230561693144e-06
4, 2.6279509778673448e-06
4, 2.6089542935390141e-06
4, 2.5758039614124989e-06
4, 2.6033873875892224e-06
4, 2.5825228291554254e-06
4, 2.5843365949311564e-06
4, 2.5767245987287214e-06
4, 2.5934946570846896e-06
4, 2.5853585148561893e-06
4, 2.560258729218069e-06
4, 2.5631002122398759e-06
4, 2.565267728272192e-06
4, 2.5655749862874717e-06
4, 2.5568259194498752e-06
4, 2.5624411364083583e-06
4, 2.5640016388255833e-06
4, 2.5415071237950072e-06
4, 2.5485357503583692e-06
4, 2.5459621945071188e-06
4, 2.5217404188246105e-06
8, 2.6354899010281169e-06
8, 2.6427665832189923e-06
8, 2.6340887117799036e-06
8, 2.6358968005664527e-06
8, 2.6486218448438265e-06
8, 2.6447817588655548e-06
8, 2.6592107802040261e-06
8, 2.6539720054774974e-06
8, 2.6430834647589029e-06
8, 2.6443107556010677e-06
8, 2.6365778458272652e-06
8, 2.6484381717561306e-06
8, 2.6614480457103394e-06
8, 2.6646786916538188e-06
8, 2.65340734712374e-06
8, 2.6414670051962741e-06
8, 2.6383666125686975e-06
8, 2.6467660192399309e-06
8, 2.6363477998312899e-06
8, 2.6208503830569645e-06
8, 2.6493260765587787e-06
8, 2.6515362912019288e-06
8, 2.6646361831545627e-06
8, 2.6341794117328623e-06
8, 2.6317621102296987e-06
8, 2.6298740054445496e-06
8, 2.625133284845671e-06
8, 2.6295141607690272e-06
8, 2.6279624868870829e-06
8, 2.6275296730764733e-06
8, 2.6213209316850959e-06
8, 2.6191645914500941e-06
8, 2.6190809383606486e-06
8, 2.6219140048110838e-06
8, 2.629100669003534e-06
8, 2.6256008783374904e-06
8, 2.6368690404130798e-06
8, 2.6217478352230816e-06
8, 2.6179545767894454e-06
8, 2.629646005312175e-06
8, 2.6174549314345504e-06
8, 2.635183703442565e-06
8, 2.6358224675222988e-06
8, 2.6437206376113918e-06
8, 2.6388873985141321e-06
8, 2.622112680898517e-06
8, 2.6214173145925007e-06
8, 2.6232676845601281e-06
8, 2.6275985504843589e-06
8, 2.6367490164151796e-06
8, 2.641630219647964e-06
8, 2.6250434941654237e-06
8, 2.6319728341805577e-06
8, 2.6497363858697821e-06
8, 2.6374205143125226e-06
8, 2.6342087357778038e-06
8, 2.6337538721039437e-06
8, 2.6532448146265833e-06
8, 2.6435897023409554e-06
8, 2.6378835614407851e-06
8, 2.6335952040158103e-06
8, 2.6385461939291922e-06
8, 2.6371945600437485e-06
8, 2.642851372899327e-06
8, 2.6434496743434053e-06
8, 2.6373639120862401e-06
8, 2.6402224381725936e-06
8, 2.6489334980656467e-06
8, 2.6396159532741128e-06
8, 2.6434605856159414e-06
8, 2.6322713029480633e-06
8, 2.6233011003322708e-06
8, 2.6521452766003654e-06
8, 2.6493201662861547e-06
8, 2.6303952460263395e-06
8, 2.6439840993795098e-06
8, 2.6506345199904327e-06
8, 2.6448460899098839e-06
8, 2.6412062712462903e-06
8, 2.6373575471772605e-06
8, 2.658013949997692e-06
8, 2.6775842265643985e-06
8, 2.6869965630360923e-06
8, 2.6908025512876877e-06
8, 2.6880854171079515e-06
8, 2.6820869450310773e-06
8, 2.6872034225779274e-06
8, 2.6811169783662291e-06
8, 2.6844003621269676e-06
8, 2.6830021280150662e-06
8, 2.6873523159844135e-06
8, 2.6868158450847084e-06
8, 2.6888914873665763e-06
8, 2.6859483989180664e-06
8, 2.6771261804360486e-06
8, 2.6635102762197148e-06
8, 2.6597329300585274e-06
8, 2.6718919520730763e-06
8, 2.6679418440967295e-06
8, 2.6659450812225724e-06
16, 2.6786455356417314e-06
16, 2.6780655612126393e-06
16, 2.6866215476179891e-06
16, 2.6810177037807833e-06
16, 2.6884201046837547e-06
16, 2.6705072580924439e-06
16, 2.6812622384538645e-06
16, 2.6900432149394658e-06
16, 2.7084133140979132e-06
16, 2.775908065546193e-06
16, 2.7191814756963589e-06
16, 2.789689276118346e-06
16, 2.7456180373885795e-06
16, 2.784722676912478e-06
16, 2.7375629379901726e-06
16, 2.7415368536904476e-06
16, 2.7346544298618349e-06
16, 2.7657116969193756e-06
16, 2.7657053335635706e-06
16, 2.7653458039605835e-06
16, 2.7580983962240076e-06
16, 2.7467811679246661e-06
16, 2.747887482783921e-06
16, 2.6992550815181535e-06
16, 2.6886582760010305e-06
16, 2.7251025782729896e-06
16, 2.703054913984618e-06
16, 2.6899314016874618e-06
16, 2.7096918940893206e-06
16, 2.7122599626820865e-06
16, 2.7044284897876866e-06
16, 2.6769510648959202e-06
16, 2.6914826969276585e-06
16, 2.6882746565510671e-06
16, 2.6878660382032976e-06
16, 2.7276774647469752e-06
16, 2.6911886189843808e-06
16, 2.7236617327085528e-06
16, 2.7216559120537073e-06
16, 2.7162752401950943e-06
16, 2.6980101364074307e-06
16, 2.6593227512141796e-06
16, 2.7095123565505341e-06
16, 2.7094119064338969e-06
16, 2.6604836091231928e-06
16, 2.7062993163943814e-06
16, 2.6849438943125201e-06
16, 2.6944416573770226e-06
16, 2.6891805257024622e-06
16, 2.6850025280910099e-06
16, 2.7040930500316761e-06
16, 2.7003550330216038e-06
16, 2.6927390051737481e-06
16, 2.6954688848141287e-06
16, 2.6778033000483869e-06
16, 2.7089287459181248e-06
16, 2.7135962674011538e-06
16, 2.7210995729461771e-06
16, 2.6876146856489968e-06
16, 2.7053375406169843e-06
16, 2.700344578937067e-06
16, 2.7248066822280531e-06
16, 2.7234926492543032e-06
16, 2.7340930909747434e-06
16, 2.7285942425083219e-06
16, 2.7039216939503535e-06
16, 2.7334003942428188e-06
16, 2.7188083103309324e-06
16, 2.7019313271596062e-06
16, 2.6987760117311137e-06
16, 2.6595131973629176e-06
16, 2.6696304785675862e-06
16, 2.6847216313847568e-06
16, 2.655787452539041e-06
16, 2.6627707810097057e-06
16, 2.6674583016109794e-06
16, 2.7016027052848149e-06
16, 2.7097100751059065e-06
16, 2.6909959002085697e-06
16, 2.6892773396157822e-06
16, 2.7024735759792822e-06
16, 2.7093696355703343e-06
16, 2.7299841812263181e-06
16, 2.7210227581511014e-06
16, 2.6701409106082366e-06
16, 2.7246707791290729e-06
16, 2.6921926656253401e-06
16, 2.7045689381408134e-06
16, 2.6824512769385858e-06
16, 2.7195600953667614e-06
16, 2.7056738894238246e-06
16, 2.7250066734104986e-06
16, 2.7265366059562064e-06
16, 2.6833044211418819e-06
16, 2.6829826171483103e-06
16, 2.6623930703901325e-06
16, 2.6998064208461228e-06
16, 2.7025999340445545e-06
16, 2.6688064239908277e-06
16, 2.7043098586544635e-06
32, 2.676275808636735e-06
32, 2.6919320225715638e-06
32, 2.6844659956490122e-06
32, 2.7302062002623953e-06
32, 2.7283989801639463e-06
32, 2.6909734417752523e-06
32, 2.6961152509945195e-06
32, 2.6565690229578716e-06
32, 2.691916576245936e-06
32, 2.6825997160702218e-06
32, 2.7147253475538115e-06
32, 2.6793550790810004e-06
32, 2.6588496275064423e-06
32, 2.7155857987520173e-06
32, 2.6680538203658129e-06
32, 2.7064860957424815e-06
32, 2.7317144885295774e-06
32, 2.7045462189651117e-06
32, 2.7077372481183309e-06
32, 2.7194601006624175e-06
32, 2.6641104642937822e-06
32, 2.7469300278803197e-06
32, 2.6784001327142484e-06
32, 2.7169132741486156e-06
32, 2.6821154283314217e-06
32, 2.6981023753561624e-06
32, 2.6939182383258168e-06
32, 2.6644611867462717e-06
32, 2.6711894244682497e-06
32, 2.6968993791719764e-06
32, 2.722580258439227e-06
32, 2.6974727104349835e-06
32, 2.6527092587657093e-06
32, 2.704218211697369e-06
32, 2.7402971939342779e-06
32, 2.6603915342470494e-06
32, 2.7560896989775868e-06
32, 2.6898322308935769e-06
32, 2.7559715800169036e-06
32, 2.7372333698156403e-06
32, 2.6610411885308058e-06
32, 2.8035826072460269e-06
32, 2.7276066745199806e-06
32, 2.7587928059624461e-06
32, 2.7565630834277085e-06
32, 2.74201173607896e-06
32, 2.788827731841948e-06
32, 2.7417600518319665e-06
32, 2.7451100872784126e-06
32, 2.717900021774013e-06
32, 2.7667667444159347e-06
32, 2.7402099676248506e-06
32, 2.7118232555505708e-06
32, 2.7584720675538227e-06
32, 2.7637937810362838e-06
32, 2.7503245850888693e-06
32, 2.7737375803110078e-06
32, 2.7236914852770363e-06
32, 2.7907821463375556e-06
32, 2.7732042277731545e-06
32, 2.6868129285370432e-06
32, 2.7875138855561977e-06
32, 2.7552410596754493e-06
32, 2.7624017945150049e-06
32, 2.7104894199022434e-06
32, 2.7714451638663689e-06
32, 2.7535664962559211e-06
32, 2.7616903549287379e-06
32, 2.7407514976292123e-06
32, 2.7800215090193399e-06
32, 2.7125728566472122e-06
32, 2.7580095863923795e-06
32, 2.7108246960291046e-06
32, 2.7438016926370015e-06
32, 2.7697478852620939e-06
32, 2.7597223113222818e-06
32, 2.779618995945628e-06
32, 2.7166606812942319e-06
32, 2.7495086556527675e-06
32, 2.7694053402761133e-06
32, 2.7177909888872284e-06
32, 2.8076540769600285e-06
32, 2.7413075653518119e-06
32, 2.7976957399670671e-06
32, 2.7450492105832914e-06
32, 2.7785759146620588e-06
32, 2.7491334008007516e-06
32, 2.6976707868459747e-06
32, 2.7840402795047296e-06
32, 2.7568102246377525e-06
32, 2.7138594447112665e-06
32, 2.7483147455424797e-06
32, 2.7424969324251499e-06
32, 2.7445649228444914e-06
32, 2.7446975795234121e-06
32, 2.7697969500611468e-06
32, 2.7210210881582119e-06
32, 2.6713193553250012e-06
32, 2.7564704054739415e-06
32, 2.7181289908362597e-06
64, 2.781911362797661e-06
64, 2.771165752039086e-06
64, 2.8014037808944377e-06
64, 2.8290366481619272e-06
64, 2.762901852702537e-06
64, 2.8175648599572582e-06
64, 2.8251497833817092e-06
64, 2.7097728953026888e-06
64, 2.7927404839625369e-06
64, 2.7915876772668626e-06
64, 2.7833455632536964e-06
64, 2.7762471787181281e-06
64, 2.7531402123834189e-06
64, 2.8460981872579042e-06
64, 2.7383189307086417e-06
64, 2.8387819494885079e-06
64, 2.7801630905961899e-06
64, 2.767086450235653e-06
64, 2.7713236956336113e-06
64, 2.8119732936223349e-06
64, 2.7659826605175901e-06
64, 2.8011006018106932e-06
64, 2.7332992291125171e-06
64, 2.7952385343771001e-06
64, 2.747614002018644e-06
64, 2.8277821766237999e-06
64, 2.7511559325119673e-06
64, 2.7524212967117858e-06
64, 2.7377742976240711e-06
64, 2.7171308882752358e-06
64, 2.8317343973741663e-06
64, 2.8187321902018542e-06
64, 2.8500957940986516e-06
64, 2.7293506392493816e-06
64, 2.7558651932498866e-06
64, 2.8025620339209572e-06
64, 2.7886466586101821e-06
64, 2.8147091671504939e-06
64, 2.7152664276823896e-06
64, 2.7833183315994679e-06
64, 2.7636480000283982e-06
64, 2.7997462808737283e-06
64, 2.7971955825943232e-06
64, 2.7451486295891553e-06
64, 2.8384896630664551e-06
64, 2.7925734631499351e-06
64, 2.7199339332171582e-06
64, 2.7753321951360499e-06
64, 2.8332539236801178e-06
64, 2.7945704511266936e-06
64, 2.7908796542569211e-06
64, 2.7472726986189801e-06
64, 2.7927895009401483e-06
64, 2.7497035776197794e-06
64, 2.8372043289868689e-06
64, 2.8140084059150132e-06
64, 2.8034171078637331e-06
64, 2.7349095275992307e-06
64, 2.7902642188713566e-06
64, 2.6998841739305045e-06
64, 2.8400600217936333e-06
64, 2.7627693253186246e-06
64, 2.7213263784700434e-06
64, 2.7976730442651297e-06
64, 2.7934412451980175e-06
64, 2.7725001030962833e-06
64, 2.7110909073673492e-06
64, 2.7624516226859585e-06
64, 2.7078158470854658e-06
64, 2.8095514918396113e-06
64, 2.8307849203633983e-06
64, 2.8208889372167531e-06
64, 2.874411845881107e-06
64, 2.7788904646219101e-06
64, 2.7954454949492368e-06
64, 2.8399347561841818e-06
64, 2.801785024053637e-06
64, 2.8468043948242305e-06
64, 2.8161070587342247e-06
64, 2.8310463442439921e-06
64, 2.7664002125490944e-06
64, 2.8546924973324259e-06
64, 2.7814447937885457e-06
64, 2.8206837920882316e-06
64, 2.8482022864079613e-06
64, 2.7352744317658927e-06
64, 2.7669938626112761e-06
64, 2.7740704618234614e-06
64, 2.7657611763965317e-06
64, 2.8385931433525233e-06
64, 2.7535722879638449e-06
64, 2.8039127239706922e-06
64, 2.7154225558332996e-06
64, 2.7546325070351418e-06
64, 2.8216296382117688e-06
64, 2.8063835427310269e-06
64, 2.7499758941620644e-06
64, 2.8264024394762212e-06
64, 2.7388308858081381e-06
64, 2.817085582842836e-06
128, 5.3683716209482128e-06
128, 3.7140455749248252e-06
128, 3.7092186423591141e-06
128, 3.6747886976843212e-06
128, 3.5749125051591183e-06
128, 3.7620684806011066e-06
128, 3.5860956237009991e-06
128, 3.5717090454083009e-06
128, 3.5302126454008229e-06
128, 3.6509185739528346e-06
128, 3.6503822481121999e-06
128, 3.5415733312818329e-06
128, 3.6450443564685865e-06
128, 3.6228411914309639e-06
128, 3.4765257039886503e-06
128, 3.5889439487735586e-06
128, 3.6055881689494686e-06
128, 3.6203733677993951e-06
128, 3.5383734953542626e-06
128, 3.5244326473210107e-06
128, 3.6963758127698638e-06
128, 3.620775612179871e-06
128, 3.6285487130458254e-06
128, 3.6494473017143369e-06
128, 3.6804636048899549e-06
128, 3.4996891821868687e-06
128, 3.5344996283026522e-06
128, 3.515652123592243e-06
128, 3.6422069028657696e-06
128, 3.5161884494328777e-06
128, 3.6092192398434946e-06
128, 3.5482121754713094e-06
128, 3.4545943256945924e-06
128, 3.4600626749751171e-06
128, 3.5988188671230808e-06
128, 3.6288313712591327e-06
128, 3.6449066511851806e-06
128, 3.6663886753965443e-06
128, 3.5133944817090313e-06
128, 3.5802612682724739e-06
128, 3.5723033524208961e-06
128, 3.5451391733574033e-06
128, 3.595314630042718e-06
128, 3.7315450173871528e-06
128, 3.6294582926809557e-06
128, 3.5876719868136753e-06
128, 3.6197065843218497e-06
128, 3.6729441716513279e-06
128, 3.5741949881561069e-06
128, 3.5479367649044973e-06
128, 3.5460741197552663e-06
128, 3.6248632848030864e-06
128, 3.6300707188097881e-06
128, 3.5996233558840325e-06
128, 3.6109478035325672e-06
128, 3.5640736498257529e-06
128, 3.5581813132252675e-06
128, 3.5719663368588754e-06
128, 3.6548794127623858e-06
128, 3.572759954150085e-06
128, 3.6218555115076354e-06
128, 3.4909195299278436e-06
128, 3.5598808863283594e-06
128, 3.6678454523420518e-06
128, 3.5044436382876295e-06
128, 3.6163980336968538e-06
128, 3.6185179702966592e-06
128, 3.4724815172444058e-06
128, 3.4635922788182121e-06
128, 3.5149128636497469e-06
128, 3.5252878696074284e-06
128, 3.5217039084156199e-06
128, 3.5173589443418304e-06
128, 3.6357999833641348e-06
128, 3.5369964425202008e-06
128, 3.484371281319555e-06
128, 3.6220693170792399e-06
128, 3.5887627576111819e-06
128, 3.5005733950592666e-06
128, 3.4798451260833888e-06
128, 3.4832660152290583e-06
128, 3.5809389232197624e-06
128, 3.5479585078439825e-06
128, 3.6129698969046892e-06
128, 3.661547247537843e-06
128, 3.7400465067258603e-06
128, 3.5719953274448557e-06
128, 3.5983441462776542e-06
128, 3.6338286235174778e-06
128, 3.6913966796277563e-06
128, 3.6683745305361914e-06
128, 3.6504293578144178e-06
128, 3.6802824137275786e-06
128, 3.6761476314021458e-06
128, 3.6747053497496284e-06
128, 3.6548105601206826e-06
128, 3.6533863975844029e-06
128, 3.5563549063085119e-06
128, 3.6348541654965292e-06
128, 3.5971591560757113e-06
256, 4.8472452186798865e-06
256, 3.9057358521823736e-06
256, 3.6279706991920177e-06
256, 3.7486238997111951e-06
256, 3.6361143570537714e-06
256, 3.6824061427005502e-06
256, 3.7775743146275365e-06
256, 3.810307776281076e-06
256, 3.8256998672041783e-06
256, 3.829735598360845e-06
256, 3.7785417349763621e-06
256, 3.7988431231920107e-06
256, 3.7970743322557257e-06
256, 3.7690696790236837e-06
256, 3.8008501594380817e-06
256, 3.7846711370372031e-06
256, 3.8069001463956612e-06
256, 3.7938544107962023e-06
256, 3.7766213333883953e-06
256, 3.7612075838007669e-06
256, 3.7763758685237676e-06
256, 3.7662612721901529e-06
256, 3.749266440092131e-06
256, 3.7875012025352597e-06
256, 3.8208483263503676e-06
256, 3.7765996747238691e-06
256, 3.8260103080623831e-06
256, 3.8275841710179349e-06
256, 3.8034419796263523e-06
256, 3.799153564050216e-06
256, 3.8174406964649528e-06
256, 3.8016082126964892e-06
256, 3.8078603471896446e-06
256, 3.679511101208916e-06
256, 3.9242251321326858e-06
256, 3.6389083247776179e-06
256, 4.0538811175398127e-06
256, 3.6565168190372082e-06
256, 3.6768109876980151e-06
256, 3.8013266500576523e-06
256, 3.911533154720484e-06
256, 3.7893349694651227e-06
256, 3.6877341741739318e-06
256, 3.670219534127287e-06
256, 3.7798051570737086e-06
256, 3.679857639841331e-06
256, 3.9092084580613664e-06
256, 3.7313114072001257e-06
256, 3.968271636223608e-06
256, 3.6991194121597347e-06
256, 3.7750258117683173e-06
256, 3.6991916077081545e-06
256, 3.8684107536493342e-06
256, 3.7701453926951388e-06
256, 3.7712283259214356e-06
256, 3.7649617523185967e-06
256, 3.7450069027353626e-06
256, 3.8135349172954412e-06
256, 3.8136215519535449e-06
256, 3.7731487275094024e-06
256, 3.7620883694914883e-06
256, 3.792121717634127e-06
256, 3.7930169424345328e-06
256, 3.7790471038153006e-06
256, 3.7826785399008166e-06
256, 3.8702012032501458e-06
256, 3.9200377903243372e-06
256, 3.7388847202293633e-06
256, 3.7684632364169571e-06
256, 3.7814728742422059e-06
256, 3.8027850001357324e-06
256, 3.7749897139941076e-06
256, 3.75050098397011e-06
256, 3.7959913990294285e-06
256, 3.8198231495628062e-06
256, 3.7483134588529898e-06
256, 3.7751629833103151e-06
256, 3.7448697311933653e-06
256, 3.6880951519160308e-06
256, 3.8518924121708833e-06
256, 3.6230974996736809e-06
256, 3.9246510858683623e-06
256, 3.709775475106498e-06
256, 3.9108545165653376e-06
256, 3.638865007448566e-06
256, 3.9750147004460183e-06
256, 3.6965925679650417e-06
256, 4.0463150240654172e-06
256, 3.7764480640721874e-06
256, 3.7733869728191879e-06
256, 3.7822092688360881e-06
256, 3.6317104286001635e-06
256, 3.6923041523889055e-06
256, 3.9493564025376193e-06
256, 3.7741089283033858e-06
256, 3.9182834384977357e-06
256, 3.7160203900448112e-06
256, 3.9614419373430948e-06
256, 3.691690490227337e-06
256, 3.9509230459383289e-06
512, 7.5021472114783068e-06
512, 3.9348092216711782e-06
512, 3.8756344180840713e-06
512, 3.8894896323864277e-06
512, 3.9051645077191865e-06
512, 4.2003794358326839e-06
512, 4.0484019196950472e-06
512, 3.8465628257164585e-06
512, 3.7718994113115162e-06
512, 4.1188815465340249e-06
512, 4.0561533891237698e-06
512, 3.8788009148377636e-06
512, 3.7960278300138622e-06
512, 4.1303296501819908e-06
512, 3.9939123850602371e-06
512, 3.8948196631211497e-06
512, 3.8097540919597332e-06
512, 3.7839492926230799e-06
512, 3.8301715484032265e-06
512, 3.798291660272158e-06
512, 3.8720237521024852e-06
512, 3.8840163212556106e-06
512, 3.7569552659988403e-06
512, 4.0671286674646233e-06
512, 4.0190294384956356e-06
512, 3.8832569351563088e-06
512, 3.9002070060143104e-06
512, 4.180578085092398e-06
512, 4.0941943342869101e-06
512, 3.8939599807445822e-06
512, 3.8264176020255453e-06
512, 3.8821250200271603e-06
512, 3.8233514015491195e-06
512, 3.8727688101621777e-06
512, 3.8201132645973792e-06
512, 3.9255533080834605e-06
512, 3.9069841687495888e-06
512, 3.8773394547975979e-06
512, 3.815857836833367e-06
512, 4.1092817599956807e-06
512, 4.1275213544185343e-06
512, 3.9460710608042204e-06
512, 3.8152560591697696e-06
512, 4.1430959334740273e-06
512, 4.1038084488648636e-06
512, 3.8314324158888601e-06
512, 3.8424650063881507e-06
512, 4.1265040636062624e-06
512, 4.1254724447543804e-06
512, 3.8245692849159244e-06
512, 4.1926996066020085e-06
512, 3.8465198415976307e-06
512, 4.1299571211521441e-06
512, 3.8462046247262219e-06
512, 3.8367481185839728e-06
512, 3.8267614749761726e-06
512, 3.8974273663300732e-06
512, 3.8616359233856198e-06
512, 3.8737861009744496e-06
512, 3.8223341107368468e-06
512, 3.8975706467261683e-06
512, 3.8798755178084742e-06
512, 4.1041093376966623e-06
512, 4.1063015277569113e-06
512, 3.8706339322603666e-06
512, 3.8213598040434026e-06
512, 4.1487841651989867e-06
512, 4.0720288570110615e-06
512, 4.1669521194237932e-06
512, 3.7530293831458458e-06
512, 4.3049024847837598e-06
512, 4.003684108073895e-06
512, 3.9017974184109611e-06
512, 3.7325116304250863e-06
512, 3.7666123646956224e-06
512, 3.7420111206861645e-06
512, 3.8199986402805034e-06
512, 3.8039655639575077e-06
512, 4.1198988373462968e-06
512, 4.076427565171168e-06
512, 3.7492611087285557e-06
512, 3.7442033107464131e-06
512, 4.0091574192047121e-06
512, 4.04267070385126e-06
512, 3.8913952616544873e-06
512, 3.8861798552366403e-06
512, 3.9121709190882173e-06
512, 4.0732180842986471e-06
512, 3.8964530596366299e-06
512, 3.9024421801933872e-06
512, 3.8759496349554793e-06
512, 3.8770385659657992e-06
512, 3.8400005835753223e-06
512, 4.0975184394763068e-06
512, 3.8324783627803505e-06
512, 4.0740204545167775e-06
512, 4.19427569095905e-06
512, 3.8383385309806236e-06
512, 4.0819581884604238e-06
512, 3.8687999431903542e-06
1024, 1.5220125064705357e-05
1024, 8.1997590534614791e-06
1024, 4.3649677977417456e-06
1024, 4.248947582461617e-06
1024, 4.2777903603784964e-06
1024, 4.2509795589880506e-06
1024, 4.8178445660706721e-06
1024, 4.2502175677906386e-06
1024, 4.733376430742668e-06
1024, 4.3041778333259355e-06
1024, 4.2571601542559536e-06
1024, 4.2510642246766528e-06
1024, 4.2607161131772129e-06
1024, 4.8191992170882951e-06
1024, 4.264836510022481e-06
1024, 4.6684660694815898e-06
1024, 4.3663506706555682e-06
1024, 4.2758430495406641e-06
1024, 4.2700857827157686e-06
1024, 4.3480911038138652e-06
1024, 4.2939615069013657e-06
1024, 4.3193047696893867e-06
1024, 4.3444222573078042e-06
1024, 4.4496334863431528e-06
1024, 4.267348258784323e-06
1024, 4.2772541443506879e-06
1024, 4.860741848295385e-06
1024, 4.3062098098523691e-06
1024, 4.7021630135449497e-06
1024, 4.3418258428573608e-06
1024, 4.257639926491362e-06
1024, 4.2908288764231131e-06
1024, 4.2665580456907097e-06
1024, 4.8950596740751555e-06
1024, 4.3443940354116037e-06
1024, 4.3600571878028642e-06
1024, 4.8022378574718125e-06
1024, 4.3544128085627704e-06
1024, 4.3513930656693196e-06
1024, 4.295711264465794e-06
1024, 4.8064711419018833e-06
1024, 4.3176678997097593e-06
1024, 4.7502813465667497e-06
1024, 4.4505083651253674e-06
1024, 4.2866238138892436e-06
1024, 4.3467082309000418e-06
1024, 4.3529734918565461e-06
1024, 4.3757485620903243e-06
1024, 4.2988156730478462e-06
1024, 4.3312426317821853e-06
1024, 4.4807904597484702e-06
1024, 4.291788420893929e-06
1024, 4.2926068558837427e-06
1024, 4.2844225059856065e-06
1024, 4.7744675116105517e-06
1024, 4.3188814412463792e-06
1024, 5.2132333318392439e-06
1024, 4.4448075420928727e-06
1024, 4.9001960591836413e-06
1024, 4.274290845249638e-06
1024, 4.3625407146685049e-06
1024, 4.330706415754376e-06
1024, 4.2955983768809922e-06
1024, 4.4295394962484185e-06
1024, 4.3036416172981262e-06
1024, 4.5062183882250934e-06
1024, 4.3711766149058491e-06
1024, 4.2847047249476118e-06
1024, 4.4633211060003797e-06
1024, 4.2989003387364475e-06
1024, 4.318034784360365e-06
1024, 4.307874901728197e-06
1024, 4.2932277376001533e-06
1024, 4.2957959301543962e-06
1024, 4.3427571654319763e-06
1024, 4.4560680786768598e-06
1024, 4.3546668056285744e-06
1024, 4.3409227421789458e-06
1024, 4.8216263001615349e-06
1024, 4.3059558127865643e-06
1024, 4.7493782458883347e-06
1024, 4.3152972604289203e-06
1024, 4.2607161131772129e-06
1024, 4.3926252560182055e-06
1024, 4.315974585937731e-06
1024, 4.2778468041708973e-06
1024, 4.2897000005750945e-06
1024, 4.3196152105475916e-06
1024, 4.3598878564256607e-06
1024, 4.4243184454513322e-06
1024, 4.2521931005246714e-06
1024, 4.2969248060024148e-06
1024, 4.8547870281970864e-06
1024, 4.2967272527290117e-06
1024, 4.635672226096645e-06
1024, 4.5832359429561729e-06
1024, 4.3426442778471745e-06
1024, 4.3552312435525833e-06
1024, 4.3486555417378741e-06
1024, 4.9832530997016215e-06
2048, 3.1453666879850277e-05
2048, 5.4353628964985117e-06
2048, 5.3844140732989588e-06
2048, 5.405944059876835e-06
2048, 6.209675441769993e-06
2048, 5.204887951121611e-06
2048, 5.2451539565535153e-06
2048, 6.0811529264730569e-06
2048, 5.2132150706122906e-06
2048, 5.4772724123562082e-06
2048, 5.1559661241138681e-06
2048, 5.1516929970068094e-06
2048, 5.1255611812367163e-06
2048, 5.1514190786025101e-06
2048, 5.2071340820368597e-06
2048, 5.8435561025843897e-06
2048, 5.1596366307314703e-06
2048, 5.130327361471513e-06
2048, 5.1415032323668988e-06
2048, 5.1270403406199286e-06
2048, 5.2715049070470471e-06
2048, 5.125287262832417e-06
2048, 6.1205971766920651e-06
2048, 5.1828649114159976e-06
2048, 5.1948625375242795e-06
2048, 5.21940562654944e-06
2048, 6.6218678565586313e-06
2048, 5.2903504932627954e-06
2048, 5.2173238466767703e-06
2048, 5.9176236391067505e-06
2048, 5.8150685885373285e-06
2048, 5.2216517574646896e-06
2048, 5.4247896460925833e-06
2048, 5.2118454785907968e-06
2048, 5.1837962339906131e-06
2048, 5.1602392512209277e-06
2048, 5.1631427863064935e-06
2048, 6.3597279436448044e-06
2048, 5.5770334952017838e-06
2048, 5.2083941066966333e-06
2048, 5.9621627716457144e-06
2048, 5.4451143916915448e-06
2048, 5.482038592591005e-06
2048, 5.1506521070704737e-06
2048, 5.2394016700632434e-06
2048, 5.7823627310640674e-06
2048, 5.2268562071463639e-06
2048, 6.1932403375120724e-06
2048, 5.2615342771305761e-06
2048, 5.1371205378981198e-06
2048, 5.1515834296450891e-06
2048, 6.0562263516818777e-06
2048, 5.2800511612611655e-06
2048, 5.0798168077188376e-06
2048, 5.3061829770312586e-06
2048, 5.1230411319171683e-06
2048, 5.1204115152359009e-06
2048, 5.1153714165968057e-06
2048, 6.1484820702496698e-06
2048, 5.1837962339906131e-06
2048, 5.1541034789646372e-06
2048, 6.0651560916620139e-06
2048, 5.1176175475120544e-06
2048, 5.3665545933386856e-06
2048, 5.1704290158608383e-06
2048, 5.1914659493109757e-06
2048, 5.1740995224784405e-06
2048, 5.1837414503097534e-06
2048, 5.1452285226653607e-06
2048, 5.8991067549761603e-06
2048, 5.1260542343644534e-06
2048, 5.1695524769670825e-06
2048, 6.0685526798753177e-06
2048, 5.1241368055343628e-06
2048, 5.3725260145523971e-06
2048, 5.1554182873052713e-06
2048, 5.1272046916625076e-06
2048, 5.1443519837716049e-06
2048, 5.1274238263859472e-06
2048, 5.1351483253871695e-06
2048, 5.3231659180977768e-06
2048, 5.9119809199781979e-06
2048, 5.1743734408827389e-06
2048, 5.1675802644561322e-06
2048, 5.8864517246975622e-06
2048, 5.2852556109428406e-06
2048, 5.1526791032622845e-06
2048, 5.1005798227646774e-06
2048, 5.0975667203173914e-06
2048, 5.1051268682760354e-06
2048, 5.142818040707532e-06
2048, 5.1079208359998819e-06
2048, 5.1197541110655838e-06
2048, 5.1222741603851318e-06
2048, 5.129669957301196e-06
2048, 5.2635064896415265e-06
2048, 5.3087578100316663e-06
2048, 5.2532071576398965e-06
2048, 5.2378129433183109e-06
2048, 5.2368268370628357e-06
4096, 7.935903138584561e-06
4096, 7.5599592592981126e-06
4096, 8.4993532962269255e-06
4096, 7.5826214419470889e-06
4096, 7.935903138584561e-06
4096, 7.4464413854810928e-06
4096, 7.4382664428816898e-06
4096, 7.8416325979762605e-06
4096, 7.2867713040775725e-06
4096, 7.1749091148376465e-06
4096, 7.2177499532699585e-06
4096, 7.1570070253478152e-06
4096, 7.2753884726100496e-06
4096, 9.1131983531845944e-06
4096, 7.2208543618520098e-06
4096, 7.6109750403298276e-06
4096, 7.2170255912674802e-06
4096, 9.0006118019421901e-06
4096, 7.2217856844266253e-06
4096, 7.8281801607873712e-06
4096, 7.1788413657082455e-06
4096, 7.2010896272129485e-06
4096, 7.2602803508440656e-06
4096, 7.2208543618520098e-06
4096, 7.1889824337429472e-06
4096, 7.1841188602977327e-06
4096, 7.2658682862917585e-06
4096, 9.5439867840872867e-06
4096, 7.254381974538167e-06
4096, 7.1652854482332868e-06
4096, 7.2008826666408113e-06
4096, 8.6191834674941165e-06
4096, 7.1813248925738863e-06
4096, 7.2970158523983427e-06
4096, 7.3095369670126174e-06
4096, 7.2065740823745728e-06
4096, 7.1891893943150835e-06
4096, 7.6000061300065781e-06
4096, 7.2706283794509036e-06
4096, 7.2273736198743182e-06
4096, 7.2583142254087661e-06
4096, 7.1875337097379897e-06
4096, 9.1082312994533113e-06
4096, 7.1555583013428586e-06
4096, 7.1537991364796954e-06
4096, 7.2326511144638062e-06
4096, 8.3860423829820429e-06
4096, 7.2516914871003892e-06
4096, 7.5051147076818679e-06
4096, 7.2604873114162019e-06
4096, 7.2675239708688523e-06
4096, 7.2237518098619248e-06
4096, 7.2419643402099609e-06
4096, 7.2558306985431245e-06
4096, 7.1629054016537138e-06
4096, 7.2554167773988511e-06
4096, 7.2981541355450945e-06
4096, 7.1605253550741409e-06
4096, 7.2069880035188462e-06
4096, 7.2052288386556838e-06
4096, 7.2035731540785892e-06
4096, 7.177392641703288e-06
4096, 7.1649750073750811e-06
4096, 7.307777802149455e-06
4096, 7.2441374262173968e-06
4096, 7.5410223669475981e-06
4096, 7.1755299965540571e-06
4096, 7.1725290682580735e-06
4096, 7.1893963548872207e-06
4096, 7.1882580717404681e-06
4096, 7.2034696737925214e-06
4096, 7.2208543618520098e-06
4096, 7.3117100530200533e-06
4096, 7.245379189650218e-06
4096, 7.1168566743532819e-06
4096, 7.1665272116661072e-06
4096, 7.16632025109397e-06
4096, 7.1947773297627764e-06
4096, 7.2692831357320147e-06
4096, 7.2832529743512469e-06
4096, 7.1621810396512347e-06
4096, 7.1862919463051694e-06
4096, 7.1858780251608951e-06
4096, 7.4915587902069092e-06
4096, 7.1379666527112322e-06
4096, 7.1894998351732893e-06
4096, 7.1436580684449937e-06
4096, 8.639672564135657e-06
4096, 7.5739290979173447e-06
4096, 7.1623880002233718e-06
4096, 7.2022279103597002e-06
4096, 9.0521449844042454e-06
4096, 7.2464139925109012e-06
4096, 7.2027453117900423e-06
4096, 7.2368938061926101e-06
4096, 7.245379189650218e-06
4096, 7.152039971616533e-06
4096, 7.104956441455417e-06
4096, 7.1923972831832034e-06
4096, 1.4451125429736243e-05
8192, 3.2982230186462404e-05
8192, 2.3856945335865021e-05
8192, 2.5160796940326691e-05
8192, 2.3431889712810516e-05
8192, 2.3324601352214812e-05
8192, 2.3331493139266968e-05
8192, 2.3780763149261476e-05
8192, 2.7217343449592592e-05
8192, 2.453494817018509e-05
8192, 2.3721344769001006e-05
8192, 2.6891566812992095e-05
8192, 2.5073252618312836e-05
8192, 2.3123808205127716e-05
8192, 1.8627755343914033e-05
8192, 1.0313279926776885e-05
8192, 1.0579079389572144e-05
8192, 1.0440684854984284e-05
8192, 1.1079572141170502e-05
8192, 1.0479986667633056e-05
8192, 1.0315701365470886e-05
8192, 1.2632273137569427e-05
8192, 1.0445527732372283e-05
8192, 1.0391697287559509e-05
8192, 1.0306388139724731e-05
8192, 1.0364502668380737e-05
8192, 1.2297555804252624e-05
8192, 1.0431185364723205e-05
8192, 1.0319799184799194e-05
8192, 1.1382810771465302e-05
8192, 1.0482966899871826e-05
8192, 1.0321661829948425e-05
8192, 1.0400079190731049e-05
8192, 1.049097627401352e-05
8192, 1.036524772644043e-05
8192, 1.0322406888008118e-05
8192, 1.0466016829013824e-05
8192, 1.0338425636291503e-05
8192, 1.028347760438919e-05
8192, 1.0489672422409058e-05
8192, 1.03754922747612e-05
8192, 1.0405853390693665e-05
8192, 1.0337308049201966e-05
8192, 1.0513141751289367e-05
8192, 1.0452605783939361e-05
8192, 1.0369531810283662e-05
8192, 1.0474398732185363e-05
8192, 1.0364502668380737e-05
8192, 1.0364875197410584e-05
8192, 1.0346062481403351e-05
8192, 1.1239573359489441e-05
8192, 1.0319426655769348e-05
8192, 1.2746453285217285e-05
8192, 1.0502897202968597e-05
8192, 1.0497868061065674e-05
8192, 1.0367110371589661e-05
8192, 1.042243093252182e-05
8192, 1.2678280472755433e-05
8192, 1.0444410145282746e-05
8192, 1.0474957525730133e-05
8192, 1.056864857673645e-05
8192, 1.0425038635730743e-05
8192, 1.0352954268455505e-05
8192, 1.0539591312408447e-05
8192, 1.0445900261402131e-05
8192, 1.032259315252304e-05
8192, 1.0467879474163055e-05
8192, 1.0443665087223052e-05
8192, 1.036170870065689e-05
8192, 1.0303780436515808e-05
8192, 1.4215148985385894e-05
8192, 1.0546296834945679e-05
8192, 1.043379306793213e-05
8192, 1.0374374687671661e-05
8192, 1.0668300092220306e-05
8192, 1.0382384061813354e-05
8192, 1.2175366282463074e-05
8192, 1.0359100997447968e-05
8192, 1.0327808558940887e-05
8192, 1.0395608842372895e-05
8192, 1.043025404214859e-05
8192, 1.0483525693416596e-05
8192, 1.0310672223567963e-05
8192, 1.0314583778381348e-05
8192, 1.0510347783565521e-05
8192, 1.0308995842933655e-05
8192, 1.0375678539276122e-05
8192, 1.0471232235431671e-05
8192, 1.0390952229499818e-05
8192, 1.0424479842185975e-05
8192, 1.0454468429088592e-05
8192, 1.0371580719947815e-05
8192, 1.0293349623680114e-05
8192, 1.0400265455245972e-05
8192, 1.0488927364349365e-05
8192, 1.0605901479721069e-05
8192, 1.0293535888195038e-05
8192, 1.0424852371215821e-05
8192, 1.044347882270813e-05
8192, 1.0382011532783509e-05
8192, 1.0475143790245056e-05
16384, 0.031758650826911129
16384, 0.017711483562986057
16384, 0.0176193177079161
16384, 2.0482577383518219e-05
16384, 1.8948378662268322e-05
16384, 1.8794089555740356e-05
16384, 1.7253992458184559e-05
16384, 1.5962868928909302e-05
16384, 1.6092943648497265e-05
16384, 1.5871909757455189e-05
16384, 1.5939585864543915e-05
16384, 1.6231710712114971e-05
16384, 1.6539978484312694e-05
16384, 1.5910404423872631e-05
16384, 1.6968076427777607e-05
16384, 1.5902332961559296e-05
16384, 1.6198493540287018e-05
16384, 1.5988945960998535e-05
16384, 6.0576635102430977e-05
16384, 0.00014496035873889923
16384, 0.00011834315955638885
16384, 8.2142961521943406e-05
16384, 1.6209048529465992e-05
16384, 1.7800057927767437e-05
16384, 1.6022473573684692e-05
16384, 1.6048550605773926e-05
16384, 1.6036132971445721e-05
16384, 1.5680678188800812e-05
16384, 1.5419286986192066e-05
16384, 1.5595617393652599e-05
16384, 1.5798024833202362e-05
16384, 1.5595306952794392e-05
16384, 1.7209909856319427e-05
16384, 1.5490067501862843e-05
16384, 1.5450951953728993e-05
16384, 1.5625730156898499e-05
16384, 1.595790187517802e-05
16384, 1.5643735726674397e-05
16384, 1.5328327814737957e-05
16384, 1.5481685598691303e-05
16384, 1.5797714392344158e-05
16384, 1.5830931564172108e-05
16384, 1.5764497220516205e-05
16384, 1.5674158930778503e-05
16384, 1.5610828995704651e-05
16384, 1.5707376102606457e-05
16384, 1.5749596059322357e-05
16384, 1.5745249887307484e-05
16384, 1.5352542201677959e-05
16384, 1.5375204384326935e-05
16384, 1.5372720857461292e-05
16384, 1.5815719962120056e-05
16384, 1.6414249936739605e-05
16384, 1.5668260554472607e-05
16384, 1.5324602524439495e-05
16384, 1.5480754276116688e-05
16384, 1.5623557070891064e-05
16384, 1.5739041070143383e-05
16384, 1.5724139908949535e-05
16384, 1.7204321920871735e-05
16384, 1.5292316675186157e-05
16384, 1.5713274478912354e-05
16384, 1.5642493963241577e-05
16384, 1.5731590489546459e-05
16384, 1.553973803917567e-05
16384, 1.5450951953728993e-05
16384, 1.5446605781714123e-05
16384, 1.5729417403539021e-05
16384, 1.5443501373132069e-05
16384, 1.545250415802002e-05
16384, 1.5278346836566925e-05
16384, 1.5468957523504894e-05
16384, 1.5603378415107727e-05
16384, 1.5860113004843395e-05
16384, 1.6666327913602192e-05
16384, 1.7777395745118458e-05
16384, 1.528641829888026e-05
16384, 1.5574196974436443e-05
16384, 1.5983358025550842e-05
16384, 1.550900439421336e-05
16384, 1.5490688383579254e-05
16384, 1.9341396788756054e-05
16384, 1.5388863782087963e-05
16384, 1.5737178424994152e-05
16384, 1.5761703252792358e-05
16384, 1.6045756638050079e-05
16384, 1.5339814126491547e-05
16384, 1.5830931564172108e-05
16384, 1.7761563261349995e-05
16384, 1.8302351236343384e-05
16384, 1.570458213488261e-05
16384, 1.5419907867908478e-05
16384, 1.5409042437871296e-05
16384, 1.5458092093467712e-05
16384, 1.5668881436189015e-05
16384, 1.5868184467156727e-05
16384, 1.5641562640666962e-05
16384, 1.5675400694211323e-05
16384, 1.5763255457083385e-05
16384, 1.5759840607643127e-05
32768, 0.00010236306115984917
32768, 2.1592713892459869e-05
32768, 2.1505635231733322e-05
32768, 2.1317042410373688e-05
32768, 2.1324492990970612e-05
32768, 2.114148810505867e-05
32768, 2.1546613425016403e-05
32768, 2.1365005522966385e-05
32768, 2.1080020815134048e-05
32768, 2.1047424525022507e-05
32768, 2.08243727684021e-05
32768, 2.0585488528013229e-05
32768, 2.079131081700325e-05
32768, 2.0836479961872101e-05
32768, 2.2018328309059143e-05
32768, 2.1378975361585617e-05
32768, 2.2139400243759155e-05
32768, 2.1983403712511063e-05
32768, 2.0774547010660172e-05
32768, 2.0868610590696335e-05
32768, 2.0767096430063248e-05
32768, 2.0970124751329422e-05
32768, 2.1089799702167511e-05
32768, 2.1065585315227509e-05
32768, 2.1377112716436386e-05
32768, 2.1467916667461395e-05
32768, 2.1206680685281754e-05
32768, 2.1556857973337173e-05
32768, 2.0832289010286331e-05
32768, 2.0930543541908264e-05
32768, 2.1567102521657944e-05
32768, 2.1219253540039062e-05
32768, 2.1117273718118668e-05
32768, 2.1140556782484055e-05
32768, 2.0926352590322495e-05
32768, 2.1050684154033661e-05
32768, 2.1503772586584091e-05
32768, 2.0761042833328247e-05
32768, 2.0883511751890182e-05
32768, 2.1109357476234436e-05
32768, 2.2180378437042236e-05
32768, 2.1536368876695633e-05
32768, 2.1008774638175964e-05
32768, 2.0940322428941727e-05
32768, 2.0891893655061722e-05
32768, 2.1100509911775589e-05
32768, 2.1080020815134048e-05
32768, 2.0997598767280579e-05
32768, 2.0865350961685181e-05
32768, 2.0837411284446716e-05
32768, 2.0932406187057495e-05
32768, 2.3527070879936218e-05
32768, 2.0793639123439789e-05
32768, 2.1169427782297134e-05
32768, 2.1245330572128296e-05
32768, 2.1159183233976364e-05
32768, 2.1113082766532898e-05
32768, 2.1654181182384491e-05
32768, 2.106325700879097e-05
32768, 2.0955223590135574e-05
32768, 2.0743813365697861e-05
32768, 2.0971056073904037e-05
32768, 2.099107950925827e-05
32768, 2.1349173039197922e-05
32768, 2.1050218492746353e-05
32768, 2.3257918655872345e-05
32768, 2.1121464669704437e-05
32768, 2.104882150888443e-05
32768, 2.1552201360464096e-05
32768, 2.0735897123813629e-05
32768, 2.1057669073343277e-05
32768, 2.1422747522592545e-05
32768, 2.1282583475112915e-05
32768, 2.1347776055335999e-05
32768, 2.2087246179580688e-05
32768, 2.0796898752450943e-05
32768, 2.0804349333047867e-05
32768, 2.0714011043310165e-05
32768, 2.1073967218399048e-05
32768, 2.1095387637615204e-05
32768, 2.0822975784540176e-05
32768, 2.089841291308403e-05
32768, 2.0886771380901337e-05
32768, 2.1020881831645966e-05
32768, 2.1483283489942551e-05
32768, 2.0931940525770187e-05
32768, 2.0917970687150955e-05
32768, 2.1345913410186768e-05
32768, 2.1350104361772537e-05
32768, 2.152658998966217e-05
32768, 2.0859763026237488e-05
32768, 2.0767096430063248e-05
32768, 2.1389219909906387e-05
32768, 2.1126586943864822e-05
32768, 2.0956620573997498e-05
32768, 2.1260697394609451e-05
32768, 2.1382234990596771e-05
32768, 2.1354295313358307e-05
32768, 2.0899809896945953e-05
32768, 2.0683277398347855e-05
65536, 0.00025022774934768677
65536, 3.5007484257221222e-05
65536, 3.2691285014152527e-05
65536, 3.2972544431686401e-05
65536, 3.1461939215660095e-05
65536, 3.8704834878444672e-05
65536, 3.2400712370872498e-05
65536, 3.6253593862056732e-05
65536, 3.3061020076274872e-05
65536, 3.5537406802177429e-05
65536, 3.2912939786911011e-05
65536, 3.5065226256847382e-05
65536, 3.2352283596992493e-05
65536, 3.252178430557251e-05
65536, 3.1705945730209351e-05
65536, 3.2285228371620178e-05
65536, 3.2149255275726318e-05
65536, 3.2586976885795593e-05
65536, 3.2408162951469421e-05
65536, 3.7769787013530731e-05
65536, 3.2531097531318665e-05
65536, 3.2449141144752502e-05
65536, 3.2784417271614075e-05
65536, 3.1544826924800873e-05
65536, 3.5698525607585907e-05
65536, 3.2293610274791718e-05
65536, 3.2508745789527893e-05
65536, 3.2769516110420227e-05
65536, 3.2408162951469421e-05
65536, 3.2220035791397095e-05
65536, 3.3311545848846436e-05
65536, 3.2480806112289429e-05
65536, 3.2167881727218628e-05
65536, 3.2710842788219452e-05
65536, 3.2188370823860168e-05
65536, 3.2156705856323242e-05
65536, 3.2599084079265594e-05
65536, 3.2659620046615601e-05
65536, 3.2421201467514038e-05
65536, 3.1887553632259369e-05
65536, 3.2792799174785614e-05
65536, 3.3007003366947174e-05
65536, 3.2942742109298706e-05
65536, 3.2761134207248688e-05
65536, 3.2466836273670197e-05
65536, 3.2803975045681e-05
65536, 3.2502226531505585e-05
65536, 3.1600706279277802e-05
65536, 3.2302923500537872e-05
65536, 3.2036565244197845e-05
65536, 3.2386742532253265e-05
65536, 3.1606294214725494e-05
65536, 3.2575801014900208e-05
65536, 3.2199546694755554e-05
65536, 3.324262797832489e-05
65536, 3.1954608857631683e-05
65536, 3.2867304980754852e-05
65536, 3.1665898859500885e-05
65536, 3.3074058592319489e-05
65536, 4.2800791561603546e-05
65536, 3.2670795917510986e-05
65536, 3.2633543014526367e-05
65536, 3.233645111322403e-05
65536, 3.1634233891963959e-05
65536, 3.2318755984306335e-05
65536, 3.2216310501098633e-05
65536, 3.3852644264698029e-05
65536, 3.2395124435424805e-05
65536, 3.4091994166374207e-05
65536, 3.2754614949226379e-05
65536, 3.2928772270679474e-05
65536, 3.1761825084686279e-05
65536, 3.4637749195098877e-05
65536, 3.25813889503479e-05
65536, 3.2344833016395569e-05
65536, 3.2293610274791718e-05
65536, 3.2452866435050964e-05
65536, 3.2493844628334045e-05
65536, 3.2157637178897858e-05
65536, 3.2422132790088654e-05
65536, 3.1694769859313965e-05
65536, 3.1715258955955505e-05
65536, 3.2152049243450165e-05
65536, 3.1881965696811676e-05
65536, 3.241468220949173e-05
65536, 3.2586045563220978e-05
65536, 3.2665207982063293e-05
65536, 3.2451935112476349e-05
65536, 3.2494775950908661e-05
65536, 3.214273601770401e-05
65536, 3.2163225114345551e-05
65536, 3.2646581530570984e-05
65536, 3.207474946975708e-05
65536, 3.2686628401279449e-05
65536, 3.2236799597740173e-05
65536, 3.2398849725723267e-05
65536, 3.2183714210987091e-05
65536, 3.251153975725174e-05
65536, 3.3782795071601868e-05
65536, 3.2287091016769409e-05
131072, 0.00025639217346906662
131072, 5.5256299674510956e-05
131072, 5.2798539400100708e-05
131072, 5.2718445658683777e-05
131072, 5.3258612751960754e-05
131072, 5.3235329687595367e-05
131072, 5.2597373723983765e-05
131072, 5.3452327847480774e-05
131072, 5.2984803915023804e-05
131072, 5.2832998335361481e-05
131072, 5.1729381084442139e-05
131072, 5.2816234529018402e-05
131072, 5.2626244723796844e-05
131072, 5.3423456847667694e-05
131072, 5.1801092922687531e-05
131072, 5.5464915931224823e-05
131072, 5.146954208612442e-05
131072, 5.2550807595252991e-05
131072, 5.2794814109802246e-05
131072, 5.3037889301776886e-05
131072, 5.1618553698062897e-05
131072, 5.2588991820812225e-05
131072, 5.2642077207565308e-05
131072, 5.1892362534999847e-05
131072, 5.495268851518631e-05
131072, 5.2742660045623779e-05
131072, 5.2745454013347626e-05
131072, 5.2757561206817627e-05
131072, 5.2628107368946075e-05
131072, 5.2057206630706787e-05
131072, 5.2578747272491455e-05
131072, 5.2934512495994568e-05
131072, 5.239434540271759e-05
131072, 5.2942894399166107e-05
131072, 5.3057447075843811e-05
131072, 5.160551518201828e-05
131072, 5.7194381952285767e-05
131072, 5.3068622946739197e-05
131072, 5.4040923714637756e-05
131072, 5.2539631724357605e-05
131072, 5.2208080887794495e-05
131072, 5.2804127335548401e-05
131072, 5.2274204790592194e-05
131072, 5.2588991820812225e-05
131072, 5.2503310143947601e-05
131072, 5.2669085562229156e-05
131072, 5.1653012633323669e-05
131072, 5.2661634981632233e-05
131072, 5.2889809012413025e-05
131072, 5.471985787153244e-05
131072, 5.304533988237381e-05
131072, 5.2900984883308411e-05
131072, 5.3350813686847687e-05
131072, 5.2830204367637634e-05
131072, 5.244184285402298e-05
131072, 5.2922405302524567e-05
131072, 5.2521005272865295e-05
131072, 5.2123330533504486e-05
131072, 5.2562914788722992e-05
131072, 5.3372234106063843e-05
131072, 5.5786222219467163e-05
131072, 5.3037889301776886e-05
131072, 5.270540714263916e-05
131072, 5.197618156671524e-05
131072, 5.2306801080703735e-05
131072, 5.3103081881999969e-05
131072, 5.3407624363899231e-05
131072, 5.2232295274734497e-05
131072, 5.2995979785919189e-05
131072, 5.3241848945617676e-05
131072, 5.3294934332370758e-05
131072, 5.2244402468204498e-05
131072, 5.2622519433498383e-05
131072, 5.1789917051792145e-05
131072, 5.2021816372871399e-05
131072, 5.4528936743736267e-05
131072, 5.2570365369319916e-05
131072, 5.2047893404960632e-05
131072, 5.1821582019329071e-05
131072, 5.2683986723423004e-05
131072, 5.2844174206256866e-05
131072, 5.2164308726787567e-05
131072, 5.2886083722114563e-05
131072, 5.3501687943935394e-05
131072, 5.3985044360160828e-05
131072, 5.2055343985557556e-05
131072, 5.2724964916706085e-05
131072, 5.1971524953842163e-05
131072, 5.2623450756072998e-05
131072, 5.2826479077339172e-05
131072, 5.2670016884803772e-05
131072, 5.281250923871994e-05
131072, 5.2693299949169159e-05
131072, 5.2362680435180664e-05
131072, 5.2610412240028381e-05
131072, 5.184859037399292e-05
131072, 5.2386894822120667e-05
131072, 5.2223913371562958e-05
131072, 5.2579678595066071e-05
131072, 5.2145682275295258e-05
262144, 0.00062440335750579834
262144, 9.7558833658695221e-05
262144, 9.3838199973106384e-05
262144, 9.4544142484664917e-05
262144, 9.4851478934288025e-05
262144, 9.4731338322162628e-05
262144, 9.7347423434257507e-05
262144, 9.3288719654083252e-05
262144, 9.2948786914348602e-05
262144, 9.469594806432724e-05
262144, 9.4061717391014099e-05
262144, 9.4418413937091827e-05
262144, 9.3084760010242462e-05
262144, 9.4190239906311035e-05
262144, 9.4361603260040283e-05
262144, 9.4525516033172607e-05
262144, 9.436439722776413e-05
262144, 9.3100592494010925e-05
262144, 9.5740891993045807e-05
262144, 9.4022601842880249e-05
262144, 9.5779076218605042e-05
262144, 9.420979768037796e-05
262144, 9.3743205070495605e-05
262144, 9.5772556960582733e-05
262144, 9.3694776296615601e-05
262144, 9.3020498752593994e-05
262144, 9.3728303909301758e-05
262144, 9.2786736786365509e-05
262144, 9.3922019004821777e-05
262144, 9.2996284365653992e-05
262144, 9.4378367066383362e-05
262144, 9.4219110906124115e-05
262144, 9.3301758170127869e-05
262144, 9.4611197710037231e-05
262144, 9.3081034719944e-05
262144, 9.4175338745117188e-05
262144, 9.4159506261348724e-05
262144, 9.4400718808174133e-05
262144, 9.3040056526660919e-05
262144, 9.4259157776832581e-05
262144, 9.2907808721065521e-05
262144, 9.589269757270813e-05
262144, 9.2967413365840912e-05
262144, 9.5631927251815796e-05
262144, 9.3046575784683228e-05
262144, 9.3047507107257843e-05
262144, 9.4359740614891052e-05
262144, 9.3482434749603271e-05
262144, 9.450037032365799e-05
262144, 9.3288719654083252e-05
262144, 9.2968344688415527e-05
262144, 9.422004222869873e-05
262144, 9.5736235380172729e-05
262144, 9.4145536422729492e-05
262144, 9.4017945230007172e-05
262144, 9.4654969871044159e-05
262144, 9.2951580882072449e-05
262144, 9.5912255346775055e-05
262144, 9.4146467745304108e-05
262144, 9.2227011919021606e-05
262144, 9.4208866357803345e-05
262144, 9.6188858151435852e-05
262144, 9.451061487197876e-05
262144, 9.4741582870483398e-05
262144, 9.3088485300540924e-05
262144, 9.5692463219165802e-05
262144, 9.3542039394378662e-05
262144, 9.298417717218399e-05
262144, 9.4184651970863342e-05
262144, 9.5961615443229675e-05
262144, 9.2999078333377838e-05
262144, 9.4264745712280273e-05
262144, 9.3838199973106384e-05
262144, 9.4300135970115662e-05
262144, 9.4057060778141022e-05
262144, 9.2711299657821655e-05
262144, 9.4642862677574158e-05
262144, 9.1894529759883881e-05
262144, 9.7447074949741364e-05
262144, 9.4606541097164154e-05
262144, 9.6406787633895874e-05
262144, 9.4528310000896454e-05
262144, 9.973626583814621e-05
262144, 9.4738788902759552e-05
262144, 9.4521790742874146e-05
262144, 9.4347633421421051e-05
262144, 9.608827531337738e-05
262144, 9.5749273896217346e-05
262144, 9.4069167971611023e-05
262144, 9.5790252089500427e-05
262144, 9.4231218099594116e-05
262144, 9.4645656645298004e-05
262144, 0.0001055840402841568
262144, 9.4917602837085724e-05
262144, 9.5146708190441132e-05
262144, 9.4861723482608795e-05
262144, 9.3625858426094055e-05
262144, 9.6498057246208191e-05
262144, 9.4985589385032654e-05
262144, 9.454973042011261e-05
524288, 0.00098846014589071274
524288, 0.00017505697906017303
524288, 0.00017440132796764374
524288, 0.00017699692398309708
524288, 0.00017525441944599152
524288, 0.00017420295625925064
524288, 0.00017502158880233765
524288, 0.0001746760681271553
524288, 0.00017342716455459595
524288, 0.00017767399549484253
524288, 0.00017635338008403778
524288, 0.00017638038843870163
524288, 0.00017620343714952469
524288, 0.00017454382032155991
524288, 0.00017448514699935913
524288, 0.00017784535884857178
524288, 0.00017464905977249146
524288, 0.00017644558101892471
524288, 0.00017594173550605774
524288, 0.00017599854618310928
524288, 0.00017337501049041748
524288, 0.00017476920038461685
524288, 0.00017413869500160217
524288, 0.00017450936138629913
524288, 0.00017417874187231064
524288, 0.00017513800412416458
524288, 0.00017380807548761368
524288, 0.00017653871327638626
524288, 0.00017358828336000443
524288, 0.00017635989934206009
524288, 0.00017611775547266006
524288, 0.00017258245497941971
524288, 0.00017313007265329361
524288, 0.00017812009900808334
524288, 0.0001745494082570076
524288, 0.00017452053725719452
524288, 0.00017443764954805374
524288, 0.00017383787781000137
524288, 0.00017442274838685989
524288, 0.00017658527940511703
524288, 0.00017250888049602509
524288, 0.00017486698925495148
524288, 0.0001735445111989975
524288, 0.00017387233674526215
524288, 0.00017481949180364609
524288, 0.00017564930021762848
524288, 0.00017513148486614227
524288, 0.0001748744398355484
524288, 0.00017340853810310364
524288, 0.00017629656940698624
524288, 0.00017549842596054077
524288, 0.00017793383449316025
524288, 0.00017626024782657623
524288, 0.00017362926155328751
524288, 0.00017760321497917175
524288, 0.00017663370817899704
524288, 0.00017332844436168671
524288, 0.00017468910664319992
524288, 0.00017662253230810165
524288, 0.00017686374485492706
524288, 0.00017529819160699844
524288, 0.00017709657549858093
524288, 0.00017710030078887939
524288, 0.00017510168254375458
524288, 0.0001767398789525032
524288, 0.00017685070633888245
524288, 0.00017652940005064011
524288, 0.00017706770449876785
524288, 0.0001765592023730278
524288, 0.00017493870109319687
524288, 0.00017977599054574966
524288, 0.00017713289707899094
524288, 0.00017669238150119781
524288, 0.00017413496971130371
524288, 0.00017570331692695618
524288, 0.00017711427062749863
524288, 0.00017422717064619064
524288, 0.00017651543021202087
524288, 0.0001738155260682106
524288, 0.0001740921288728714
524288, 0.00017550028860569
524288, 0.00017850752919912338
524288, 0.0001763245090842247
524288, 0.00017378758639097214
524288, 0.00017540063709020615
524288, 0.00017665326595306396
524288, 0.00017531216144561768
524288, 0.00017662439495325089
524288, 0.0001763487234711647
524288, 0.00017665140330791473
524288, 0.00017839670181274414
524288, 0.00017711799591779709
524288, 0.00017676874995231628
524288, 0.00017732381820678711
524288, 0.00017697643488645554
524288, 0.0001770341768860817
524288, 0.00017369631677865982
524288, 0.00017555989325046539
524288, 0.00017451588064432144
524288, 0.00017645861953496933
1048576, 0.0019296268001198769
1048576, 0.0003416743129491806
1048576, 0.00033924821764230728
1048576, 0.00033945124596357346
1048576, 0.00034005194902420044
1048576, 0.00033695623278617859
1048576, 0.00033967290073633194
1048576, 0.00033676251769065857
1048576, 0.00033539999276399612
1048576, 0.00033583864569664001
1048576, 0.00033597648143768311
1048576, 0.00033877138048410416
1048576, 0.0003383709117770195
1048576, 0.00033621490001678467
1048576, 0.00034350808709859848
1048576, 0.00033880211412906647
1048576, 0.00033687800168991089
1048576, 0.00033669546246528625
1048576, 0.00033878721296787262
1048576, 0.00033862795680761337
1048576, 0.0003364216536283493
1048576, 0.00033750850707292557
1048576, 0.00033755693584680557
1048576, 0.00033949688076972961
1048576, 0.00034405477344989777
1048576, 0.00033819116652011871
1048576, 0.00033995509147644043
1048576, 0.00034075696021318436
1048576, 0.00033677462488412857
1048576, 0.00033711828291416168
1048576, 0.0003376370295882225
1048576, 0.00033650454133749008
1048576, 0.00033591687679290771
1048576, 0.00033693388104438782
1048576, 0.00033931341022253036
1048576, 0.00033739767968654633
1048576, 0.00034264381974935532
1048576, 0.00033944100141525269
1048576, 0.00033881049603223801
1048576, 0.00033936277031898499
1048576, 0.00034140422940254211
1048576, 0.00033961236476898193
1048576, 0.00034049618989229202
1048576, 0.00033991876989603043
1048576, 0.00033912714570760727
1048576, 0.00033696461468935013
1048576, 0.00033924542367458344
1048576, 0.00033739302307367325
1048576, 0.0003391290083527565
1048576, 0.00033956114202737808
1048576, 0.00034383498132228851
1048576, 0.00033956672996282578
1048576, 0.00033633969724178314
1048576, 0.00033780187368392944
1048576, 0.00034044776111841202
1048576, 0.00033982284367084503
1048576, 0.00033941492438316345
1048576, 0.00033728592097759247
1048576, 0.00033639278262853622
1048576, 0.00033704657107591629
1048576, 0.00033947266638278961
1048576, 0.00034006498754024506
1048576, 0.00033945869654417038
1048576, 0.000340241938829422
1048576, 0.00033920910209417343
1048576, 0.00033747125416994095
1048576, 0.00033435970544815063
1048576, 0.0003376426175236702
1048576, 0.00033966638147830963
1048576, 0.00033786706626415253
1048576, 0.00033980794250965118
1048576, 0.00033678207546472549
1048576, 0.00033695437014102936
1048576, 0.00033630337566137314
1048576, 0.00033952295780181885
1048576, 0.00033509079366922379
1048576, 0.00033995136618614197
1048576, 0.00033950619399547577
1048576, 0.00033665727823972702
1048576, 0.00033904612064361572
1048576, 0.00033524725586175919
1048576, 0.00033575575798749924
1048576, 0.00033962912857532501
1048576, 0.00033972226083278656
1048576, 0.00033684354275465012
1048576, 0.0003397669643163681
1048576, 0.00033793877810239792
1048576, 0.00033727381378412247
1048576, 0.00033660326153039932
1048576, 0.00033932924270629883
1048576, 0.00033942237496376038
1048576, 0.00033954903483390808
1048576, 0.0003376370295882225
1048576, 0.00033628195524215698
1048576, 0.00033898837864398956
1048576, 0.00033955927938222885
1048576, 0.00033684726804494858
1048576, 0.0003357958048582077
1048576, 0.00033743772655725479
1048576, 0.00033939722925424576
2097152, 0.0036236420273780823
2097152, 0.00066166184842586517
2097152, 0.00066206511110067368
2097152, 0.00065903831273317337
2097152, 0.0006618378683924675
2097152, 0.00066172890365123749
2097152, 0.0006620483472943306
2097152, 0.00065643712878227234
2097152, 0.00066352169960737228
2097152, 0.00066054705530405045
2097152, 0.00065816473215818405
2097152, 0.00066101737320423126
2097152, 0.00066051632165908813
2097152, 0.00066072866320610046
2097152, 0.00066095404326915741
2097152, 0.00066076498478651047
2097152, 0.00065817311406135559
2097152, 0.00067114923149347305
2097152, 0.00066636595875024796
2097152, 0.00066547561436891556
2097152, 0.00066403113305568695
2097152, 0.00066442787647247314
2097152, 0.00065868161618709564
2097152, 0.00066470075398683548
2097152, 0.0006627524271607399
2097152, 0.0006608935073018074
2097152, 0.00066071934998035431
2097152, 0.00065899547189474106
2097152, 0.00066153425723314285
2097152, 0.00066072214394807816
2097152, 0.00065847113728523254
2097152, 0.00065914634615182877
2097152, 0.0006600450724363327
2097152, 0.00066164974123239517
2097152, 0.00066210329532623291
2097152, 0.00066188350319862366
2097152, 0.00066133961081504822
2097152, 0.00066119804978370667
2097152, 0.00066088885068893433
2097152, 0.00066088233143091202
2097152, 0.00066120456904172897
2097152, 0.00066096894443035126
2097152, 0.00065853632986545563
2097152, 0.00066092517226934433
2097152, 0.00065961387008428574
2097152, 0.0006695277988910675
2097152, 0.00066138245165348053
2097152, 0.00066096801310777664
2097152, 0.0006613386794924736
2097152, 0.00066135451197624207
2097152, 0.00066179968416690826
2097152, 0.0006621088832616806
2097152, 0.00066198874264955521
2097152, 0.00066918414086103439
2097152, 0.00065646320581436157
2097152, 0.00065940897911787033
2097152, 0.00065874494612216949
2097152, 0.00066095218062400818
2097152, 0.00065830908715724945
2097152, 0.00066217407584190369
2097152, 0.00065828952938318253
2097152, 0.0006582280620932579
2097152, 0.00065802689641714096
2097152, 0.00066106487065553665
2097152, 0.00065874215215444565
2097152, 0.00066164694726467133
2097152, 0.0006581796333193779
2097152, 0.00065958593040704727
2097152, 0.00065871886909008026
2097152, 0.00066181272268295288
2097152, 0.00066191516816616058
2097152, 0.00065976288169622421
2097152, 0.0006645573303103447
2097152, 0.00066173262894153595
2097152, 0.00066119711846113205
2097152, 0.0006618378683924675
2097152, 0.0006579207256436348
2097152, 0.00066171679645776749
2097152, 0.00066505279392004013
2097152, 0.00066153984516859055
2097152, 0.0006615128368139267
2097152, 0.00065881852060556412
2097152, 0.00066171120852231979
2097152, 0.00066145509481430054
2097152, 0.00066235754638910294
2097152, 0.00066265929490327835
2097152, 0.00066241063177585602
2097152, 0.00065957102924585342
2097152, 0.00065895356237888336
2097152, 0.00066164322197437286
2097152, 0.0006622709333896637
2097152, 0.00065863598138093948
2097152, 0.00066116731613874435
2097152, 0.00066178757697343826
2097152, 0.00066059175878763199
2097152, 0.00065885670483112335
2097152, 0.00066224578768014908
2097152, 0.00066180527210235596
2097152, 0.00066237803548574448
2097152, 0.00065658893436193466
4194304, 0.0070257419720292091
4194304, 0.0013093855232000351
4194304, 0.0013035545125603676
4194304, 0.0013066846877336502
4194304, 0.0013063130900263786
4194304, 0.0013059461489319801
4194304, 0.0013038935139775276
4194304, 0.0013062218204140663
4194304, 0.0013053975999355316
4194304, 0.0013099880889058113
4194304, 0.0013065971434116364
4194304, 0.0013031726703047752
4194304, 0.0013100290670990944
4194304, 0.0013058530166745186
4194304, 0.0013062329962849617
4194304, 0.001306021586060524
4194304, 0.0013035666197538376
4194304, 0.0013073403388261795
4194304, 0.0013053826987743378
4194304, 0.0013057161122560501
4194304, 0.0013030190020799637
4194304, 0.0013036495074629784
4194304, 0.0013060709461569786
4194304, 0.0013044644147157669
4194304, 0.0013072621077299118
4194304, 0.0013059405609965324
4194304, 0.0013064509257674217
4194304, 0.001307235099375248
4194304, 0.0013079429045319557
4194304, 0.0013059182092547417
4194304, 0.0013026418164372444
4194304, 0.0013026576489210129
4194304, 0.0013070162385702133
4194304, 0.0013077547773718834
4194304, 0.0013070404529571533
4194304, 0.0013034641742706299
4194304, 0.0013057021424174309
4194304, 0.0013063754886388779
4194304, 0.0013025952503085136
4194304, 0.0013033905997872353
4194304, 0.0013043051585555077
4194304, 0.001305880956351757
4194304, 0.0013062739744782448
4194304, 0.0013070059940218925
4194304, 0.0013059787452220917
4194304, 0.0013058539479970932
4194304, 0.0013060607016086578
4194304, 0.0013060141354799271
4194304, 0.0013058390468358994
4194304, 0.0013051079586148262
4194304, 0.0012996671721339226
4194304, 0.0013049989938735962
4194304, 0.0013070246204733849
4194304, 0.0013044802471995354
4194304, 0.0013053519651293755
4194304, 0.0013058464974164963
4194304, 0.0013065468519926071
4194304, 0.0013089580461382866
4194304, 0.0013065021485090256
4194304, 0.0013078628107905388
4194304, 0.0013065943494439125
4194304, 0.0013069668784737587
4194304, 0.0013111066073179245
4194304, 0.0013029444962739944
4194304, 0.0013066641986370087
4194304, 0.0013062851503491402
4194304, 0.0013056639581918716
4194304, 0.0013065086677670479
4194304, 0.0013027703389525414
4194304, 0.0013050585985183716
4194304, 0.0013053808361291885
4194304, 0.0013033533468842506
4194304, 0.0013064006343483925
4194304, 0.0013070311397314072
4194304, 0.001303195022046566
4194304, 0.0013059508055448532
4194304, 0.0013041328638792038
4194304, 0.0013035330921411514
4194304, 0.0013035135343670845
4194304, 0.00130489282310009
4194304, 0.0013059163466095924
4194304, 0.001304292120039463
4194304, 0.0013044392690062523
4194304, 0.0013048490509390831
4194304, 0.0013105832040309906
4194304, 0.0013055736199021339
4194304, 0.0013044672086834908
4194304, 0.0013050688430666924
4194304, 0.0013050129637122154
4194304, 0.001305118203163147
4194304, 0.0013051051646471024
4194304, 0.0013004299253225327
4194304, 0.0013060756027698517
4194304, 0.0013059182092547417
4194304, 0.0013036681339144707
4194304, 0.0013074334710836411
4194304, 0.001308005303144455
4194304, 0.0013042166829109192
4194304, 0.0013062693178653717
4194304, 0.0013072220608592033
8388608, 0.014079557731747627
8388608, 0.0026277843862771988
8388608, 0.0025903023779392242
8388608, 0.0026148045435547829
8388608, 0.0026035904884338379
8388608, 0.0026028845459222794
8388608, 0.002599700354039669
8388608, 0.0026074247434735298
8388608, 0.0026215165853500366
8388608, 0.0026051439344882965
8388608, 0.0026010926812887192
8388608, 0.0026012500748038292
8388608, 0.0026132771745324135
8388608, 0.0025976421311497688
8388608, 0.0026192516088485718
8388608, 0.0026050200685858727
8388608, 0.002605942077934742
8388608, 0.0026015918701887131
8388608, 0.002600478008389473
8388608, 0.0026060780510306358
8388608, 0.0026086745783686638
8388608, 0.0026110569015145302
8388608, 0.0026057939976453781
8388608, 0.0026035597547888756
8388608, 0.002594328485429287
8388608, 0.0026039909571409225
8388608, 0.0025986740365624428
8388608, 0.0026085935533046722
8388608, 0.0025988742709159851
8388608, 0.002603176049888134
8388608, 0.0025945482775568962
8388608, 0.0026101246476173401
8388608, 0.0026000719517469406
8388608, 0.0026041781529784203
8388608, 0.0026008477434515953
8388608, 0.0026061488315463066
8388608, 0.0026101032271981239
8388608, 0.002597426064312458
8388608, 0.0025956416502594948
8388608, 0.0025957943871617317
8388608, 0.002605724148452282
8388608, 0.0025962339714169502
8388608, 0.0025978581979870796
8388608, 0.0026146909222006798
8388608, 0.0025973841547966003
8388608, 0.0025956034660339355
8388608, 0.0026050135493278503
8388608, 0.0026090266183018684
8388608, 0.0026011914014816284
8388608, 0.0026087108999490738
8388608, 0.0026034507900476456
8388608, 0.002606268972158432
8388608, 0.0026017883792519569
8388608, 0.0025976570323109627
8388608, 0.0025963755324482918
8388608, 0.0026005757972598076
8388608, 0.0025944961234927177
8388608, 0.0026127016171813011
8388608, 0.0025965431705117226
8388608, 0.0026011746376752853
8388608, 0.0026013171300292015
8388608, 0.0026080766692757607
8388608, 0.0026234816759824753
8388608, 0.0026059625670313835
8388608, 0.0025996044278144836
8388608, 0.0026149982586503029
8388608, 0.0026145447045564651
8388608, 0.002604462206363678
8388608, 0.002608107402920723
8388608, 0.0025982372462749481
8388608, 0.0026056710630655289
8388608, 0.0026028798893094063
8388608, 0.0026046605780720711
8388608, 0.0025951815769076347
8388608, 0.0025981813669204712
8388608, 0.0026118597015738487
8388608, 0.0026052184402942657
8388608, 0.0025942400097846985
8388608, 0.0026042796671390533
8388608, 0.0026242360472679138
8388608, 0.0025954730808734894
8388608, 0.0025940872728824615
8388608, 0.0026035206392407417
8388608, 0.0026114359498023987
8388608, 0.002592792734503746
8388608, 0.0026092529296875
8388608, 0.002606680616736412
8388608, 0.0026008803397417068
8388608, 0.0025962358340620995
8388608, 0.0026089269667863846
8388608, 0.0026062475517392159
8388608, 0.0026018265634775162
8388608, 0.0026068668812513351
8388608, 0.0026032822206616402
8388608, 0.0026145186275243759
8388608, 0.0026140930131077766
8388608, 0.002607240341603756
8388608, 0.0025984002277255058
8388608, 0.0025948109105229378
8388608, 0.0026009073480963707
16777216, 0.029184116050601006
16777216, 0.0052034929394721985
16777216, 0.005223042331635952
16777216, 0.0051904432475566864
16777216, 0.0051844986155629158
16777216, 0.0051885843276977539
16777216, 0.0052033094689249992
16777216, 0.0051922667771577835
16777216, 0.0051767770200967789
16777216, 0.0051932148635387421
16777216, 0.0051796622574329376
16777216, 0.0051949098706245422
16777216, 0.0051892902702093124
16777216, 0.0051722703501582146
16777216, 0.0051738927140831947
16777216, 0.0051766913384199142
16777216, 0.0051864823326468468
16777216, 0.0051816254854202271
16777216, 0.0051825791597366333
16777216, 0.0051976572722196579
16777216, 0.0051772547885775566
16777216, 0.0051816254854202271
16777216, 0.0051742512732744217
16777216, 0.0052017485722899437
16777216, 0.0051995515823364258
16777216, 0.0051735620945692062
16777216, 0.0051934029906988144
16777216, 0.0051918299868702888
16777216, 0.0051718112081289291
16777216, 0.0051711006090044975
16777216, 0.0051886066794395447
16777216, 0.0051822196692228317
16777216, 0.0051675895228981972
16777216, 0.0051838913932442665
16777216, 0.0051869992166757584
16777216, 0.0051905447617173195
16777216, 0.0051770675927400589
16777216, 0.0051795747131109238
16777216, 0.005186028778553009
16777216, 0.0051758848130702972
16777216, 0.0051658498123288155
16777216, 0.0051867393776774406
16777216, 0.0051768096163868904
16777216, 0.005169047974050045
16777216, 0.0051895985379815102
16777216, 0.0051773833110928535
16777216, 0.0051825083792209625
16777216, 0.0051641762256622314
16777216, 0.0051941927522420883
16777216, 0.0051874807104468346
16777216, 0.0051744682714343071
16777216, 0.0051847770810127258
16777216, 0.0051810387521982193
16777216, 0.0051801986992359161
16777216, 0.005166688933968544
16777216, 0.0051877358928322792
16777216, 0.0051775258034467697
16777216, 0.0051846280694007874
16777216, 0.0051843160763382912
16777216, 0.0051680123433470726
16777216, 0.0051864730194211006
16777216, 0.0051775397732853889
16777216, 0.0051909694448113441
16777216, 0.0051788557320833206
16777216, 0.0051771849393844604
16777216, 0.0051903165876865387
16777216, 0.0051704021170735359
16777216, 0.0051778899505734444
16777216, 0.0051708687096834183
16777216, 0.0051988251507282257
16777216, 0.0051674088463187218
16777216, 0.0051796576008200645
16777216, 0.0051768030971288681
16777216, 0.0051915962249040604
16777216, 0.0051951799541711807
16777216, 0.0051962491124868393
16777216, 0.0051900241523981094
16777216, 0.0051775351166725159
16777216, 0.0052020084112882614
16777216, 0.00518772192299366
16777216, 0.0051920926198363304
16777216, 0.0051995934918522835
16777216, 0.005202537402510643
16777216, 0.0051982570439577103
16777216, 0.0051842899993062019
16777216, 0.0051910365000367165
16777216, 0.005183476023375988
16777216, 0.0051900176331400871
16777216, 0.0052058342844247818
16777216, 0.0051886532455682755
16777216, 0.0051824664697051048
16777216, 0.0051760980859398842
16777216, 0.0051898714154958725
16777216, 0.0051701804623007774
16777216, 0.005168193019926548
16777216, 0.0051867691799998283
16777216, 0.005179721862077713
16777216, 0.0051718791946768761
16777216, 0.0052050864323973656
16777216, 0.0051816124469041824
