m, sec
1, 0.041461824439466
1, 0.030748344026505947
1, 0.030686843208968639
1, 0.030546514317393303
1, 0.00018899515271186829
1, 0.00054851919412612915
1, 9.083189070224762e-06
1, 8.2328915596008301e-07
1, 6.891787052154541e-07
1, 6.3888728618621826e-07
1, 5.1502138376235962e-07
1, 4.4144690036773682e-07
1, 4.898756742477417e-07
1, 4.5262277126312256e-07
1, 4.2188912630081177e-07
1, 5.4296106100082397e-07
1, 6.7520886659622192e-07
1, 4.5448541641235352e-07
1, 5.6996941566467285e-07
1, 4.9918889999389648e-07
1, 4.2840838432312012e-07
1, 5.2340328693389893e-07
1, 5.6624412536621094e-07
1, 5.5786222219467163e-07
1, 5.9418380260467529e-07
1, 4.0978193283081055e-07
1, 5.8300793170928955e-07
1, 4.8335641622543335e-07
1, 4.7124922275543213e-07
1, 4.0978193283081055e-07
1, 4.3958425521850586e-07
1, 4.6193599700927734e-07
1, 6.2771141529083252e-07
1, 5.2805989980697632e-07
1, 4.0791928768157959e-07
1, 3.7532299757003784e-07
1, 5.1409006118774414e-07
1, 4.7590583562850952e-07
1, 4.7218054533004761e-07
1, 4.7776848077774048e-07
1, 4.9173831939697266e-07
1, 5.4948031902313232e-07
1, 4.8615038394927979e-07
1, 4.0512531995773315e-07
1, 4.1909515857696533e-07
1, 4.0046870708465576e-07
1, 4.5169144868850708e-07
1, 4.8801302909851074e-07
1, 4.3865293264389038e-07
1, 4.9080699682235718e-07
1, 3.9488077163696289e-07
1, 5.1967799663543701e-07
1, 4.0791928768157959e-07
1, 4.293397068977356e-07
1, 4.116445779800415e-07
1, 3.8929283618927002e-07
1, 6.4261257648468018e-07
1, 4.5262277126312256e-07
1, 5.2060931921005249e-07
1, 7.9628080129623413e-07
1, 4.3306499719619751e-07
1, 4.4610351324081421e-07
1, 4.5355409383773804e-07
1, 4.1071325540542603e-07
1, 5.1409006118774414e-07
1, 4.1723251342773438e-07
1, 4.5262277126312256e-07
1, 7.8789889812469482e-07
1, 3.1291507184505463e-05
1, 4.898756742477417e-07
1, 4.5448541641235352e-07
1, 4.9266964197158813e-07
1, 4.3213367462158203e-07
1, 5.1967799663543701e-07
1, 4.163011908531189e-07
1, 3.9394944906234741e-07
1, 4.5914202928543091e-07
1, 4.0791928768157959e-07
1, 4.6659260988235474e-07
1, 4.1909515857696533e-07
1, 5.3923577070236206e-07
1, 4.9173831939697266e-07
1, 4.7590583562850952e-07
1, 4.4144690036773682e-07
1, 3.9953738451004028e-07
1, 4.507601261138916e-07
1, 4.7590583562850952e-07
1, 4.6100467443466187e-07
1, 4.3492764234542847e-07
1, 3.9488077163696289e-07
1, 4.7497451305389404e-07
1, 4.7869980335235596e-07
1, 4.3958425521850586e-07
1, 4.116445779800415e-07
1, 4.1816383600234985e-07
1, 4.6286731958389282e-07
1, 4.898756742477417e-07
1, 4.2840838432312012e-07
1, 4.2561441659927368e-07
1, 3.8743019104003906e-07
2, 0.00045305769890546799
2, 4.9741938710212708e-06
2, 1.9166618585586548e-06
2, 6.2957406044006348e-07
2, 6.8265944719314575e-07
2, 4.8521906137466431e-07
2, 1.1753290891647339e-06
2, 5.2247196435928345e-07
2, 4.2002648115158081e-07
2, 4.76837158203125e-07
2, 1.2116506695747375e-06
2, 4.246830940246582e-07
2, 4.2282044887542725e-07
2, 4.5355409383773804e-07
2, 1.2898817658424377e-06
2, 5.9977173805236816e-07
2, 4.4237822294235229e-07
2, 4.246830940246582e-07
2, 1.0747462511062622e-06
2, 5.8021396398544312e-07
2, 4.3585896492004395e-07
2, 4.3679028749465942e-07
2, 1.0905787348747253e-06
2, 4.5821070671081543e-07
2, 4.5355409383773804e-07
2, 4.6100467443466187e-07
2, 1.0207295417785645e-06
2, 4.1071325540542603e-07
2, 3.9488077163696289e-07
2, 4.6566128730773926e-07
2, 8.8289380073547363e-07
2, 3.2851472496986389e-05
2, 1.3362616300582886e-05
2, 5.6251883506774902e-07
2, 5.373731255531311e-07
2, 4.8615038394927979e-07
2, 1.3792887330055237e-06
2, 4.3213367462158203e-07
2, 4.0698796510696411e-07
2, 5.9511512517929077e-07
2, 1.1092051863670349e-06
2, 4.1443854570388794e-07
2, 5.1315873861312866e-07
2, 5.0477683544158936e-07
2, 2.6468187570571899e-06
2, 6.4820051193237305e-07
2, 4.8801302909851074e-07
2, 5.3923577070236206e-07
2, 1.0486692190170288e-06
2, 5.8207660913467407e-07
2, 4.5541673898696899e-07
2, 5.3364783525466919e-07
2, 1.1315569281578064e-06
2, 5.4389238357543945e-07
2, 5.6624412536621094e-07
2, 4.3027102947235107e-07
2, 1.8849968910217285e-06
2, 4.1723251342773438e-07
2, 4.6566128730773926e-07
2, 2.4707987904548645e-06
2, 6.4074993133544922e-07
2, 7.7299773693084717e-07
2, 5.764886736869812e-07
2, 5.4389238357543945e-07
2, 4.6007335186004639e-07
2, 6.50063157081604e-07
2, 4.4703483581542969e-07
2, 5.1222741603851318e-07
2, 7.4878334999084473e-07
2, 5.8114528656005859e-07
2, 5.2526593208312988e-07
2, 4.3027102947235107e-07
2, 4.1350722312927246e-07
2, 4.8894435167312622e-07
2, 4.5541673898696899e-07
2, 5.5134296417236328e-07
2, 5.1502138376235962e-07
2, 4.246830940246582e-07
2, 5.9511512517929077e-07
2, 5.8300793170928955e-07
2, 4.293397068977356e-07
2, 5.3178519010543823e-07
2, 4.5541673898696899e-07
2, 5.8207660913467407e-07
2, 5.550682544708252e-07
2, 5.6438148021697998e-07
2, 5.2619725465774536e-07
2, 5.7741999626159668e-07
2, 4.6193599700927734e-07
2, 4.7497451305389404e-07
2, 4.6007335186004639e-07
2, 4.1443854570388794e-07
2, 5.550682544708252e-07
2, 5.6438148021697998e-07
2, 5.3085386753082275e-07
2, 3.1062401831150055e-05
2, 4.8335641622543335e-07
2, 4.6193599700927734e-07
2, 4.7776848077774048e-07
2, 5.2526593208312988e-07
4, 4.073604941368103e-06
4, 5.6717544794082642e-07
4, 1.2051314115524292e-06
4, 6.1374157667160034e-07
4, 6.0442835092544556e-07
4, 5.4761767387390137e-07
4, 1.2097880244255066e-06
4, 4.3492764234542847e-07
4, 5.7741999626159668e-07
4, 5.420297384262085e-07
4, 1.039355993270874e-06
4, 4.2561441659927368e-07
4, 4.3120235204696655e-07
4, 4.5541673898696899e-07
4, 1.1548399925231934e-06
4, 5.2060931921005249e-07
4, 5.2619725465774536e-07
4, 6.1653554439544678e-07
4, 1.084059476852417e-06
4, 4.5355409383773804e-07
4, 4.116445779800415e-07
4, 4.4237822294235229e-07
4, 3.1059607863426208e-06
4, 4.6566128730773926e-07
4, 4.4610351324081421e-07
4, 4.9453228712081909e-07
4, 1.1762604117393494e-06
4, 4.7311186790466309e-07
4, 4.8335641622543335e-07
4, 4.116445779800415e-07
4, 9.8813325166702271e-07
4, 4.8708170652389526e-07
4, 4.3585896492004395e-07
4, 4.7311186790466309e-07
4, 1.0468065738677979e-06
4, 4.3306499719619751e-07
4, 5.1036477088928223e-07
4, 4.6566128730773926e-07
4, 1.0803341865539551e-06
4, 5.3551048040390015e-07
4, 4.8428773880004883e-07
4, 4.7497451305389404e-07
4, 9.927898645401001e-07
4, 4.6938657760620117e-07
4, 4.3306499719619751e-07
4, 4.0233135223388672e-07
4, 1.0933727025985718e-06
4, 4.6472996473312378e-07
4, 6.4726918935775757e-07
4, 4.9266964197158813e-07
4, 3.7439167499542236e-06
4, 4.4610351324081421e-07
4, 4.6472996473312378e-07
4, 5.6531280279159546e-07
4, 9.363517165184021e-06
4, 8.1583857536315918e-07
4, 7.6647847890853882e-07
4, 5.7183206081390381e-07
4, 6.7986547946929932e-07
4, 3.561750054359436e-05
4, 4.9918889999389648e-07
4, 4.7124922275543213e-07
4, 4.5914202928543091e-07
4, 6.2305480241775513e-07
4, 4.1536986827850342e-07
4, 5.3271651268005371e-07
4, 4.1257590055465698e-07
4, 4.6007335186004639e-07
4, 5.0850212574005127e-07
4, 5.2712857723236084e-07
4, 6.547197699546814e-07
4, 4.3585896492004395e-07
4, 5.5972486734390259e-07
4, 5.5320560932159424e-07
4, 4.4051557779312134e-07
4, 5.2992254495620728e-07
4, 5.3551048040390015e-07
4, 5.8114528656005859e-07
4, 6.5844506025314331e-07
4, 5.0570815801620483e-07
4, 5.4296106100082397e-07
4, 5.3364783525466919e-07
4, 4.7869980335235596e-07
4, 4.5914202928543091e-07
4, 4.2282044887542725e-07
4, 5.3085386753082275e-07
4, 3.986060619354248e-07
4, 4.6938657760620117e-07
4, 4.6286731958389282e-07
4, 3.7811696529388428e-07
4, 4.2654573917388916e-07
4, 5.5786222219467163e-07
4, 4.8801302909851074e-07
4, 5.159527063369751e-07
4, 5.4016709327697754e-07
4, 5.2154064178466797e-07
4, 4.2654573917388916e-07
4, 4.4051557779312134e-07
4, 2.3134052753448486e-06
4, 4.6566128730773926e-07
8, 3.3956021070480347e-06
8, 1.3355165719985962e-06
8, 7.4319541454315186e-07
8, 5.8393925428390503e-07
8, 5.550682544708252e-07
8, 1.1119991540908813e-06
8, 4.7497451305389404e-07
8, 7.0687383413314819e-07
8, 5.0757080316543579e-07
8, 8.9593231678009033e-07
8, 4.3027102947235107e-07
8, 5.504116415977478e-07
8, 5.9604644775390625e-07
8, 1.0589137673377991e-06
8, 5.3551048040390015e-07
8, 5.2340328693389893e-07
8, 5.4948031902313232e-07
8, 1.8347054719924927e-05
8, 9.2107802629470825e-07
8, 6.9197267293930054e-07
8, 7.1804970502853394e-07
8, 1.4817342162132263e-06
8, 4.4889748096466064e-07
8, 3.5697594285011292e-05
8, 5.504116415977478e-07
8, 1.3150274753570557e-06
8, 5.1874667406082153e-07
8, 4.6472996473312378e-07
8, 5.373731255531311e-07
8, 1.212581992149353e-06
8, 6.2491744756698608e-07
8, 5.6438148021697998e-07
8, 5.3457915782928467e-07
8, 1.0710209608078003e-06
8, 6.8545341491699219e-07
8, 5.3923577070236206e-07
8, 5.7835131883621216e-07
8, 1.3504177331924438e-06
8, 5.504116415977478e-07
8, 6.5285712480545044e-07
8, 2.4475157260894775e-06
8, 1.2693926692008972e-06
8, 5.6717544794082642e-07
8, 5.5227428674697876e-07
8, 5.2619725465774536e-07
8, 1.0849907994270325e-06
8, 6.8638473749160767e-07
8, 5.8580189943313599e-07
8, 4.5541673898696899e-07
8, 1.1920928955078125e-06
8, 5.4482370615005493e-07
8, 6.7893415689468384e-07
8, 4.9453228712081909e-07
8, 1.4491379261016846e-06
8, 7.5623393058776855e-07
8, 6.4074993133544922e-07
8, 5.6624412536621094e-07
8, 5.550682544708252e-07
8, 2.1364539861679077e-06
8, 5.504116415977478e-07
8, 5.2526593208312988e-07
8, 5.5227428674697876e-07
8, 6.7707151174545288e-07
8, 5.5320560932159424e-07
8, 4.3865293264389038e-07
8, 5.4761767387390137e-07
8, 8.1025063991546631e-07
8, 5.0477683544158936e-07
8, 4.637986421585083e-07
8, 6.3143670558929443e-07
8, 4.5169144868850708e-07
8, 4.7497451305389404e-07
8, 4.9732625484466553e-07
8, 5.1502138376235962e-07
8, 5.1874667406082153e-07
8, 7.0035457611083984e-07
8, 5.895271897315979e-07
8, 5.7369470596313477e-07
8, 4.4889748096466064e-07
8, 4.4796615839004517e-07
8, 4.6286731958389282e-07
8, 6.8638473749160767e-07
8, 4.507601261138916e-07
8, 4.5821070671081543e-07
8, 5.1502138376235962e-07
8, 5.5134296417236328e-07
8, 5.0570815801620483e-07
8, 3.1556002795696259e-05
8, 4.8428773880004883e-07
8, 5.4575502872467041e-07
8, 5.3271651268005371e-07
8, 4.377216100692749e-07
8, 4.3399631977081299e-07
8, 4.1536986827850342e-07
8, 4.1071325540542603e-07
8, 4.3120235204696655e-07
8, 5.5786222219467163e-07
8, 5.289912223815918e-07
8, 4.8521906137466431e-07
8, 6.1094760894775391e-07
16, 2.9616057872772217e-06
16, 1.1045485734939575e-06
16, 6.4447522163391113e-07
16, 4.8708170652389526e-07
16, 1.1920928955078125e-06
16, 6.5285712480545044e-07
16, 6.7520886659622192e-07
16, 5.2340328693389893e-07
16, 1.1185184121131897e-06
16, 5.1781535148620605e-07
16, 5.764886736869812e-07
16, 5.9511512517929077e-07
16, 1.0849907994270325e-06
16, 6.8452209234237671e-07
16, 5.6624412536621094e-07
16, 4.8615038394927979e-07
16, 1.1362135410308838e-06
16, 6.7064538598060608e-06
16, 6.3236802816390991e-07
16, 5.9604644775390625e-07
16, 1.1092051863670349e-06
16, 6.6217035055160522e-07
16, 7.1153044700622559e-07
16, 4.3492764234542847e-07
16, 1.1464580893516541e-06
16, 5.7555735111236572e-07
16, 5.6438148021697998e-07
16, 4.4144690036773682e-07
16, 1.0235235095024109e-06
16, 6.5565109252929688e-07
16, 5.7741999626159668e-07
16, 5.4109841585159302e-07
16, 1.0067597031593323e-06
16, 5.1315873861312866e-07
16, 6.3516199588775635e-07
16, 6.3981860876083374e-07
16, 1.0756775736808777e-06
16, 5.4016709327697754e-07
16, 6.2678009271621704e-07
16, 4.5541673898696899e-07
16, 1.0570511221885681e-06
16, 6.3981860876083374e-07
16, 5.4854899644851685e-07
16, 5.373731255531311e-07
16, 5.3085386753082275e-06
16, 7.5250864028930664e-07
16, 5.6996941566467285e-07
16, 4.7124922275543213e-07
16, 1.1552125215530396e-05
16, 8.0838799476623535e-07
16, 5.6438148021697998e-07
16, 3.1109899282455444e-05
16, 5.6624412536621094e-07
16, 6.1281025409698486e-07
16, 6.6496431827545166e-07
16, 4.9360096454620361e-07
16, 6.1281025409698486e-07
16, 5.2805989980697632e-07
16, 5.2340328693389893e-07
16, 4.2561441659927368e-07
16, 6.3050538301467896e-07
16, 6.0163438320159912e-07
16, 5.2526593208312988e-07
16, 5.2805989980697632e-07
16, 5.6531280279159546e-07
16, 5.8393925428390503e-07
16, 5.7276338338851929e-07
16, 4.4982880353927612e-07
16, 4.5169144868850708e-07
16, 4.3120235204696655e-07
16, 6.9476664066314697e-07
16, 5.1222741603851318e-07
16, 1.51805579662323e-06
16, 6.1839818954467773e-07
16, 6.1001628637313843e-07
16, 5.9418380260467529e-07
16, 4.5448541641235352e-07
16, 5.2805989980697632e-07
16, 4.3585896492004395e-07
16, 4.3958425521850586e-07
16, 5.5599957704544067e-07
16, 4.1443854570388794e-07
16, 5.3551048040390015e-07
16, 4.9546360969543457e-07
16, 4.6193599700927734e-07
16, 6.4074993133544922e-07
16, 4.6286731958389282e-07
16, 4.0978193283081055e-07
16, 5.7183206081390381e-07
16, 4.9080699682235718e-07
16, 5.6810677051544189e-07
16, 4.8056244850158691e-07
16, 4.4889748096466064e-07
16, 6.1001628637313843e-07
16, 6.0629099607467651e-07
16, 4.7031790018081665e-07
16, 5.5599957704544067e-07
16, 4.2561441659927368e-07
16, 6.0163438320159912e-07
16, 5.550682544708252e-07
32, 3.7830322980880737e-06
32, 6.8638473749160767e-07
32, 5.3085386753082275e-07
32, 1.276843249797821e-06
32, 4.9173831939697266e-07
32, 7.9162418842315674e-07
32, 4.4610351324081421e-07
32, 1.1902302503585815e-06
32, 8.2515180110931396e-07
32, 7.3201954364776611e-07
32, 6.5565109252929688e-07
32, 1.2898817658424377e-06
32, 5.2619725465774536e-07
32, 6.6682696342468262e-07
32, 6.0349702835083008e-07
32, 3.3458694815635681e-05
32, 5.4016709327697754e-07
32, 6.6962093114852905e-07
32, 5.5134296417236328e-07
32, 4.9741938710212708e-06
32, 5.9232115745544434e-07
32, 5.7276338338851929e-07
32, 5.4389238357543945e-07
32, 2.0489096641540527e-06
32, 7.152557373046875e-07
32, 5.5320560932159424e-07
32, 5.1129609346389771e-07
32, 1.1334195733070374e-06
32, 6.2491744756698608e-07
32, 5.8021396398544312e-07
32, 6.547197699546814e-07
32, 1.103617250919342e-06
32, 5.243346095085144e-07
32, 6.6030770540237427e-07
32, 4.8242509365081787e-07
32, 1.4565885066986084e-06
32, 5.1688402891159058e-07
32, 5.2060931921005249e-07
32, 4.5262277126312256e-07
32, 1.2451782822608948e-06
32, 6.5658241510391235e-07
32, 5.2712857723236084e-07
32, 4.9266964197158813e-07
32, 1.1920928955078125e-06
32, 5.6531280279159546e-07
32, 6.1653554439544678e-07
32, 4.2747706174850464e-07
32, 1.885928213596344e-06
32, 5.7928264141082764e-07
32, 6.7427754402160645e-07
32, 4.76837158203125e-07
32, 6.4820051193237305e-06
32, 5.5972486734390259e-07
32, 5.5227428674697876e-07
32, 4.898756742477417e-07
32, 2.1615996956825256e-06
32, 5.6996941566467285e-07
32, 5.3457915782928467e-07
32, 4.8615038394927979e-07
32, 5.9325248003005981e-07
32, 7.2456896305084229e-07
32, 5.6903809309005737e-07
32, 5.029141902923584e-07
32, 5.6717544794082642e-07
32, 5.9884041547775269e-07
32, 6.8172812461853027e-07
32, 4.507601261138916e-07
32, 7.80448317527771e-07
32, 5.9977173805236816e-07
32, 5.9325248003005981e-07
32, 5.2805989980697632e-07
32, 6.3981860876083374e-07
32, 6.631016731262207e-07
32, 6.1932951211929321e-07
32, 5.3457915782928467e-07
32, 5.4296106100082397e-07
32, 4.9546360969543457e-07
32, 5.8393925428390503e-07
32, 5.4482370615005493e-07
32, 2.7383677661418915e-05
32, 5.2805989980697632e-07
32, 6.2026083469390869e-07
32, 5.420297384262085e-07
32, 4.6193599700927734e-07
32, 5.0105154514312744e-07
32, 5.550682544708252e-07
32, 5.5320560932159424e-07
32, 7.4505805969238281e-07
32, 7.1711838245391846e-07
32, 5.6996941566467285e-07
32, 5.4575502872467041e-07
32, 5.2619725465774536e-07
32, 6.3236802816390991e-07
32, 6.0722231864929199e-07
32, 7.3015689849853516e-07
32, 5.1781535148620605e-07
32, 5.6903809309005737e-07
32, 6.6403299570083618e-07
32, 4.8242509365081787e-07
32, 6.4447522163391113e-07
64, 3.4570693969726562e-06
64, 6.1932951211929321e-07
64, 1.4062970876693726e-06
64, 6.5658241510391235e-07
64, 5.8673322200775146e-07
64, 4.2561441659927368e-07
64, 1.148320734500885e-06
64, 5.3178519010543823e-07
64, 5.9232115745544434e-07
64, 4.5355409383773804e-07
64, 1.1539086699485779e-06
64, 5.3551048040390015e-07
64, 6.2584877014160156e-07
64, 7.2456896305084229e-07
64, 1.1594966053962708e-06
64, 5.3457915782928467e-07
64, 4.9639493227005005e-07
64, 4.6286731958389282e-07
64, 1.1604279279708862e-06
64, 5.3830444812774658e-07
64, 5.2060931921005249e-07
64, 4.898756742477417e-07
64, 1.0756775736808777e-06
64, 6.8731606006622314e-07
64, 5.2992254495620728e-07
64, 1.4835968613624573e-06
64, 8.324161171913147e-06
64, 8.5216015577316284e-07
64, 7.757917046546936e-07
64, 4.8242509365081787e-07
64, 1.4817342162132263e-06
64, 5.2340328693389893e-07
64, 4.8615038394927979e-07
64, 4.8894435167312622e-07
64, 1.1865049600601196e-06
64, 5.3551048040390015e-07
64, 5.4482370615005493e-07
64, 5.7835131883621216e-07
64, 1.2107193470001221e-06
64, 6.2584877014160156e-07
64, 6.2305480241775513e-07
64, 5.1967799663543701e-07
64, 1.278705894947052e-06
64, 3.1808391213417053e-05
64, 2.3748725652694702e-06
64, 5.7928264141082764e-07
64, 1.364387571811676e-06
64, 5.9418380260467529e-07
64, 5.289912223815918e-07
64, 5.3830444812774658e-07
64, 1.2405216693878174e-06
64, 5.4761767387390137e-07
64, 5.6996941566467285e-07
64, 5.8207660913467407e-07
64, 2.4233013391494751e-06
64, 6.2212347984313965e-07
64, 5.7090073823928833e-07
64, 5.9045851230621338e-07
64, 5.6438148021697998e-07
64, 6.4354389905929565e-07
64, 5.6158751249313354e-07
64, 5.0012022256851196e-07
64, 6.5751373767852783e-07
64, 5.6996941566467285e-07
64, 5.1315873861312866e-07
64, 4.5634806156158447e-07
64, 7.6647847890853882e-07
64, 6.0163438320159912e-07
64, 5.3923577070236206e-07
64, 4.6100467443466187e-07
64, 5.0384551286697388e-07
64, 2.5089830160140991e-06
64, 6.6868960857391357e-07
64, 5.1409006118774414e-07
64, 5.1781535148620605e-07
64, 5.4575502872467041e-07
64, 5.4296106100082397e-07
64, 5.1874667406082153e-07
64, 5.5786222219467163e-07
64, 5.289912223815918e-07
64, 5.8487057685852051e-07
64, 5.1967799663543701e-07
64, 6.7055225372314453e-07
64, 5.550682544708252e-07
64, 5.1315873861312866e-07
64, 5.243346095085144e-07
64, 5.9790909290313721e-07
64, 5.9045851230621338e-07
64, 5.6251883506774902e-07
64, 5.9232115745544434e-07
64, 6.8359076976776123e-07
64, 6.5192580223083496e-07
64, 5.243346095085144e-07
64, 5.4668635129928589e-07
64, 8.1583857536315918e-07
64, 4.0512531995773315e-07
64, 5.4854899644851685e-07
64, 5.8766454458236694e-07
64, 6.2491744756698608e-07
64, 5.1036477088928223e-07
128, 6.8340450525283813e-06
128, 1.4067627489566803e-05
128, 1.4547258615493774e-06
128, 1.0058283805847168e-06
128, 8.7171792984008789e-07
128, 1.5795230865478516e-06
128, 8.6426734924316406e-07
128, 3.1163915991783142e-05
128, 1.2964010238647461e-06
128, 7.8352168202400208e-05
128, 1.8021091818809509e-06
128, 7.5343996286392212e-07
128, 5.6251883506774902e-07
128, 6.677582859992981e-07
128, 1.2526288628578186e-06
128, 5.029141902923584e-07
128, 6.4633786678314209e-07
128, 5.2992254495620728e-07
128, 1.2386590242385864e-06
128, 4.6566128730773926e-07
128, 4.7031790018081665e-07
128, 5.159527063369751e-07
128, 1.2014061212539673e-06
128, 4.9360096454620361e-07
128, 5.8114528656005859e-07
128, 6.025657057762146e-07
128, 1.2153759598731995e-06
128, 6.1281025409698486e-07
128, 4.9080699682235718e-07
128, 5.8114528656005859e-07
128, 1.0011717677116394e-06
128, 5.0384551286697388e-07
128, 6.0629099607467651e-07
128, 5.504116415977478e-07
128, 1.0468065738677979e-06
128, 4.8149377107620239e-07
128, 6.025657057762146e-07
128, 5.0012022256851196e-07
128, 1.0002404451370239e-06
128, 4.5821070671081543e-07
128, 4.7963112592697144e-07
128, 3.6072917282581329e-05
128, 4.9080699682235718e-07
128, 1.2181699275970459e-06
128, 6.1932951211929321e-07
128, 5.4109841585159302e-07
128, 4.7031790018081665e-07
128, 9.9465250968933105e-07
128, 4.5727938413619995e-07
128, 1.4905817806720734e-05
128, 7.2736293077468872e-07
128, 6.2212347984313965e-07
128, 5.2247196435928345e-07
128, 4.7311186790466309e-07
128, 4.3120235204696655e-07
128, 5.7462602853775024e-07
128, 6.2305480241775513e-07
128, 6.0442835092544556e-07
128, 6.2957406044006348e-07
128, 2.187676727771759e-06
128, 5.1967799663543701e-07
128, 5.8673322200775146e-07
128, 4.7776848077774048e-07
128, 5.6996941566467285e-07
128, 5.5227428674697876e-07
128, 5.4450705647468567e-05
128, 7.0501118898391724e-07
128, 5.7555735111236572e-07
128, 7.2177499532699585e-07
128, 6.2026083469390869e-07
128, 6.5565109252929688e-07
128, 4.1783787310123444e-05
128, 1.3758428394794464e-05
128, 6.6682696342468262e-07
128, 1.5366822481155396e-06
128, 8.5309147834777832e-07
128, 7.0314854383468628e-07
128, 6.8079680204391479e-07
128, 5.3178519010543823e-07
128, 5.4854899644851685e-07
128, 6.0349702835083008e-07
128, 5.550682544708252e-07
128, 4.8056244850158691e-07
128, 4.5914202928543091e-07
128, 4.8056244850158691e-07
128, 5.5599957704544067e-07
128, 5.420297384262085e-07
128, 5.2992254495620728e-07
128, 6.1932951211929321e-07
128, 6.3516199588775635e-07
128, 6.0163438320159912e-07
128, 7.7765434980392456e-07
128, 5.1409006118774414e-07
128, 4.7311186790466309e-07
128, 4.3213367462158203e-07
128, 4.8521906137466431e-07
128, 4.5634806156158447e-07
128, 5.8581121265888214e-05
128, 6.3050538301467896e-07
128, 5.6438148021697998e-07
256, 8.9053064584732056e-06
256, 8.1583857536315918e-07
256, 5.6624412536621094e-07
256, 6.0442835092544556e-07
256, 1.3550743460655212e-06
256, 5.373731255531311e-07
256, 5.0943344831466675e-07
256, 5.2712857723236084e-07
256, 1.2470409274101257e-06
256, 4.7776848077774048e-07
256, 5.1409006118774414e-07
256, 5.5879354476928711e-07
256, 1.3988465070724487e-06
256, 5.7928264141082764e-07
256, 5.5134296417236328e-07
256, 5.6531280279159546e-07
256, 1.34296715259552e-06
256, 5.9977173805236816e-07
256, 4.4703483581542969e-07
256, 4.637986421585083e-07
256, 1.3997778296470642e-06
256, 6.0349702835083008e-07
256, 5.9232115745544434e-07
256, 5.634501576423645e-07
256, 1.1948868632316589e-06
256, 6.2678009271621704e-07
256, 6.2026083469390869e-07
256, 5.895271897315979e-07
256, 1.257285475730896e-06
256, 4.8428773880004883e-07
256, 5.0477683544158936e-07
256, 5.2619725465774536e-07
256, 1.125037670135498e-06
256, 4.9825757741928101e-07
256, 4.5448541641235352e-07
256, 3.3802352845668793e-05
256, 2.5274232029914856e-05
256, 8.0000609159469604e-07
256, 6.7893415689468384e-07
256, 6.9290399551391602e-07
256, 1.6195699572563171e-06
256, 6.7800283432006836e-07
256, 5.2154064178466797e-07
256, 5.4668635129928589e-07
256, 1.2274831533432007e-06
256, 8.6426734924316406e-07
256, 5.6717544794082642e-07
256, 6.1467289924621582e-07
256, 1.6214326024055481e-06
256, 5.7369470596313477e-07
256, 6.7334622144699097e-07
256, 6.370246410369873e-07
256, 2.3599714040756226e-06
256, 6.9662928581237793e-07
256, 6.2305480241775513e-07
256, 6.2584877014160156e-07
256, 5.8673322200775146e-07
256, 4.8242509365081787e-07
256, 5.029141902923584e-07
256, 5.6531280279159546e-07
256, 5.373731255531311e-07
256, 6.2026083469390869e-07
256, 5.7555735111236572e-07
256, 6.6589564085006714e-07
256, 4.8894435167312622e-07
256, 6.8265944719314575e-07
256, 5.1502138376235962e-07
256, 4.7124922275543213e-07
256, 5.243346095085144e-07
256, 4.7124922275543213e-07
256, 5.7183206081390381e-07
256, 8.149072527885437e-07
256, 5.3178519010543823e-07
256, 5.7835131883621216e-07
256, 6.0070306062698364e-07
256, 8.01868736743927e-07
256, 6.8079680204391479e-07
256, 5.1222741603851318e-07
256, 5.243346095085144e-07
256, 6.1094760894775391e-07
256, 5.6251883506774902e-07
256, 4.9546360969543457e-07
256, 4.7963112592697144e-07
256, 4.7776848077774048e-07
256, 6.4354389905929565e-07
256, 5.9697777032852173e-07
256, 5.7555735111236572e-07
256, 5.7369470596313477e-07
256, 5.2805989980697632e-07
256, 5.2805989980697632e-07
256, 5.1781535148620605e-07
256, 4.7776848077774048e-07
256, 4.8242509365081787e-07
256, 5.3271651268005371e-07
256, 5.1967799663543701e-07
256, 4.6566128730773926e-07
256, 4.8615038394927979e-07
256, 5.2247196435928345e-07
256, 5.0477683544158936e-07
256, 2.8901733458042145e-05
512, 1.0470859706401825e-05
512, 6.4447522163391113e-07
512, 5.2712857723236084e-07
512, 5.159527063369751e-07
512, 1.5273690223693848e-06
512, 5.0105154514312744e-07
512, 5.0850212574005127e-07
512, 4.6007335186004639e-07
512, 1.23586505651474e-06
512, 5.1967799663543701e-07
512, 6.1932951211929321e-07
512, 4.7124922275543213e-07
512, 1.1865049600601196e-06
512, 4.9173831939697266e-07
512, 4.6286731958389282e-07
512, 4.3865293264389038e-07
512, 1.3513490557670593e-06
512, 5.764886736869812e-07
512, 5.2619725465774536e-07
512, 7.1339309215545654e-07
512, 8.1285834312438965e-06
512, 5.6158751249313354e-07
512, 2.514570951461792e-06
512, 7.7486038208007812e-07
512, 3.6227516829967499e-05
512, 8.8661909103393555e-07
512, 6.6868960857391357e-07
512, 7.0780515670776367e-07
512, 1.7834827303886414e-06
512, 5.7928264141082764e-07
512, 4.8056244850158691e-07
512, 4.8801302909851074e-07
512, 1.3848766684532166e-06
512, 5.6251883506774902e-07
512, 5.420297384262085e-07
512, 4.9173831939697266e-07
512, 1.259148120880127e-06
512, 5.1036477088928223e-07
512, 6.370246410369873e-07
512, 5.9418380260467529e-07
512, 1.3913959264755249e-06
512, 4.748813807964325e-06
512, 5.1781535148620605e-07
512, 6.7707151174545288e-07
512, 1.2712553143501282e-06
512, 5.373731255531311e-07
512, 5.4854899644851685e-07
512, 5.0012022256851196e-07
512, 1.3709068298339844e-06
512, 6.3981860876083374e-07
512, 5.2154064178466797e-07
512, 6.5192580223083496e-07
512, 2.5155022740364075e-06
512, 6.3143670558929443e-07
512, 5.7555735111236572e-07
512, 5.420297384262085e-07
512, 6.2491744756698608e-07
512, 6.7334622144699097e-07
512, 7.3853880167007446e-07
512, 7.0594251155853271e-07
512, 5.4016709327697754e-07
512, 6.1374157667160034e-07
512, 5.9977173805236816e-07
512, 3.2220035791397095e-05
512, 6.7334622144699097e-07
512, 6.4261257648468018e-07
512, 5.6438148021697998e-07
512, 6.5285712480545044e-07
512, 4.9266964197158813e-07
512, 6.6030770540237427e-07
512, 5.7928264141082764e-07
512, 6.8452209234237671e-07
512, 5.0757080316543579e-07
512, 4.9918889999389648e-07
512, 6.28642737865448e-07
512, 5.7369470596313477e-07
512, 5.9977173805236816e-07
512, 5.8673322200775146e-07
512, 6.2398612499237061e-07
512, 8.0745667219161987e-07
512, 6.4633786678314209e-07
512, 6.761401891708374e-07
512, 5.2526593208312988e-07
512, 6.4354389905929565e-07
512, 4.9639493227005005e-07
512, 5.550682544708252e-07
512, 5.0105154514312744e-07
512, 7.0966780185699463e-07
512, 5.0663948059082031e-07
512, 5.5972486734390259e-07
512, 5.0012022256851196e-07
512, 5.4389238357543945e-07
512, 4.9266964197158813e-07
512, 5.0198286771774292e-07
512, 5.7928264141082764e-07
512, 5.0105154514312744e-07
512, 4.4144690036773682e-07
512, 5.3551048040390015e-07
512, 5.2247196435928345e-07
512, 5.159527063369751e-07
1024, 1.3763085007667542e-05
1024, 8.149072527885437e-07
1024, 6.1746686697006226e-07
1024, 7.282942533493042e-07
1024, 2.0405277609825134e-06
1024, 6.3143670558929443e-07
1024, 6.4447522163391113e-07
1024, 7.543712854385376e-07
1024, 1.6940757632255554e-06
1024, 5.7555735111236572e-07
1024, 5.7462602853775024e-07
1024, 6.3423067331314087e-07
1024, 1.5450641512870789e-06
1024, 5.764886736869812e-07
1024, 6.2305480241775513e-07
1024, 6.1001628637313843e-07
1024, 1.605600118637085e-06
1024, 5.4854899644851685e-07
1024, 5.029141902923584e-07
1024, 5.5227428674697876e-07
1024, 1.5357509255409241e-06
1024, 5.4575502872467041e-07
1024, 5.373731255531311e-07
1024, 5.4575502872467041e-07
1024, 1.3401731848716736e-06
1024, 5.4016709327697754e-07
1024, 5.0012022256851196e-07
1024, 3.1618401408195496e-05
1024, 7.2572380304336548e-05
1024, 9.1921538114547729e-07
1024, 6.9662928581237793e-07
1024, 7.282942533493042e-07
1024, 1.7993152141571045e-06
1024, 6.1653554439544678e-07
1024, 5.6065618991851807e-07
1024, 6.3236802816390991e-07
1024, 1.4677643775939941e-06
1024, 6.7707151174545288e-07
1024, 5.6996941566467285e-07
1024, 7.5623393058776855e-07
1024, 1.5487894415855408e-06
1024, 6.4913183450698853e-07
1024, 7.1898102760314941e-07
1024, 6.3050538301467896e-07
1024, 1.7061829566955566e-06
1024, 5.7090073823928833e-07
1024, 7.3108822107315063e-07
1024, 5.8859586715698242e-07
1024, 2.7446076273918152e-06
1024, 6.8265944719314575e-07
1024, 6.1281025409698486e-07
1024, 5.8114528656005859e-07
1024, 7.5530260801315308e-07
1024, 5.9697777032852173e-07
1024, 5.7369470596313477e-07
1024, 6.2678009271621704e-07
1024, 6.9243833422660828e-06
1024, 6.1467289924621582e-07
1024, 7.2084367275238037e-07
1024, 6.0629099607467651e-07
1024, 5.6158751249313354e-07
1024, 6.2026083469390869e-07
1024, 6.9290399551391602e-07
1024, 7.7299773693084717e-07
1024, 5.4575502872467041e-07
1024, 5.9138983488082886e-07
1024, 1.6223639249801636e-06
1024, 8.5774809122085571e-07
1024, 1.0076910257339478e-06
1024, 8.3725899457931519e-07
1024, 7.5995922088623047e-07
1024, 7.1432441473007202e-07
1024, 6.7986547946929932e-07
1024, 7.4598938226699829e-07
1024, 7.3015689849853516e-07
1024, 7.7486038208007812e-07
1024, 7.8231096267700195e-07
1024, 7.5157731771469116e-07
1024, 7.4319541454315186e-07
1024, 7.1711838245391846e-07
1024, 6.3329935073852539e-07
1024, 5.9604644775390625e-07
1024, 6.1653554439544678e-07
1024, 5.9511512517929077e-07
1024, 5.6717544794082642e-07
1024, 6.0722231864929199e-07
1024, 5.6158751249313354e-07
1024, 5.5972486734390259e-07
1024, 5.8859586715698242e-07
1024, 5.8021396398544312e-07
1024, 5.5320560932159424e-07
1024, 2.9609538614749908e-05
1024, 6.0815364122390747e-07
1024, 6.1839818954467773e-07
1024, 6.3050538301467896e-07
1024, 6.1001628637313843e-07
1024, 6.2026083469390869e-07
1024, 6.3050538301467896e-07
1024, 5.895271897315979e-07
1024, 6.3888728618621826e-07
2048, 1.7567537724971771e-05
2048, 2.405606210231781e-06
2048, 1.4929100871086121e-06
2048, 1.2898817658424377e-06
2048, 2.4102628231048584e-06
2048, 1.8039718270301819e-06
2048, 1.191161572933197e-06
2048, 1.0645017027854919e-06
2048, 0.00020131375640630722
2048, 2.4251639842987061e-06
2048, 8.2142651081085205e-07
2048, 8.2887709140777588e-07
2048, 7.1246176958084106e-07
2048, 1.9595026969909668e-06
2048, 6.3981860876083374e-07
2048, 6.7893415689468384e-07
2048, 7.8789889812469482e-07
2048, 1.8421560525894165e-06
2048, 6.6217035055160522e-07
2048, 6.0442835092544556e-07
2048, 6.8824738264083862e-07
2048, 1.7965212464332581e-06
2048, 6.2584877014160156e-07
2048, 5.9977173805236816e-07
2048, 7.282942533493042e-07
2048, 1.9753351807594299e-06
2048, 7.3574483394622803e-07
2048, 5.4016709327697754e-07
2048, 6.1839818954467773e-07
2048, 1.798383891582489e-06
2048, 6.5658241510391235e-07
2048, 5.4575502872467041e-07
2048, 6.1001628637313843e-07
2048, 1.6624107956886292e-06
2048, 6.156042218208313e-07
2048, 6.2305480241775513e-07
2048, 6.1839818954467773e-07
2048, 1.5012919902801514e-06
2048, 5.9977173805236816e-07
2048, 5.6065618991851807e-07
2048, 0.00015334784984588623
2048, 1.7369166016578674e-06
2048, 6.6123902797698975e-07
2048, 5.8487057685852051e-07
2048, 5.9418380260467529e-07
2048, 1.7369166016578674e-06
2048, 6.7055225372314453e-07
2048, 6.4447522163391113e-07
2048, 7.1246176958084106e-07
2048, 1.6709789633750916e-05
2048, 9.3504786491394043e-07
2048, 6.677582859992981e-07
2048, 5.8859586715698242e-07
2048, 6.9476664066314697e-07
2048, 7.627531886100769e-07
2048, 3.3142976462841034e-05
2048, 2.4925917387008667e-05
2048, 9.6578150987625122e-07
2048, 7.7392905950546265e-07
2048, 6.4726918935775757e-07
2048, 7.3201954364776611e-07
2048, 6.7986547946929932e-07
2048, 6.3981860876083374e-07
2048, 7.6461583375930786e-07
2048, 6.0070306062698364e-07
2048, 7.4971467256546021e-07
2048, 6.2678009271621704e-07
2048, 7.1059912443161011e-07
2048, 6.0908496379852295e-07
2048, 7.4971467256546021e-07
2048, 6.4633786678314209e-07
2048, 6.3795596361160278e-07
2048, 0.00012550689280033112
2048, 7.2363764047622681e-07
2048, 6.3516199588775635e-07
2048, 6.7055225372314453e-07
2048, 7.4319541454315186e-07
2048, 2.5941058993339539e-05
2048, 9.9092721939086914e-07
2048, 8.6519867181777954e-07
2048, 9.2852860689163208e-07
2048, 7.3574483394622803e-07
2048, 7.7765434980392456e-07
2048, 6.1653554439544678e-07
2048, 6.3423067331314087e-07
2048, 6.3143670558929443e-07
2048, 6.547197699546814e-07
2048, 6.2678009271621704e-07
2048, 6.7986547946929932e-07
2048, 6.8265944719314575e-07
2048, 7.4692070484161377e-07
2048, 6.3329935073852539e-07
2048, 6.3050538301467896e-07
2048, 6.1839818954467773e-07
2048, 6.1653554439544678e-07
2048, 6.0070306062698364e-07
2048, 5.8487057685852051e-07
2048, 6.2584877014160156e-07
2048, 6.4261257648468018e-07
2048, 6.2957406044006348e-07
4096, 0.00010981131345033646
4096, 1.2759119272232056e-06
4096, 9.5926225185394287e-07
4096, 8.9500099420547485e-07
4096, 0.00020572170615196228
4096, 9.4808638095855713e-07
4096, 2.8088688850402832e-06
4096, 1.0244548320770264e-06
4096, 2.037733793258667e-06
4096, 1.2265518307685852e-06
4096, 3.5669654607772827e-06
4096, 1.0803341865539551e-06
4096, 9.1176480054855347e-07
4096, 8.6799263954162598e-07
4096, 2.666376531124115e-06
4096, 9.7230076789855957e-07
4096, 8.9220702648162842e-07
4096, 8.3912163972854614e-07
4096, 2.5108456611633301e-06
4096, 3.2564625144004822e-05
4096, 1.1511147022247314e-06
4096, 1.1464580893516541e-06
4096, 2.9560178518295288e-06
4096, 1.0551884770393372e-06
4096, 8.3725899457931519e-07
4096, 9.4342976808547974e-07
4096, 2.5685876607894897e-06
4096, 1.0225921869277954e-06
4096, 1.0002404451370239e-06
4096, 9.3132257461547852e-07
4096, 2.6635825634002686e-06
4096, 9.7136944532394409e-07
4096, 8.754432201385498e-07
4096, 7.627531886100769e-07
4096, 1.7890706658363342e-06
4096, 8.9965760707855225e-07
4096, 6.4681284129619598e-05
4096, 2.1737068891525269e-06
4096, 9.6764415502548218e-07
4096, 7.8789889812469482e-07
4096, 2.4000182747840881e-06
4096, 9.8440796136856079e-07
4096, 7.9255551099777222e-07
4096, 8.01868736743927e-07
4096, 2.40374356508255e-06
4096, 9.5181167125701904e-07
4096, 9.0524554252624512e-07
4096, 9.2294067144393921e-07
4096, 4.243943840265274e-05
4096, 1.1278316378593445e-06
4096, 1.1520460247993469e-06
4096, 9.1549009084701538e-07
4096, 2.7697533369064331e-06
4096, 1.1147931218147278e-06
4096, 7.9814344644546509e-07
4096, 8.149072527885437e-07
4096, 2.68593430519104e-06
4096, 9.3132257461547852e-07
4096, 8.2515180110931396e-07
4096, 9.2294067144393921e-07
4096, 8.2608312368392944e-07
4096, 8.3725899457931519e-07
4096, 8.2142651081085205e-07
4096, 8.6892396211624146e-07
4096, 8.7916851043701172e-07
4096, 9.6485018730163574e-07
4096, 8.9500099420547485e-07
4096, 8.4191560745239258e-07
4096, 0.00011180154979228973
4096, 1.0505318641662598e-06
4096, 8.5774809122085571e-07
4096, 8.6985528469085693e-07
4096, 8.5867941379547119e-07
4096, 6.457790732383728e-06
4096, 1.0747462511062622e-06
4096, 8.931383490562439e-07
4096, 8.6240470409393311e-07
4096, 8.540228009223938e-07
4096, 1.0719522833824158e-06
4096, 7.7020376920700073e-07
4096, 8.4191560745239258e-07
4096, 8.3539634943008423e-07
4096, 8.1211328506469727e-07
4096, 2.8769485652446747e-05
4096, 2.9602088034152985e-05
4096, 1.5441328287124634e-06
4096, 9.3970447778701782e-07
4096, 1.2423843145370483e-06
4096, 9.3411654233932495e-07
4096, 9.4715505838394165e-07
4096, 7.9162418842315674e-07
4096, 9.3318521976470947e-07
4096, 8.0652534961700439e-07
4096, 9.5553696155548096e-07
4096, 8.9500099420547485e-07
4096, 7.9907476902008057e-07
4096, 8.931383490562439e-07
4096, 7.6927244663238525e-07
4096, 8.2608312368392944e-07
4096, 8.800998330116272e-07
8192, 0.00042592361569404602
8192, 2.0386651158332825e-06
8192, 1.9129365682601929e-06
8192, 1.1040829122066498e-05
8192, 2.0917505025863647e-06
8192, 1.6428530216217041e-06
8192, 1.6065314412117004e-06
8192, 4.2384490370750427e-06
8192, 1.6950070858001709e-06
8192, 1.5562400221824646e-06
8192, 1.7704442143440247e-06
8192, 3.8649886846542358e-06
8192, 1.8794089555740356e-06
8192, 1.5329569578170776e-06
8192, 1.5692785382270813e-06
8192, 3.7094578146934509e-06
8192, 1.9175931811332703e-06
8192, 1.7993152141571045e-06
8192, 1.8151476979255676e-06
8192, 3.9068982005119324e-06
8192, 1.6521662473678589e-06
8192, 1.6065314412117004e-06
8192, 1.6186386346817017e-06
8192, 3.8091093301773071e-06
8192, 1.6922131180763245e-06
8192, 1.5990808606147766e-06
8192, 1.5702098608016968e-06
8192, 4.2878091335296631e-06
8192, 1.841224730014801e-06
8192, 1.6447156667709351e-06
8192, 1.6503036022186279e-06
8192, 2.0815059542655945e-06
8192, 0.00010578148066997528
8192, 2.7185305953025818e-06
8192, 1.9669532775878906e-06
8192, 3.878958523273468e-06
8192, 1.7350539565086365e-06
8192, 1.6009435057640076e-06
8192, 1.5990808606147766e-06
8192, 3.9469450712203979e-06
8192, 1.691281795501709e-06
8192, 1.6745179891586304e-06
8192, 1.5879049897193909e-06
8192, 3.8519501686096191e-06
8192, 1.6158446669578552e-06
8192, 1.5776604413986206e-06
8192, 1.5776604413986206e-06
8192, 4.0192157030105591e-05
8192, 1.8924474716186523e-06
8192, 1.9138678908348083e-06
8192, 2.9643997550010681e-06
8192, 5.0514936447143555e-06
8192, 2.0125880837440491e-06
8192, 1.712702214717865e-06
8192, 1.667998731136322e-06
8192, 3.314577043056488e-06
8192, 1.7685815691947937e-06
8192, 3.70759516954422e-06
8192, 1.8393620848655701e-06
8192, 1.1066906154155731e-05
8192, 2.2174790501594543e-06
8192, 1.9175931811332703e-06
8192, 1.9082799553871155e-06
8192, 4.161149263381958e-06
8192, 1.7499551177024841e-06
8192, 1.6475096344947815e-06
8192, 1.9110739231109619e-06
8192, 4.5122578740119934e-06
8192, 1.6847625374794006e-06
8192, 1.6521662473678589e-06
8192, 1.6232952475547791e-06
8192, 4.0251761674880981e-06
8192, 1.6707926988601685e-06
8192, 0.00018391385674476624
8192, 2.1196901798248291e-06
8192, 4.770234227180481e-06
8192, 1.9464641809463501e-06
8192, 1.6884878277778625e-06
8192, 1.6093254089355469e-06
8192, 4.0689483284950256e-06
8192, 1.7005950212478638e-06
8192, 1.5925616025924683e-06
8192, 1.6158446669578552e-06
8192, 4.0447339415550232e-06
8192, 1.6335397958755493e-06
8192, 1.5459954738616943e-06
8192, 1.6409903764724731e-06
8192, 4.1080638766288757e-06
8192, 1.7192214727401733e-06
8192, 1.6931444406509399e-06
8192, 1.5972182154655457e-06
8192, 4.0046870708465576e-06
8192, 1.6372650861740112e-06
8192, 1.6381964087486267e-06
8192, 1.6242265701293945e-06
8192, 3.3462420105934143e-06
8192, 1.6884878277778625e-06
8192, 1.6158446669578552e-06
8192, 1.5925616025924683e-06
8192, 2.602115273475647e-06
16384, 0.030909251421689987
16384, 1.3871118426322937e-05
16384, 0.030672846361994743
16384, 4.3329782783985138e-05
16384, 0.030615471303462982
16384, 1.4324672520160675e-05
16384, 0.030071521177887917
16384, 0.00012039579451084137
16384, 1.1931173503398895e-05
16384, 1.0302290320396423e-05
16384, 1.1450611054897308e-05
16384, 5.05838543176651e-05
16384, 4.7646462917327881e-05
16384, 1.0148622095584869e-05
16384, 2.1641142666339874e-05
16384, 1.0243616998195648e-05
16384, 1.0020099580287933e-05
16384, 9.3774870038032532e-06
16384, 9.9595636129379272e-06
16384, 9.2573463916778564e-06
16384, 9.365379810333252e-06
16384, 8.9919194579124451e-06
16384, 8.9453533291816711e-06
16384, 9.9269673228263855e-06
16384, 8.8689848780632019e-06
16384, 8.9621171355247498e-06
16384, 9.5237046480178833e-06
16384, 1.0060146450996399e-05
16384, 9.0636312961578369e-06
16384, 9.0114772319793701e-06
16384, 9.209848940372467e-06
16384, 8.8484957814216614e-06
16384, 8.9500099420547485e-06
16384, 8.6082145571708679e-06
16384, 1.3124197721481323e-05
16384, 8.9658424258232117e-06
16384, 9.7602605819702148e-06
16384, 1.011136919260025e-05
16384, 9.8198652267456055e-06
16384, 9.1809779405593872e-06
16384, 8.7646767497062683e-06
16384, 9.0934336185455322e-06
16384, 9.3923881649971008e-06
16384, 8.8978558778762817e-06
16384, 9.6540898084640503e-06
16384, 9.1372057795524597e-06
16384, 8.8727101683616638e-06
16384, 8.8773667812347412e-06
16384, 9.3439593911170959e-06
16384, 9.0235844254493713e-06
16384, 9.1502442955970764e-06
16384, 8.820556104183197e-06
16384, 8.9267268776893616e-06
16384, 9.0003013610839844e-06
16384, 9.4017013907432556e-06
16384, 1.2646429240703583e-05
16384, 8.7870284914970398e-06
16384, 0.00018837675452232361
16384, 8.75815749168396e-06
16384, 0.00012884754687547684
16384, 8.8056549429893494e-06
16384, 0.00011851917952299118
16384, 8.6668878793716431e-06
16384, 0.00011888705193996429
16384, 8.6175277829170227e-06
16384, 9.233132004737854e-06
16384, 9.3486160039901733e-06
16384, 2.8354115784168243e-05
16384, 8.9267268776893616e-06
16384, 9.190291166305542e-06
16384, 1.2746080756187439e-05
16384, 8.9555978775024414e-06
16384, 8.8335946202278137e-06
16384, 8.6799263954162598e-06
16384, 8.4638595581054688e-06
16384, 3.5313889384269714e-05
16384, 4.2812898755073547e-05
16384, 9.5237046480178833e-06
16384, 8.584931492805481e-06
16384, 8.8913366198539734e-06
16384, 8.779577910900116e-06
16384, 2.1593645215034485e-05
16384, 8.5365027189254761e-06
16384, 8.5979700088500977e-06
16384, 8.4824860095977783e-06
16384, 8.6249783635139465e-06
16384, 8.7805092334747314e-06
16384, 8.9928507804870605e-06
16384, 8.5048377513885498e-06
16384, 1.1285766959190369e-05
16384, 8.1462785601615906e-06
16384, 8.7535008788108826e-06
16384, 9.1763213276863098e-06
16384, 8.4014609456062317e-06
16384, 8.9826062321662903e-06
16384, 8.8736414909362793e-06
16384, 8.581206202507019e-06
16384, 8.8857486844062805e-06
16384, 8.6538493633270264e-06
16384, 9.015202522277832e-06
32768, 0.00011616945266723633
32768, 1.0901130735874176e-05
32768, 1.1487863957881927e-05
32768, 1.1304393410682678e-05
32768, 1.1305324733257294e-05
32768, 1.1155381798744202e-05
32768, 1.1216849088668823e-05
32768, 1.1092983186244965e-05
32768, 1.1129304766654968e-05
32768, 1.1416152119636536e-05
32768, 1.1080875992774963e-05
32768, 1.095794141292572e-05
32768, 1.0957010090351105e-05
32768, 1.3041310012340546e-05
32768, 1.493748277425766e-05
32768, 1.0878778994083405e-05
32768, 1.0956078767776489e-05
32768, 1.0855495929718018e-05
32768, 1.0709278285503387e-05
32768, 1.1079944670200348e-05
32768, 1.172628253698349e-05
32768, 1.1162832379341125e-05
32768, 1.127924770116806e-05
32768, 1.0952353477478027e-05
32768, 1.1141411960124969e-05
32768, 1.071486622095108e-05
32768, 1.095794141292572e-05
32768, 1.0938383638858795e-05
32768, 1.0917894542217255e-05
32768, 1.0794028639793396e-05
32768, 1.0965391993522644e-05
32768, 2.6123598217964172e-05
32768, 1.1387281119823456e-05
32768, 1.0930001735687256e-05
32768, 1.100543886423111e-05
32768, 1.0919757187366486e-05
32768, 1.6882084310054779e-05
32768, 1.0622665286064148e-05
32768, 1.0644085705280304e-05
32768, 3.8976781070232391e-05
32768, 5.4390169680118561e-05
32768, 1.1381693184375763e-05
32768, 1.1187978088855743e-05
32768, 1.1220574378967285e-05
32768, 1.1024065315723419e-05
32768, 1.129787415266037e-05
32768, 1.0979361832141876e-05
32768, 1.130811870098114e-05
32768, 1.0630115866661072e-05
32768, 1.0828487575054169e-05
32768, 1.0682269930839539e-05
32768, 1.1234544217586517e-05
32768, 1.0844320058822632e-05
32768, 1.0810792446136475e-05
32768, 1.0719522833824158e-05
32768, 1.1106953024864197e-05
32768, 1.1249445378780365e-05
32768, 1.100543886423111e-05
32768, 1.1337921023368835e-05
32768, 1.050066202878952e-05
32768, 1.0750256478786469e-05
32768, 1.0857358574867249e-05
32768, 1.0756775736808777e-05
32768, 1.0715797543525696e-05
32768, 1.1111609637737274e-05
32768, 1.1047348380088806e-05
32768, 1.0882504284381866e-05
32768, 1.0890886187553406e-05
32768, 1.1039897799491882e-05
32768, 1.0767020285129547e-05
32768, 1.2206844985485077e-05
32768, 1.0839663445949554e-05
32768, 1.0925345122814178e-05
32768, 1.077260822057724e-05
32768, 1.077260822057724e-05
32768, 1.1834315955638885e-05
32768, 1.1070631444454193e-05
32768, 1.1024065315723419e-05
32768, 1.0713934898376465e-05
32768, 1.0612420737743378e-05
32768, 1.0753050446510315e-05
32768, 1.0656192898750305e-05
32768, 1.0609626770019531e-05
32768, 1.088995486497879e-05
32768, 1.0771676898002625e-05
32768, 1.0996125638484955e-05
32768, 1.1086463928222656e-05
32768, 1.0994262993335724e-05
32768, 1.09868124127388e-05
32768, 1.0419636964797974e-05
32768, 1.0674819350242615e-05
32768, 1.0785646736621857e-05
32768, 1.0504387319087982e-05
32768, 1.0687857866287231e-05
32768, 1.0730698704719543e-05
32768, 2.8708949685096741e-05
32768, 1.099705696105957e-05
32768, 1.5676021575927734e-05
32768, 1.0774470865726471e-05
32768, 1.1185184121131897e-05
65536, 0.0001115109771490097
65536, 1.6228295862674713e-05
65536, 1.5993602573871613e-05
65536, 4.9749389290809631e-05
65536, 4.5207329094409943e-05
65536, 1.9711442291736603e-05
65536, 1.6349367797374725e-05
65536, 1.6390345990657806e-05
65536, 1.9590370357036591e-05
65536, 1.9595958292484283e-05
65536, 1.9480474293231964e-05
65536, 3.0774623155593872e-05
65536, 1.5927478671073914e-05
65536, 1.8460676074028015e-05
65536, 1.6103498637676239e-05
65536, 1.9450671970844269e-05
65536, 1.5878118574619293e-05
65536, 1.6015954315662384e-05
65536, 1.6079284250736237e-05
65536, 1.9347295165061951e-05
65536, 1.6101635992527008e-05
65536, 1.9116327166557312e-05
65536, 1.9319355487823486e-05
65536, 1.6149133443832397e-05
65536, 1.6017816960811615e-05
65536, 1.9222497940063477e-05
65536, 1.7996877431869507e-05
65536, 1.5453435480594635e-05
65536, 1.9507482647895813e-05
65536, 1.637730747461319e-05
65536, 1.6343779861927032e-05
65536, 1.9644387066364288e-05
65536, 1.9649975001811981e-05
65536, 1.9906088709831238e-05
65536, 1.9701197743415833e-05
65536, 1.6295351088047028e-05
65536, 1.6411766409873962e-05
65536, 1.9240193068981171e-05
65536, 2.7650967240333557e-05
65536, 1.5735626220703125e-05
65536, 1.9358471035957336e-05
65536, 1.595914363861084e-05
65536, 1.9148923456668854e-05
65536, 1.5895813703536987e-05
65536, 1.9222497940063477e-05
65536, 1.5932135283946991e-05
65536, 1.5846453607082367e-05
65536, 1.6221776604652405e-05
65536, 1.5917234122753143e-05
65536, 1.9380822777748108e-05
65536, 1.9776634871959686e-05
65536, 1.6271136701107025e-05
65536, 2.1556392312049866e-05
65536, 1.6013160347938538e-05
65536, 1.9297003746032715e-05
65536, 1.5881843864917755e-05
65536, 1.5875324606895447e-05
65536, 1.6218051314353943e-05
65536, 1.5988945960998535e-05
65536, 3.969389945268631e-05
65536, 1.9585713744163513e-05
65536, 1.9350089132785797e-05
65536, 2.0371749997138977e-05
65536, 1.9667670130729675e-05
65536, 1.950189471244812e-05
65536, 1.6263686120510101e-05
65536, 1.9270926713943481e-05
65536, 4.3366104364395142e-05
65536, 4.7610141336917877e-05
65536, 1.6229227185249329e-05
65536, 1.9581057131290436e-05
65536, 1.6113743185997009e-05
65536, 1.9378028810024261e-05
65536, 2.0563602447509766e-05
65536, 1.9438564777374268e-05
65536, 1.6078352928161621e-05
65536, 1.5927478671073914e-05
65536, 3.3847987651824951e-05
65536, 1.6180798411369324e-05
65536, 1.9310042262077332e-05
65536, 1.6223639249801636e-05
65536, 1.6048550605773926e-05
65536, 1.6139820218086243e-05
65536, 1.9419007003307343e-05
65536, 1.6094185411930084e-05
65536, 1.9165687263011932e-05
65536, 1.9346363842487335e-05
65536, 1.6017816960811615e-05
65536, 1.5838071703910828e-05
65536, 1.5931203961372375e-05
65536, 1.600850373506546e-05
65536, 1.9168481230735779e-05
65536, 3.1919218599796295e-05
65536, 1.614447683095932e-05
65536, 1.9362196326255798e-05
65536, 1.9382685422897339e-05
65536, 1.5956349670886993e-05
65536, 1.9134953618049622e-05
65536, 1.6145408153533936e-05
65536, 1.9187107682228088e-05
131072, 0.00019083451479673386
131072, 3.5863369703292847e-05
131072, 3.2187439501285553e-05
131072, 2.8000213205814362e-05
131072, 3.1398609280586243e-05
131072, 3.251340240240097e-05
131072, 3.1637027859687805e-05
131072, 2.8023496270179749e-05
131072, 3.7678517401218414e-05
131072, 2.6625581085681915e-05
131072, 3.109220415353775e-05
131072, 2.7980655431747437e-05
131072, 3.1712464988231659e-05
131072, 3.0519440770149231e-05
131072, 2.7962960302829742e-05
131072, 2.6741065084934235e-05
131072, 3.1817704439163208e-05
131072, 2.6427209377288818e-05
131072, 3.266800194978714e-05
131072, 2.7416273951530457e-05
131072, 2.6646070182323456e-05
131072, 2.6750378310680389e-05
131072, 2.6769936084747314e-05
131072, 3.3681280910968781e-05
131072, 2.7751550078392029e-05
131072, 3.2339245080947876e-05
131072, 3.2397918403148651e-05
131072, 3.4712255001068115e-05
131072, 2.8351321816444397e-05
131072, 2.6782974600791931e-05
131072, 2.6732683181762695e-05
131072, 3.5793520510196686e-05
131072, 3.819633275270462e-05
131072, 2.8073787689208984e-05
131072, 3.0198134481906891e-05
131072, 2.8221867978572845e-05
131072, 3.2988376915454865e-05
131072, 2.6887282729148865e-05
131072, 3.2153911888599396e-05
131072, 2.6398338377475739e-05
131072, 3.1201168894767761e-05
131072, 2.6586465537548065e-05
131072, 3.1001865863800049e-05
131072, 2.6712194085121155e-05
131072, 2.6648864150047302e-05
131072, 4.0360726416110992e-05
131072, 3.2128766179084778e-05
131072, 3.1090341508388519e-05
131072, 2.6734545826911926e-05
131072, 2.6534311473369598e-05
131072, 2.668425440788269e-05
131072, 2.6776455342769623e-05
131072, 2.6262365281581879e-05
131072, 2.6728026568889618e-05
131072, 2.6699155569076538e-05
131072, 4.1385181248188019e-05
131072, 3.2016076147556305e-05
131072, 2.6541762053966522e-05
131072, 3.1962990760803223e-05
131072, 3.1263567507266998e-05
131072, 2.6742927730083466e-05
131072, 2.8865411877632141e-05
131072, 2.7164816856384277e-05
131072, 2.6561319828033447e-05
131072, 2.9979273676872253e-05
131072, 2.7941539883613586e-05
131072, 2.6727095246315002e-05
131072, 2.8376467525959015e-05
131072, 3.240630030632019e-05
131072, 3.0427239835262299e-05
131072, 3.1856819987297058e-05
131072, 3.1915493309497833e-05
131072, 2.6548281311988831e-05
131072, 3.1158328056335449e-05
131072, 2.6621855795383453e-05
131072, 2.675224095582962e-05
131072, 2.6619061827659607e-05
131072, 2.6548281311988831e-05
131072, 3.1263567507266998e-05
131072, 3.4781172871589661e-05
131072, 3.2202340662479401e-05
131072, 2.7847476303577423e-05
131072, 3.1253322958946228e-05
131072, 3.0918046832084656e-05
131072, 2.6611611247062683e-05
131072, 3.1161122024059296e-05
131072, 2.6647001504898071e-05
131072, 3.3701770007610321e-05
131072, 2.6568770408630371e-05
131072, 2.6715919375419617e-05
131072, 2.8188340365886688e-05
131072, 2.7978792786598206e-05
131072, 3.221072256565094e-05
131072, 2.788938581943512e-05
131072, 2.6671215891838074e-05
131072, 5.942024290561676e-05
131072, 4.1722320020198822e-05
131072, 3.2212585210800171e-05
131072, 3.1456351280212402e-05
131072, 2.6803463697433472e-05
262144, 0.00033114850521087646
262144, 4.8074871301651001e-05
262144, 5.2518211305141449e-05
262144, 4.7155655920505524e-05
262144, 4.8947520554065704e-05
262144, 6.6764652729034424e-05
262144, 5.2488408982753754e-05
262144, 5.2623450756072998e-05
262144, 5.2523799240589142e-05
262144, 4.6984292566776276e-05
262144, 5.2288174629211426e-05
262144, 5.2833929657936096e-05
262144, 5.197618156671524e-05
262144, 5.6403689086437225e-05
262144, 5.1789917051792145e-05
262144, 4.8296526074409485e-05
262144, 4.7102570533752441e-05
262144, 4.7402456402778625e-05
262144, 4.7240406274795532e-05
262144, 5.558505654335022e-05
262144, 5.2571296691894531e-05
262144, 5.2481889724731445e-05
262144, 5.2561052143573761e-05
262144, 5.2412040531635284e-05
262144, 5.1914714276790619e-05
262144, 5.2492134273052216e-05
262144, 4.883110523223877e-05
262144, 4.7142617404460907e-05
262144, 5.0507485866546631e-05
262144, 5.2352435886859894e-05
262144, 5.2531249821186066e-05
262144, 4.855077713727951e-05
262144, 4.9826689064502716e-05
262144, 6.4080581068992615e-05
262144, 4.8205256462097168e-05
262144, 5.1737762987613678e-05
262144, 4.7155655920505524e-05
262144, 4.7040171921253204e-05
262144, 5.2004121243953705e-05
262144, 5.2335672080516815e-05
262144, 4.7060661017894745e-05
262144, 4.7666020691394806e-05
262144, 5.2503310143947601e-05
262144, 4.7215260565280914e-05
262144, 5.2361749112606049e-05
262144, 4.8147514462471008e-05
262144, 5.167350172996521e-05
262144, 4.8295594751834869e-05
262144, 4.7073699533939362e-05
262144, 4.7274865210056305e-05
262144, 4.7076493501663208e-05
262144, 7.4397772550582886e-05
262144, 5.6199729442596436e-05
262144, 4.7407113015651703e-05
262144, 5.1549635827541351e-05
262144, 4.8651359975337982e-05
262144, 5.2807852625846863e-05
262144, 4.6980567276477814e-05
262144, 4.9149617552757263e-05
262144, 7.5219199061393738e-05
262144, 8.0361030995845795e-05
262144, 4.8400834202766418e-05
262144, 4.7422014176845551e-05
262144, 4.8535875976085663e-05
262144, 5.3643248975276947e-05
262144, 4.7659501433372498e-05
262144, 5.2557326853275299e-05
262144, 4.8380345106124878e-05
262144, 4.7229230403900146e-05
262144, 4.7124922275543213e-05
262144, 4.7057867050170898e-05
262144, 5.9722922742366791e-05
262144, 5.248095840215683e-05
262144, 4.8376619815826416e-05
262144, 5.2542425692081451e-05
262144, 5.1662325859069824e-05
262144, 5.166325718164444e-05
262144, 4.7162175178527832e-05
262144, 5.236547440290451e-05
262144, 4.7067180275917053e-05
262144, 5.1358714699745178e-05
262144, 5.2260234951972961e-05
262144, 4.7048553824424744e-05
262144, 5.2296556532382965e-05
262144, 4.7115609049797058e-05
262144, 5.1803886890411377e-05
262144, 5.0135888159275055e-05
262144, 5.271565169095993e-05
262144, 4.7347508370876312e-05
262144, 4.7205016016960144e-05
262144, 5.3398311138153076e-05
262144, 4.7260895371437073e-05
262144, 5.1947310566902161e-05
262144, 4.9717724323272705e-05
262144, 4.7855079174041748e-05
262144, 5.3227879106998444e-05
262144, 5.543883889913559e-05
262144, 4.7202222049236298e-05
262144, 5.1893293857574463e-05
262144, 5.2603892982006073e-05
524288, 0.00046383216977119446
524288, 0.00010906904935836792
524288, 9.3447975814342499e-05
524288, 9.3008391559123993e-05
524288, 9.1423280537128448e-05
524288, 9.1511756181716919e-05
524288, 8.9623034000396729e-05
524288, 9.3785114586353302e-05
524288, 9.5613300800323486e-05
524288, 9.5376744866371155e-05
524288, 9.1386027634143829e-05
524288, 9.1407448053359985e-05
524288, 9.573809802532196e-05
524288, 9.5515511929988861e-05
524288, 9.5347873866558075e-05
524288, 0.00011358130723237991
524288, 9.6114352345466614e-05
524288, 8.8077038526535034e-05
524288, 9.3346461653709412e-05
524288, 0.00010887160897254944
524288, 9.2581845819950104e-05
524288, 8.841976523399353e-05
524288, 9.5120631158351898e-05
524288, 0.00011894293129444122
524288, 0.0001283399760723114
524288, 9.3420036137104034e-05
524288, 9.8046846687793732e-05
524288, 9.7996555268764496e-05
524288, 9.4793736934661865e-05
524288, 9.8702497780323029e-05
524288, 9.567849338054657e-05
524288, 8.8047236204147339e-05
524288, 9.5725059509277344e-05
524288, 9.5219351351261139e-05
524288, 9.5060095191001892e-05
524288, 9.3455426394939423e-05
524288, 9.3328766524791718e-05
524288, 8.797086775302887e-05
524288, 9.3731097877025604e-05
524288, 9.3467533588409424e-05
524288, 9.3663111329078674e-05
524288, 9.3668699264526367e-05
524288, 9.2954374849796295e-05
524288, 8.7878666818141937e-05
524288, 9.5255672931671143e-05
524288, 9.0589746832847595e-05
524288, 9.5369294285774231e-05
524288, 9.5310620963573456e-05
524288, 8.749496191740036e-05
524288, 9.3291513621807098e-05
524288, 0.00010280776768922806
524288, 9.3422830104827881e-05
524288, 9.3955546617507935e-05
524288, 0.00010011158883571625
524288, 8.806958794593811e-05
524288, 9.591318666934967e-05
524288, 9.0997666120529175e-05
524288, 9.8287127912044525e-05
524288, 0.00010230205953121185
524288, 9.1175548732280731e-05
524288, 8.9489854872226715e-05
524288, 9.3803741037845612e-05
524288, 9.6361152827739716e-05
524288, 8.9009292423725128e-05
524288, 9.2795118689537048e-05
524288, 8.8104978203773499e-05
524288, 9.1040506958961487e-05
524288, 8.8107772171497345e-05
524288, 9.4284303486347198e-05
524288, 9.5436349511146545e-05
524288, 9.6355564892292023e-05
524288, 0.00010206270962953568
524288, 9.1413035988807678e-05
524288, 8.9232809841632843e-05
524288, 9.2502683401107788e-05
524288, 9.2782080173492432e-05
524288, 8.8568776845932007e-05
524288, 8.9913606643676758e-05
524288, 9.2507340013980865e-05
524288, 0.00011299736797809601
524288, 8.8714063167572021e-05
524288, 0.00010175444185733795
524288, 8.8308006525039673e-05
524288, 9.0528279542922974e-05
524288, 9.4960443675518036e-05
524288, 8.8333152234554291e-05
524288, 8.9862383902072906e-05
524288, 0.00011916551738977432
524288, 0.00011620298027992249
524288, 8.9457258582115173e-05
524288, 9.4871968030929565e-05
524288, 9.5752999186515808e-05
524288, 9.3783251941204071e-05
524288, 8.9580193161964417e-05
524288, 8.7969936430454254e-05
524288, 8.7941065430641174e-05
524288, 8.9063309133052826e-05
524288, 8.9699402451515198e-05
524288, 8.8190659880638123e-05
524288, 9.4088725745677948e-05
1048576, 0.00088625308126211166
1048576, 0.00019574631005525589
1048576, 0.00020467024296522141
1048576, 0.000188412144780159
1048576, 0.00017516687512397766
1048576, 0.00018592271953821182
1048576, 0.00018423423171043396
1048576, 0.00017721299082040787
1048576, 0.00017796736210584641
1048576, 0.00018418487161397934
1048576, 0.00017249118536710739
1048576, 0.00017750635743141174
1048576, 0.00017774570733308792
1048576, 0.00017268117517232895
1048576, 0.00017365999519824982
1048576, 0.00017257779836654663
1048576, 0.00017499364912509918
1048576, 0.0001727566123008728
1048576, 0.00017694011330604553
1048576, 0.00017506163567304611
1048576, 0.00017995946109294891
1048576, 0.00017837714403867722
1048576, 0.00017033796757459641
1048576, 0.00017776526510715485
1048576, 0.00018014572560787201
1048576, 0.00017625559121370316
1048576, 0.00017230212688446045
1048576, 0.00017322227358818054
1048576, 0.00017262343317270279
1048576, 0.00017714593559503555
1048576, 0.00018084142357110977
1048576, 0.00017255824059247971
1048576, 0.00017014797776937485
1048576, 0.0001765107735991478
1048576, 0.0001728348433971405
1048576, 0.00018392596393823624
1048576, 0.00017044972628355026
1048576, 0.00019589625298976898
1048576, 0.00017377734184265137
1048576, 0.00017418991774320602
1048576, 0.00017832126468420029
1048576, 0.00018576253205537796
1048576, 0.00017417129129171371
1048576, 0.00020027905702590942
1048576, 0.00018016435205936432
1048576, 0.0001730211079120636
1048576, 0.00017456896603107452
1048576, 0.00017326604574918747
1048576, 0.00017546489834785461
1048576, 0.00017009396106004715
1048576, 0.0001760115846991539
1048576, 0.00021182000637054443
1048576, 0.00021054688841104507
1048576, 0.00017709285020828247
1048576, 0.00017972476780414581
1048576, 0.00017761066555976868
1048576, 0.00017532240599393845
1048576, 0.0001795915886759758
1048576, 0.00018042325973510742
1048576, 0.00018581189215183258
1048576, 0.00016951467841863632
1048576, 0.00017591658979654312
1048576, 0.00017017219215631485
1048576, 0.00017812754958868027
1048576, 0.00017308257520198822
1048576, 0.00018711481243371964
1048576, 0.00018196366727352142
1048576, 0.00017021037638187408
1048576, 0.00018280185759067535
1048576, 0.00018003117293119431
1048576, 0.00018476136028766632
1048576, 0.00017299503087997437
1048576, 0.00017008185386657715
1048576, 0.00017470307648181915
1048576, 0.00017122272402048111
1048576, 0.00017559714615345001
1048576, 0.00017268117517232895
1048576, 0.0001735026016831398
1048576, 0.00017299316823482513
1048576, 0.00018098670989274979
1048576, 0.0001790681853890419
1048576, 0.00017280410975217819
1048576, 0.00017605163156986237
1048576, 0.00017723441123962402
1048576, 0.00017025228589773178
1048576, 0.00017855968326330185
1048576, 0.00018053501844406128
1048576, 0.00017264019697904587
1048576, 0.00017013493925333023
1048576, 0.00017335359007120132
1048576, 0.00016999058425426483
1048576, 0.00017851125448942184
1048576, 0.00017306767404079437
1048576, 0.00016974937170743942
1048576, 0.00017751287668943405
1048576, 0.00017345882952213287
1048576, 0.00017008744180202484
1048576, 0.00018308311700820923
1048576, 0.00018295552581548691
1048576, 0.00017309561371803284
2097152, 0.0019339174032211304
2097152, 0.00035881437361240387
2097152, 0.00036697369068861008
2097152, 0.0003498690202832222
2097152, 0.00033715832978487015
2097152, 0.00034610647708177567
2097152, 0.00034395605325698853
2097152, 0.00036568567156791687
2097152, 0.00033830199390649796
2097152, 0.00033723004162311554
2097152, 0.00034224614500999451
2097152, 0.00034027546644210815
2097152, 0.00034205615520477295
2097152, 0.00034179072827100754
2097152, 0.00034062564373016357
2097152, 0.00036520231515169144
2097152, 0.00038654450327157974
2097152, 0.00034782290458679199
2097152, 0.00033688731491565704
2097152, 0.00033622048795223236
2097152, 0.00034123100340366364
2097152, 0.00033382885158061981
2097152, 0.00033364072442054749
2097152, 0.00034363754093647003
2097152, 0.00034397002309560776
2097152, 0.00033380649983882904
2097152, 0.00034160353243350983
2097152, 0.00033634062856435776
2097152, 0.00034046918153762817
2097152, 0.00034379772841930389
2097152, 0.00034374184906482697
2097152, 0.00034391041845083237
2097152, 0.00034204591065645218
2097152, 0.00034125708043575287
2097152, 0.00033389963209629059
2097152, 0.0003371313214302063
2097152, 0.00033674854785203934
2097152, 0.00034678075462579727
2097152, 0.00033338367938995361
2097152, 0.00034165196120738983
2097152, 0.00033664889633655548
2097152, 0.00033687986433506012
2097152, 0.00033661723136901855
2097152, 0.0003367643803358078
2097152, 0.00033679697662591934
2097152, 0.00034136418253183365
2097152, 0.00033796578645706177
2097152, 0.00033677183091640472
2097152, 0.00034075696021318436
2097152, 0.0003363974392414093
2097152, 0.00033383257687091827
2097152, 0.00034762732684612274
2097152, 0.00034743454307317734
2097152, 0.0003425106406211853
2097152, 0.00033602584153413773
2097152, 0.00034262239933013916
2097152, 0.00033383723348379135
2097152, 0.0003423001617193222
2097152, 0.00033673923462629318
2097152, 0.00033638160675764084
2097152, 0.00033722445368766785
2097152, 0.00033615436404943466
2097152, 0.00034153368324041367
2097152, 0.00033422652631998062
2097152, 0.00034158490598201752
2097152, 0.00033663399517536163
2097152, 0.00034143123775720596
2097152, 0.00033407006412744522
2097152, 0.00033645518124103546
2097152, 0.0006244489923119545
2097152, 0.00033827684819698334
2097152, 0.00036124326288700104
2097152, 0.00033628474920988083
2097152, 0.0003369571641087532
2097152, 0.00034195836633443832
2097152, 0.00033632945269346237
2097152, 0.00034570228308439255
2097152, 0.00034034065902233124
2097152, 0.00033373106271028519
2097152, 0.00037003401666879654
2097152, 0.00038573052734136581
2097152, 0.00034387689083814621
2097152, 0.00034698843955993652
2097152, 0.00034837983548641205
2097152, 0.00034382753074169159
2097152, 0.00034168269485235214
2097152, 0.00033784471452236176
2097152, 0.00034436490386724472
2097152, 0.00034180283546447754
2097152, 0.0003380877897143364
2097152, 0.00033665914088487625
2097152, 0.00034408457577228546
2097152, 0.00034674257040023804
2097152, 0.00033625215291976929
2097152, 0.00035234168171882629
2097152, 0.00034710019826889038
2097152, 0.00034432299435138702
2097152, 0.00034908857196569443
2097152, 0.00033775158226490021
2097152, 0.00033626612275838852
4194304, 0.0042301947250962257
4194304, 0.00066505745053291321
4194304, 0.00068919453769922256
4194304, 0.00067463703453540802
4194304, 0.00066939834505319595
4194304, 0.00066838320344686508
4194304, 0.00067067239433526993
4194304, 0.00067208986729383469
4194304, 0.00066390074789524078
4194304, 0.00066370703279972076
4194304, 0.00066408794373273849
4194304, 0.00067374017089605331
4194304, 0.00066411960870027542
4194304, 0.00066336337476968765
4194304, 0.00066470727324485779
4194304, 0.00066397432237863541
4194304, 0.00066376663744449615
4194304, 0.00066421739757061005
4194304, 0.00066571682691574097
4194304, 0.00066486559808254242
4194304, 0.00066440366208553314
4194304, 0.000661483034491539
4194304, 0.00067055411636829376
4194304, 0.00066804885864257812
4194304, 0.0006673252210021019
4194304, 0.00066522043198347092
4194304, 0.00067248847335577011
4194304, 0.00068157538771629333
4194304, 0.00067004282027482986
4194304, 0.00066467560827732086
4194304, 0.00066937040537595749
4194304, 0.00068156421184539795
4194304, 0.0006771087646484375
4194304, 0.00067203212529420853
4194304, 0.00066938996315002441
4194304, 0.00070685520768165588
4194304, 0.00067510921508073807
4194304, 0.00067221838980913162
4194304, 0.00067021790891885757
4194304, 0.00066322647035121918
4194304, 0.00066465232521295547
4194304, 0.00067625939846038818
4194304, 0.00066743604838848114
4194304, 0.00071464478969573975
4194304, 0.00071988161653280258
4194304, 0.00067924242466688156
4194304, 0.00066482741385698318
4194304, 0.00067654065787792206
4194304, 0.00066416990011930466
4194304, 0.0006749425083398819
4194304, 0.00067115761339664459
4194304, 0.00067131873220205307
4194304, 0.00067344494163990021
4194304, 0.00066361855715513229
4194304, 0.00066920090466737747
4194304, 0.00067126099020242691
4194304, 0.00067118555307388306
4194304, 0.00067096203565597534
4194304, 0.00067038368433713913
4194304, 0.00066937226802110672
4194304, 0.00067129917442798615
4194304, 0.00067127961665391922
4194304, 0.00066966842859983444
4194304, 0.00067173969000577927
4194304, 0.00066376570612192154
4194304, 0.00066350772976875305
4194304, 0.00066973734647035599
4194304, 0.00067043397575616837
4194304, 0.00067730434238910675
4194304, 0.00066470447927713394
4194304, 0.00067426729947328568
4194304, 0.00066369865089654922
4194304, 0.00067580863833427429
4194304, 0.00067055132240056992
4194304, 0.00066907238215208054
4194304, 0.00066496804356575012
4194304, 0.00066798273473978043
4194304, 0.00066454708576202393
4194304, 0.00066201388835906982
4194304, 0.00066488049924373627
4194304, 0.00066123344004154205
4194304, 0.00067580491304397583
4194304, 0.00066679529845714569
4194304, 0.00067044608294963837
4194304, 0.00066869240254163742
4194304, 0.00066991429775953293
4194304, 0.00066191703081130981
4194304, 0.00066423974931240082
4194304, 0.00066177360713481903
4194304, 0.00066256336867809296
4194304, 0.0006617056205868721
4194304, 0.0006669219583272934
4194304, 0.0006638113409280777
4194304, 0.00066510681062936783
4194304, 0.00067844055593013763
4194304, 0.00066391471773386002
4194304, 0.00066389050334692001
4194304, 0.00066417735069990158
4194304, 0.00066129304468631744
4194304, 0.00068829115480184555
8388608, 0.008769243024289608
8388608, 0.0013352138921618462
8388608, 0.0013329200446605682
8388608, 0.0013515530154109001
8388608, 0.0013282829895615578
8388608, 0.0013226941227912903
8388608, 0.0013195676729083061
8388608, 0.0013688895851373672
8388608, 0.0013790978118777275
8388608, 0.0013168631121516228
8388608, 0.0013372413814067841
8388608, 0.0013247216120362282
8388608, 0.0013422975316643715
8388608, 0.0013202913105487823
8388608, 0.0013186195865273476
8388608, 0.0013167094439268112
8388608, 0.0013316934928297997
8388608, 0.0013200016692280769
8388608, 0.0013211481273174286
8388608, 0.0013267332687973976
8388608, 0.0013461709022521973
8388608, 0.0013333661481738091
8388608, 0.0013317381963133812
8388608, 0.0013299770653247833
8388608, 0.0013217898085713387
8388608, 0.0013207802549004555
8388608, 0.0013192351907491684
8388608, 0.0013321824371814728
8388608, 0.0013276506215333939
8388608, 0.0013279840350151062
8388608, 0.0013169227167963982
8388608, 0.0013203620910644531
8388608, 0.0013199197128415108
8388608, 0.0013192156329751015
8388608, 0.0013329153880476952
8388608, 0.00131944939494133
8388608, 0.0013234606012701988
8388608, 0.0013345647603273392
8388608, 0.0013215420767664909
8388608, 0.0013341745361685753
8388608, 0.0013211099430918694
8388608, 0.0013328110799193382
8388608, 0.001319332979619503
8388608, 0.0013377927243709564
8388608, 0.001320631243288517
8388608, 0.0013348637148737907
8388608, 0.0013167019933462143
8388608, 0.0013346942141652107
8388608, 0.0013196319341659546
8388608, 0.0013210270553827286
8388608, 0.0013163220137357712
8388608, 0.0013295561075210571
8388608, 0.0013193916529417038
8388608, 0.001320933923125267
8388608, 0.0013191383332014084
8388608, 0.0013216361403465271
8388608, 0.0013200985267758369
8388608, 0.0013169059529900551
8388608, 0.0013196328654885292
8388608, 0.0013204701244831085
8388608, 0.0013224165886640549
8388608, 0.0013237055391073227
8388608, 0.0013221530243754387
8388608, 0.0013728542253375053
8388608, 0.0013213856145739555
8388608, 0.0013209227472543716
8388608, 0.0013230219483375549
8388608, 0.0013240156695246696
8388608, 0.0013237930834293365
8388608, 0.0013283751904964447
8388608, 0.0013209357857704163
8388608, 0.001356910914182663
8388608, 0.001365351490676403
8388608, 0.0013307435438036919
8388608, 0.0013310061767697334
8388608, 0.001337248831987381
8388608, 0.0013187266886234283
8388608, 0.0013193618506193161
8388608, 0.0013336623087525368
8388608, 0.0013346569612622261
8388608, 0.0013314085081219673
8388608, 0.0013257544487714767
8388608, 0.001332966610789299
8388608, 0.0013196384534239769
8388608, 0.001319078728556633
8388608, 0.001324906013906002
8388608, 0.0013182070106267929
8388608, 0.0013204263523221016
8388608, 0.0013190945610404015
8388608, 0.0013197036460042
8388608, 0.0013234531506896019
8388608, 0.0013213204219937325
8388608, 0.0013301130384206772
8388608, 0.0013187406584620476
8388608, 0.0013314029201865196
8388608, 0.0013285540044307709
8388608, 0.0013199839740991592
8388608, 0.001320461742579937
8388608, 0.0013199895620346069
8388608, 0.0013192053884267807
16777216, 0.020359598100185394
16777216, 0.002652372233569622
16777216, 0.0026308074593544006
16777216, 0.0026600947603583336
16777216, 0.0026560844853520393
16777216, 0.0026530195027589798
16777216, 0.0026363702490925789
16777216, 0.0026460234075784683
16777216, 0.0026318328455090523
16777216, 0.0026321560144424438
16777216, 0.0026416443288326263
16777216, 0.0026380587369203568
16777216, 0.0026399428024888039
16777216, 0.0026307394728064537
16777216, 0.0026472751051187515
16777216, 0.002634749747812748
16777216, 0.002653859555721283
16777216, 0.0026644784957170486
16777216, 0.0026636878028512001
16777216, 0.0026380140334367752
16777216, 0.0026540542021393776
16777216, 0.0026365863159298897
16777216, 0.0026400117203593254
16777216, 0.0026422366499900818
16777216, 0.0026307273656129837
16777216, 0.0026406049728393555
16777216, 0.0026519270613789558
16777216, 0.0026722503826022148
16777216, 0.002641032449901104
16777216, 0.0026482641696929932
16777216, 0.0026307404041290283
16777216, 0.0026315711438655853
16777216, 0.0026524225249886513
16777216, 0.0026530344039201736
16777216, 0.0026373658329248428
16777216, 0.0026673376560211182
16777216, 0.0026882626116275787
16777216, 0.0026478450745344162
16777216, 0.0026579853147268295
16777216, 0.0026573780924081802
16777216, 0.0026410399004817009
16777216, 0.002631056122481823
16777216, 0.0026478227227926254
16777216, 0.0026583736762404442
16777216, 0.002630254253745079
16777216, 0.0026317629963159561
16777216, 0.0026457244530320168
16777216, 0.0026362892240285873
16777216, 0.002644057385623455
16777216, 0.0026517566293478012
16777216, 0.0026373406872153282
16777216, 0.0026506157591938972
16777216, 0.002646004781126976
16777216, 0.0026376508176326752
16777216, 0.0026500141248106956
16777216, 0.002630266360938549
16777216, 0.0026391483843326569
16777216, 0.0026578232645988464
16777216, 0.0026454497128725052
16777216, 0.0026485901325941086
16777216, 0.002658674493432045
16777216, 0.0026306444779038429
16777216, 0.0026404568925499916
16777216, 0.0026489691808819771
16777216, 0.002632705494761467
16777216, 0.0026409383863210678
16777216, 0.0026421286165714264
16777216, 0.0026302766054868698
16777216, 0.0026505831629037857
16777216, 0.0026368238031864166
16777216, 0.0026473654434084892
16777216, 0.0026496639475226402
16777216, 0.0026398953050374985
16777216, 0.0026384778320789337
16777216, 0.0026561776176095009
16777216, 0.0026520909741520882
16777216, 0.0026289410889148712
16777216, 0.00267068762332201
16777216, 0.0026288982480764389
16777216, 0.0026466464623808861
16777216, 0.0026471875607967377
16777216, 0.002668243832886219
16777216, 0.0026378361508250237
16777216, 0.0026484541594982147
16777216, 0.0026673469692468643
16777216, 0.0026372224092483521
16777216, 0.0026310309767723083
16777216, 0.0026309480890631676
16777216, 0.0026418101042509079
16777216, 0.0026500402018427849
16777216, 0.0026490269228816032
16777216, 0.0026734396815299988
16777216, 0.002638951875269413
16777216, 0.0026388661935925484
16777216, 0.0026504583656787872
16777216, 0.0026391847059130669
16777216, 0.0026571657508611679
16777216, 0.0026325900107622147
16777216, 0.0026423446834087372
16777216, 0.0026738066226243973
